src/subapps/dxf-viewer/canvas/DxfCanvasCore.tsx(599,45): error TS2554: Expected 0 arguments, but got 1.
src/subapps/dxf-viewer/canvas/DxfCanvasCore.tsx(602,45): error TS2554: Expected 0 arguments, but got 1.
src/subapps/dxf-viewer/canvas/DxfCanvasCore.tsx(605,47): error TS2554: Expected 0 arguments, but got 1.
src/subapps/dxf-viewer/canvas/DxfCanvasCore.tsx(639,68): error TS2554: Expected 0 arguments, but got 1.
src/subapps/dxf-viewer/canvas/DxfCanvasCore.tsx(666,61): error TS2554: Expected 0 arguments, but got 1.
src/subapps/dxf-viewer/canvas/DxfCanvasCore.tsx(669,50): error TS2554: Expected 0 arguments, but got 1.
src/subapps/dxf-viewer/canvas/DxfCanvasOverlayIntegration.tsx(10,33): error TS2307: Cannot find module './overlay-renderer' or its corresponding type declarations.
src/subapps/dxf-viewer/canvas/DxfCanvasOverlayIntegration.tsx(11,31): error TS2307: Cannot find module '../utils/devlog' or its corresponding type declarations.
src/subapps/dxf-viewer/canvas/DxfCanvasOverlayIntegration.tsx(66,45): error TS2551: Property 'getTransform' does not exist on type 'EntityRenderer'. Did you mean 'setTransform'?
src/subapps/dxf-viewer/canvas/DxfCanvasOverlayIntegration.tsx(71,28): error TS2551: Property 'getTransform' does not exist on type 'EntityRenderer'. Did you mean 'setTransform'?
src/subapps/dxf-viewer/canvas/DxfCanvasOverlayIntegration.tsx(114,43): error TS2551: Property 'getTransform' does not exist on type 'EntityRenderer'. Did you mean 'setTransform'?
src/subapps/dxf-viewer/canvas/engine/createCanvasRenderer.ts(7,10): error TS2305: Module '"../../systems/rulers-grid/config"' has no exported member 'coordTransforms'.
src/subapps/dxf-viewer/canvas/engine/createCanvasRenderer.ts(9,49): error TS2307: Cannot find module './scene-render' or its corresponding type declarations.
src/subapps/dxf-viewer/canvas/engine/createCanvasRenderer.ts(10,40): error TS2307: Cannot find module './transforms' or its corresponding type declarations.
src/subapps/dxf-viewer/canvas/engine/createCanvasRenderer.ts(11,34): error TS2440: Import declaration conflicts with local declaration of 'Bounds'.
src/subapps/dxf-viewer/canvas/engine/createCanvasRenderer.ts(162,5): error TS18047: 'ctx' is possibly 'null'.
src/subapps/dxf-viewer/canvas/engine/createCanvasRenderer.ts(163,5): error TS18047: 'ctx' is possibly 'null'.
src/subapps/dxf-viewer/canvas/engine/createCanvasRenderer.ts(164,5): error TS18047: 'ctx' is possibly 'null'.
src/subapps/dxf-viewer/canvas/engine/createCanvasRenderer.ts(165,5): error TS18047: 'ctx' is possibly 'null'.
src/subapps/dxf-viewer/canvas/engine/createCanvasRenderer.ts(167,5): error TS18047: 'ctx' is possibly 'null'.
src/subapps/dxf-viewer/collaboration/CollaborationManager.ts(3,15): error TS2614: Module '"../../../services/websocket/WebSocketService"' has no exported member 'WebSocketService'. Did you mean to use 'import WebSocketService from "../../../services/websocket/WebSocketService"' instead?
src/subapps/dxf-viewer/components/DestinationWizard.tsx(278,32): error TS2820: Type '"x-large"' is not assignable to type '"small" | "medium" | "large" | undefined'. Did you mean '"large"'?
src/subapps/dxf-viewer/components/dxf-layout/CanvasSection.tsx(403,56): error TS2538: Type 'undefined' cannot be used as an index type.
src/subapps/dxf-viewer/components/dxf-layout/FullscreenView.tsx(25,6): error TS2739: Type '{ dxfFile: File | null; status: Status; onClear: () => void; onViewModeChange: (mode: ViewMode) => void; onCanvasMouseDown: (worldPoint: Point, event: MouseEvent<Element, MouseEvent>) => void; ... 55 more ...; onEntityCreated: (entity: AnySceneEntity) => void; }' is missing the following properties from type 'ToolbarSectionProps': currentStatus, setCurrentStatus, currentKind, setCurrentKind
src/subapps/dxf-viewer/components/dxf-layout/FullscreenView.tsx(71,9): error TS2739: Type '{ dxfFile: File | null; status: Status; onClear: () => void; onViewModeChange: (mode: ViewMode) => void; onCanvasMouseDown: (worldPoint: Point, event: MouseEvent<Element, MouseEvent>) => void; ... 55 more ...; onEntityCreated: (entity: AnySceneEntity) => void; }' is missing the following properties from type '{ overlayMode: OverlayEditorMode; currentStatus: PropertyStatus; currentKind: OverlayKind; }': currentStatus, currentKind
src/subapps/dxf-viewer/components/dxf-layout/StatusBar.tsx(15,3): error TS2344: Type '"entities" | "selectedEntityIds" | "activeTool" | "snapEnabled" | "status" | "onClear" | "measurements" | "onViewModeChange" | "drawingState"' does not satisfy the constraint 'keyof DXFViewerLayoutProps'.
src/subapps/dxf-viewer/components/dxf-layout/StatusBar.tsx(124,10): error TS18046: 'measurements' is of type 'unknown'.
src/subapps/dxf-viewer/components/dxf-layout/StatusBar.tsx(127,46): error TS18046: 'measurements' is of type 'unknown'.
src/subapps/dxf-viewer/components/EnhancedImportWizard.tsx(71,7): error TS2304: Cannot find name 'showModeSelector'.
src/subapps/dxf-viewer/components/EnhancedImportWizard.tsx(71,27): error TS2304: Cannot find name 'selectedFile'.
src/subapps/dxf-viewer/components/EnhancedImportWizard.tsx(74,28): error TS2304: Cannot find name 'colors'.
src/subapps/dxf-viewer/components/EnhancedImportWizard.tsx(76,53): error TS2304: Cannot find name 'colors'.
src/subapps/dxf-viewer/components/EnhancedImportWizard.tsx(76,77): error TS2304: Cannot find name 't'.
src/subapps/dxf-viewer/components/EnhancedImportWizard.tsx(78,16): error TS2304: Cannot find name 't'.
src/subapps/dxf-viewer/components/EnhancedImportWizard.tsx(78,50): error TS2304: Cannot find name 'selectedFile'.
src/subapps/dxf-viewer/components/EnhancedImportWizard.tsx(85,30): error TS2304: Cannot find name 'handleModeSelect'.
src/subapps/dxf-viewer/components/EnhancedImportWizard.tsx(86,103): error TS2554: Expected 1 arguments, but got 2.
src/subapps/dxf-viewer/components/EnhancedImportWizard.tsx(86,122): error TS2304: Cannot find name 'colors'.
src/subapps/dxf-viewer/components/EnhancedImportWizard.tsx(87,25): error TS2304: Cannot find name 'destinations'.
src/subapps/dxf-viewer/components/EnhancedImportWizard.tsx(92,37): error TS2304: Cannot find name 'colors'.
src/subapps/dxf-viewer/components/EnhancedImportWizard.tsx(92,73): error TS2304: Cannot find name 't'.
src/subapps/dxf-viewer/components/EnhancedImportWizard.tsx(94,22): error TS2304: Cannot find name 't'.
src/subapps/dxf-viewer/components/EnhancedImportWizard.tsx(96,20): error TS2304: Cannot find name 'destinations'.
src/subapps/dxf-viewer/components/EnhancedImportWizard.tsx(97,38): error TS2304: Cannot find name 'colors'.
src/subapps/dxf-viewer/components/EnhancedImportWizard.tsx(98,24): error TS2304: Cannot find name 't'.
src/subapps/dxf-viewer/components/EnhancedImportWizard.tsx(107,30): error TS2304: Cannot find name 'handleModeSelect'.
src/subapps/dxf-viewer/components/EnhancedImportWizard.tsx(108,104): error TS2554: Expected 1 arguments, but got 2.
src/subapps/dxf-viewer/components/EnhancedImportWizard.tsx(108,123): error TS2304: Cannot find name 'colors'.
src/subapps/dxf-viewer/components/EnhancedImportWizard.tsx(113,37): error TS2304: Cannot find name 'colors'.
src/subapps/dxf-viewer/components/EnhancedImportWizard.tsx(113,73): error TS2304: Cannot find name 't'.
src/subapps/dxf-viewer/components/EnhancedImportWizard.tsx(115,22): error TS2304: Cannot find name 't'.
src/subapps/dxf-viewer/components/EnhancedImportWizard.tsx(124,24): error TS2304: Cannot find name 'handleWizardClose'.
src/subapps/dxf-viewer/components/EnhancedImportWizard.tsx(127,16): error TS2304: Cannot find name 't'.
src/subapps/dxf-viewer/components/EnhancedImportWizard.tsx(130,16): error TS2304: Cannot find name 't'.
src/subapps/dxf-viewer/components/EnhancedImportWizard.tsx(130,57): error TS2304: Cannot find name 'destinations'.
src/subapps/dxf-viewer/components/EnhancedImportWizard.tsx(139,8): error TS2304: Cannot find name 'selectedFile'.
src/subapps/dxf-viewer/components/EnhancedImportWizard.tsx(142,28): error TS2304: Cannot find name 'colors'.
src/subapps/dxf-viewer/components/EnhancedImportWizard.tsx(145,55): error TS2304: Cannot find name 'colors'.
src/subapps/dxf-viewer/components/EnhancedImportWizard.tsx(145,79): error TS2304: Cannot find name 't'.
src/subapps/dxf-viewer/components/EnhancedImportWizard.tsx(147,26): error TS2304: Cannot find name 'handleWizardClose'.
src/subapps/dxf-viewer/components/EnhancedImportWizard.tsx(150,18): error TS2304: Cannot find name 't'.
src/subapps/dxf-viewer/components/EnhancedImportWizard.tsx(156,133): error TS2554: Expected 1 arguments, but got 2.
src/subapps/dxf-viewer/components/EnhancedImportWizard.tsx(162,29): error TS2304: Cannot find name 'handleFileSelect'.
src/subapps/dxf-viewer/components/EnhancedImportWizard.tsx(169,34): error TS2304: Cannot find name 'colors'.
src/subapps/dxf-viewer/components/EnhancedImportWizard.tsx(169,75): error TS2304: Cannot find name 't'.
src/subapps/dxf-viewer/components/EnhancedImportWizard.tsx(170,66): error TS2304: Cannot find name 't'.
src/subapps/dxf-viewer/components/EnhancedImportWizard.tsx(177,16): error TS2304: Cannot find name 't'.
src/subapps/dxf-viewer/components/EnhancedImportWizard.tsx(186,7): error TS2304: Cannot find name 'importMode'.
src/subapps/dxf-viewer/components/EnhancedImportWizard.tsx(188,8): error TS2304: Cannot find name 'DestinationWizard'.
src/subapps/dxf-viewer/components/EnhancedImportWizard.tsx(190,18): error TS2304: Cannot find name 'handleWizardClose'.
src/subapps/dxf-viewer/components/EnhancedImportWizard.tsx(191,23): error TS2304: Cannot find name 'selectedFile'.
src/subapps/dxf-viewer/components/EnhancedImportWizard.tsx(192,21): error TS2304: Cannot find name 'handleWizardComplete'.
src/subapps/dxf-viewer/components/EnhancedImportWizard.tsx(197,8): error TS2304: Cannot find name 'ImportWizard'.
src/subapps/dxf-viewer/components/EnhancedImportWizard.tsx(199,18): error TS2304: Cannot find name 'handleWizardClose'.
src/subapps/dxf-viewer/components/EnhancedImportWizard.tsx(200,21): error TS2304: Cannot find name 'handleWizardComplete'.
src/subapps/dxf-viewer/components/HierarchicalDestinationSelector.tsx(7,3): error TS2300: Duplicate identifier 'Building'.
src/subapps/dxf-viewer/components/HierarchicalDestinationSelector.tsx(19,24): error TS2300: Duplicate identifier 'Building'.
src/subapps/dxf-viewer/components/modal/ModalContainer.tsx(230,54): error TS2304: Cannot find name 'colors'.
src/subapps/dxf-viewer/components/modal/ModalContainer.tsx(232,42): error TS2304: Cannot find name 'colors'.
src/subapps/dxf-viewer/components/modal/ModalContainer.tsx(236,34): error TS2304: Cannot find name 'colors'.
src/subapps/dxf-viewer/components/modal/ModalLoadingStates.tsx(171,48): error TS2304: Cannot find name 'colors'.
src/subapps/dxf-viewer/components/shared/BaseModal.tsx(241,21): error TS2304: Cannot find name 'colors'.
src/subapps/dxf-viewer/components/SimpleProjectDialog.styles.ts(11,10): error TS2305: Module '"@/styles/design-tokens"' has no exported member 'dialogComponents'.
src/subapps/dxf-viewer/components/SimpleProjectDialog.tsx(384,106): error TS2345: Argument of type '{ projectId: string; buildingId: string | undefined; type: "unit" | "building" | "storage" | "parking" | "project"; scene: SceneModel; fileName: string; timestamp: number; }' is not assignable to parameter of type 'FloorplanData'.
src/subapps/dxf-viewer/components/SimpleProjectDialog.tsx(391,52): error TS2345: Argument of type '{ projectId: string; buildingId: string | undefined; type: "unit" | "building" | "storage" | "parking" | "project"; scene: SceneModel; fileName: string; timestamp: number; }' is not assignable to parameter of type 'FloorplanData'.
src/subapps/dxf-viewer/components/SimpleProjectDialog.tsx(393,52): error TS2345: Argument of type '{ projectId: string; buildingId: string | undefined; type: "unit" | "building" | "storage" | "parking" | "project"; scene: SceneModel; fileName: string; timestamp: number; }' is not assignable to parameter of type 'FloorplanData'.
src/subapps/dxf-viewer/components/StorageStatus.tsx(3,35): error TS2307: Cannot find module './StorageErrorBoundary' or its corresponding type declarations.
src/subapps/dxf-viewer/components/StorageStatus.tsx(146,56): error TS2304: Cannot find name 'colors'.
src/subapps/dxf-viewer/components/StorageStatus.tsx(147,29): error TS2304: Cannot find name 'iconSizes'.
src/subapps/dxf-viewer/config/color-config.ts(212,14): error TS7022: 'UI_COLORS' implicitly has type 'any' because it does not have a type annotation and is referenced directly or indirectly in its own initializer.
src/subapps/dxf-viewer/config/color-config.ts(214,3): error TS2448: Block-scoped variable 'CAD_UI_COLORS' used before its declaration.
src/subapps/dxf-viewer/config/color-config.ts(214,3): error TS2454: Variable 'CAD_UI_COLORS' is used before being assigned.
src/subapps/dxf-viewer/config/color-config.ts(215,3): error TS2448: Block-scoped variable 'LEGACY_COLORS' used before its declaration.
src/subapps/dxf-viewer/config/color-config.ts(367,14): error TS7022: 'LEGACY_COLORS' implicitly has type 'any' because it does not have a type annotation and is referenced directly or indirectly in its own initializer.
src/subapps/dxf-viewer/config/modal-colors.ts(81,39): error TS2551: Property 'BORDER_INFO_PRIMARY' does not exist on type '{ readonly BG_PRIMARY: "bg-background"; readonly BG_SECONDARY: "bg-muted"; readonly BG_TERTIARY: "bg-card"; readonly BG_HOVER: "hover:bg-gray-600"; readonly TEXT_PRIMARY: "text-white"; ... 23 more ...; readonly FOCUS_RING: "blue-400"; }'. Did you mean 'BORDER_PRIMARY'?
src/subapps/dxf-viewer/config/modal-colors.ts(82,41): error TS2551: Property 'BORDER_INFO_SECONDARY' does not exist on type '{ readonly BG_PRIMARY: "bg-background"; readonly BG_SECONDARY: "bg-muted"; readonly BG_TERTIARY: "bg-card"; readonly BG_HOVER: "hover:bg-gray-600"; readonly TEXT_PRIMARY: "text-white"; ... 23 more ...; readonly FOCUS_RING: "blue-400"; }'. Did you mean 'BORDER_SECONDARY'?
src/subapps/dxf-viewer/config/modal-colors.ts(120,41): error TS2551: Property 'BORDER_WARNING_SECONDARY' does not exist on type '{ readonly BG_PRIMARY: "bg-background"; readonly BG_SECONDARY: "bg-muted"; readonly BG_TERTIARY: "bg-card"; readonly BG_HOVER: "hover:bg-gray-600"; readonly TEXT_PRIMARY: "text-white"; ... 23 more ...; readonly FOCUS_RING: "blue-400"; }'. Did you mean 'BORDER_SECONDARY'?
src/subapps/dxf-viewer/config/modal-colors.ts(138,39): error TS2551: Property 'BORDER_ERROR_PRIMARY' does not exist on type '{ readonly BG_PRIMARY: "bg-background"; readonly BG_SECONDARY: "bg-muted"; readonly BG_TERTIARY: "bg-card"; readonly BG_HOVER: "hover:bg-gray-600"; readonly TEXT_PRIMARY: "text-white"; ... 23 more ...; readonly FOCUS_RING: "blue-400"; }'. Did you mean 'BORDER_PRIMARY'?
src/subapps/dxf-viewer/config/modal-colors.ts(139,41): error TS2551: Property 'BORDER_ERROR_SECONDARY' does not exist on type '{ readonly BG_PRIMARY: "bg-background"; readonly BG_SECONDARY: "bg-muted"; readonly BG_TERTIARY: "bg-card"; readonly BG_HOVER: "hover:bg-gray-600"; readonly TEXT_PRIMARY: "text-white"; ... 23 more ...; readonly FOCUS_RING: "blue-400"; }'. Did you mean 'BORDER_SECONDARY'?
src/subapps/dxf-viewer/config/modal-colors.ts(240,50): error TS2551: Property 'BORDER_INFO_SECONDARY' does not exist on type '{ readonly BG_PRIMARY: "bg-background"; readonly BG_SECONDARY: "bg-muted"; readonly BG_TERTIARY: "bg-card"; readonly BG_HOVER: "hover:bg-gray-600"; readonly TEXT_PRIMARY: "text-white"; ... 23 more ...; readonly FOCUS_RING: "blue-400"; }'. Did you mean 'BORDER_SECONDARY'?
src/subapps/dxf-viewer/config/modal-colors.ts(242,55): error TS2551: Property 'BORDER_WARNING_SECONDARY' does not exist on type '{ readonly BG_PRIMARY: "bg-background"; readonly BG_SECONDARY: "bg-muted"; readonly BG_TERTIARY: "bg-card"; readonly BG_HOVER: "hover:bg-gray-600"; readonly TEXT_PRIMARY: "text-white"; ... 23 more ...; readonly FOCUS_RING: "blue-400"; }'. Did you mean 'BORDER_SECONDARY'?
src/subapps/dxf-viewer/config/modal-colors.ts(243,50): error TS2551: Property 'BORDER_ERROR_SECONDARY' does not exist on type '{ readonly BG_PRIMARY: "bg-background"; readonly BG_SECONDARY: "bg-muted"; readonly BG_TERTIARY: "bg-card"; readonly BG_HOVER: "hover:bg-gray-600"; readonly TEXT_PRIMARY: "text-white"; ... 23 more ...; readonly FOCUS_RING: "blue-400"; }'. Did you mean 'BORDER_SECONDARY'?
src/subapps/dxf-viewer/config/modal-config.ts(107,83): error TS2551: Property 'BORDER_ERROR_PRIMARY' does not exist on type '{ readonly BG_PRIMARY: "bg-background"; readonly BG_SECONDARY: "bg-muted"; readonly BG_TERTIARY: "bg-card"; readonly BG_HOVER: "hover:bg-gray-600"; readonly TEXT_PRIMARY: "text-white"; ... 23 more ...; readonly FOCUS_RING: "blue-400"; }'. Did you mean 'BORDER_PRIMARY'?
src/subapps/dxf-viewer/config/modal-config.ts(109,38): error TS2551: Property 'BORDER_ERROR_PRIMARY' does not exist on type '{ readonly BG_PRIMARY: "bg-background"; readonly BG_SECONDARY: "bg-muted"; readonly BG_TERTIARY: "bg-card"; readonly BG_HOVER: "hover:bg-gray-600"; readonly TEXT_PRIMARY: "text-white"; ... 23 more ...; readonly FOCUS_RING: "blue-400"; }'. Did you mean 'BORDER_PRIMARY'?
src/subapps/dxf-viewer/config/modal-config.ts(110,38): error TS2551: Property 'BORDER_ERROR_PRIMARY' does not exist on type '{ readonly BG_PRIMARY: "bg-background"; readonly BG_SECONDARY: "bg-muted"; readonly BG_TERTIARY: "bg-card"; readonly BG_HOVER: "hover:bg-gray-600"; readonly TEXT_PRIMARY: "text-white"; ... 23 more ...; readonly FOCUS_RING: "blue-400"; }'. Did you mean 'BORDER_PRIMARY'?
src/subapps/dxf-viewer/config/modal-select-old.ts(1328,10): error TS2304: Cannot find name 'MODAL_SELECT_NAVIGATION_LEVEL_TITLES'.
src/subapps/dxf-viewer/config/modal-select-old.ts(1336,10): error TS2304: Cannot find name 'MODAL_SELECT_NAVIGATION_BASE_LABELS'.
src/subapps/dxf-viewer/config/modal-select-old.ts(1344,10): error TS2304: Cannot find name 'MODAL_SELECT_NAVIGATION_SEARCH_PLACEHOLDERS'.
src/subapps/dxf-viewer/config/modal-select-old.ts(1352,10): error TS2304: Cannot find name 'MODAL_SELECT_NAVIGATION_TOOLTIPS'.
src/subapps/dxf-viewer/config/modal-select-old.ts(1360,10): error TS2304: Cannot find name 'MODAL_SELECT_NAVIGATION_FILTER_CATEGORIES'.
src/subapps/dxf-viewer/config/modal-select/core/styles/select-styles.ts(55,75): error TS2551: Property 'BORDER_ERROR_SECONDARY' does not exist on type '{ readonly BG_PRIMARY: "bg-background"; readonly BG_SECONDARY: "bg-muted"; readonly BG_TERTIARY: "bg-card"; readonly BG_HOVER: "hover:bg-gray-600"; readonly TEXT_PRIMARY: "text-white"; ... 23 more ...; readonly FOCUS_RING: "blue-400"; }'. Did you mean 'BORDER_SECONDARY'?
src/subapps/dxf-viewer/config/modal-select/core/styles/select-styles.ts(56,68): error TS2551: Property 'BORDER_ERROR_SECONDARY' does not exist on type '{ readonly BG_PRIMARY: "bg-background"; readonly BG_SECONDARY: "bg-muted"; readonly BG_TERTIARY: "bg-card"; readonly BG_HOVER: "hover:bg-gray-600"; readonly TEXT_PRIMARY: "text-white"; ... 23 more ...; readonly FOCUS_RING: "blue-400"; }'. Did you mean 'BORDER_SECONDARY'?
src/subapps/dxf-viewer/config/modal-select/core/styles/select-styles.ts(63,71): error TS2551: Property 'BORDER_WARNING_SECONDARY' does not exist on type '{ readonly BG_PRIMARY: "bg-background"; readonly BG_SECONDARY: "bg-muted"; readonly BG_TERTIARY: "bg-card"; readonly BG_HOVER: "hover:bg-gray-600"; readonly TEXT_PRIMARY: "text-white"; ... 23 more ...; readonly FOCUS_RING: "blue-400"; }'. Did you mean 'BORDER_SECONDARY'?
src/subapps/dxf-viewer/config/modal-select/core/styles/select-styles.ts(64,64): error TS2551: Property 'BORDER_WARNING_SECONDARY' does not exist on type '{ readonly BG_PRIMARY: "bg-background"; readonly BG_SECONDARY: "bg-muted"; readonly BG_TERTIARY: "bg-card"; readonly BG_HOVER: "hover:bg-gray-600"; readonly TEXT_PRIMARY: "text-white"; ... 23 more ...; readonly FOCUS_RING: "blue-400"; }'. Did you mean 'BORDER_SECONDARY'?
src/subapps/dxf-viewer/config/settings-config.ts(134,27): error TS2307: Cannot find module '../ui/components/dxf-settings/DxfSettingsPanel' or its corresponding type declarations.
src/subapps/dxf-viewer/config/settings-config.ts(142,27): error TS2307: Cannot find module '../ui/hooks/useConsolidatedSettings' or its corresponding type declarations.
src/subapps/dxf-viewer/contexts/CanvasContext.tsx(5,49): error TS2307: Cannot find module '../canvas/OverlayCanvasCore' or its corresponding type declarations.
src/subapps/dxf-viewer/contexts/CanvasContext.tsx(6,15): error TS2305: Module '"../types/scene"' has no exported member 'ViewTransform'.
src/subapps/dxf-viewer/contexts/LineConstants.tsx(76,15): error TS2304: Cannot find name 'LineType'.
src/subapps/dxf-viewer/contexts/LineConstants.tsx(82,14): error TS2304: Cannot find name 'LineCapStyle'.
src/subapps/dxf-viewer/contexts/LineConstants.tsx(83,15): error TS2304: Cannot find name 'LineJoinStyle'.
src/subapps/dxf-viewer/contexts/LineConstants.tsx(86,16): error TS2304: Cannot find name 'LineType'.
src/subapps/dxf-viewer/contexts/LineConstants.tsx(90,16): error TS2304: Cannot find name 'LineType'.
src/subapps/dxf-viewer/contexts/LineSettingsContext.tsx(7,33): error TS2307: Cannot find module '../providers/ConfigurationProvider' or its corresponding type declarations.
src/subapps/dxf-viewer/contexts/ProjectHierarchyContext.tsx(154,49): error TS7006: Parameter 'unique' implicitly has an 'any' type.
src/subapps/dxf-viewer/contexts/ProjectHierarchyContext.tsx(154,57): error TS7006: Parameter 'company' implicitly has an 'any' type.
src/subapps/dxf-viewer/contexts/ProjectHierarchyContext.tsx(156,43): error TS7006: Parameter 'c' implicitly has an 'any' type.
src/subapps/dxf-viewer/contexts/ProjectHierarchyContext.tsx(158,45): error TS7006: Parameter 'c' implicitly has an 'any' type.
src/subapps/dxf-viewer/contexts/ProjectHierarchyContext.tsx(168,30): error TS7006: Parameter 'u' implicitly has an 'any' type.
src/subapps/dxf-viewer/contexts/ProjectHierarchyContext.tsx(260,53): error TS7006: Parameter 'project' implicitly has an 'any' type.
src/subapps/dxf-viewer/contexts/TextSettingsContext.tsx(5,33): error TS2307: Cannot find module '../providers/ConfigurationProvider' or its corresponding type declarations.
src/subapps/dxf-viewer/core/spatial/GridSpatialIndex.ts(37,24): error TS1361: 'SpatialIndexType' cannot be used as a value because it was imported using 'import type'.
src/subapps/dxf-viewer/core/spatial/index.ts(52,43): error TS2304: Cannot find name 'SpatialBounds'.
src/subapps/dxf-viewer/core/spatial/index.ts(61,37): error TS2304: Cannot find name 'SpatialItem'.
src/subapps/dxf-viewer/core/spatial/ISpatialIndex.ts(273,19): error TS2391: Function implementation is missing or not immediately following the declaration.
src/subapps/dxf-viewer/core/spatial/ISpatialIndex.ts(274,19): error TS2391: Function implementation is missing or not immediately following the declaration.
src/subapps/dxf-viewer/core/spatial/ISpatialIndex.ts(275,19): error TS2391: Function implementation is missing or not immediately following the declaration.
src/subapps/dxf-viewer/core/spatial/ISpatialIndex.ts(276,19): error TS2391: Function implementation is missing or not immediately following the declaration.
src/subapps/dxf-viewer/core/spatial/ISpatialIndex.ts(277,19): error TS2391: Function implementation is missing or not immediately following the declaration.
src/subapps/dxf-viewer/core/spatial/ISpatialIndex.ts(278,19): error TS2391: Function implementation is missing or not immediately following the declaration.
src/subapps/dxf-viewer/core/spatial/QuadTreeSpatialIndex.ts(38,24): error TS1361: 'SpatialIndexType' cannot be used as a value because it was imported using 'import type'.
src/subapps/dxf-viewer/debug/DebugToolbar.tsx(291,149): error TS2551: Property 'PRIMARY_BUTTON' does not exist on type '{ readonly LIGHT: "hover:bg-card dark:hover:bg-slate-800/50"; readonly GRAY_LIGHT: "hover:bg-gray-100 dark:hover:bg-slate-800/30"; readonly MUTED: "hover:bg-muted/50"; readonly ACCENT: "hover:bg-accent/50"; ... 34 more ...; readonly GRADIENT_PURPLE_PINK: "bg-gradient-to-br from-purple-500 via-pink-500 to-purple-600"...'. Did you mean 'GRAY_BUTTON'?
src/subapps/dxf-viewer/debug/DebugToolbar.tsx(323,149): error TS2551: Property 'PRIMARY_BUTTON' does not exist on type '{ readonly LIGHT: "hover:bg-card dark:hover:bg-slate-800/50"; readonly GRAY_LIGHT: "hover:bg-gray-100 dark:hover:bg-slate-800/30"; readonly MUTED: "hover:bg-muted/50"; readonly ACCENT: "hover:bg-accent/50"; ... 34 more ...; readonly GRADIENT_PURPLE_PINK: "bg-gradient-to-br from-purple-500 via-pink-500 to-purple-600"...'. Did you mean 'GRAY_BUTTON'?
src/subapps/dxf-viewer/debug/DebugToolbar.tsx(381,149): error TS2551: Property 'PRIMARY_BUTTON' does not exist on type '{ readonly LIGHT: "hover:bg-card dark:hover:bg-slate-800/50"; readonly GRAY_LIGHT: "hover:bg-gray-100 dark:hover:bg-slate-800/30"; readonly MUTED: "hover:bg-muted/50"; readonly ACCENT: "hover:bg-accent/50"; ... 34 more ...; readonly GRADIENT_PURPLE_PINK: "bg-gradient-to-br from-purple-500 via-pink-500 to-purple-600"...'. Did you mean 'GRAY_BUTTON'?
src/subapps/dxf-viewer/debug/DebugToolbar.tsx(424,149): error TS2551: Property 'PRIMARY_BUTTON' does not exist on type '{ readonly LIGHT: "hover:bg-card dark:hover:bg-slate-800/50"; readonly GRAY_LIGHT: "hover:bg-gray-100 dark:hover:bg-slate-800/30"; readonly MUTED: "hover:bg-muted/50"; readonly ACCENT: "hover:bg-accent/50"; ... 34 more ...; readonly GRADIENT_PURPLE_PINK: "bg-gradient-to-br from-purple-500 via-pink-500 to-purple-600"...'. Did you mean 'GRAY_BUTTON'?
src/subapps/dxf-viewer/debug/DebugToolbar.tsx(502,149): error TS2551: Property 'PRIMARY_BUTTON' does not exist on type '{ readonly LIGHT: "hover:bg-card dark:hover:bg-slate-800/50"; readonly GRAY_LIGHT: "hover:bg-gray-100 dark:hover:bg-slate-800/30"; readonly MUTED: "hover:bg-muted/50"; readonly ACCENT: "hover:bg-accent/50"; ... 34 more ...; readonly GRADIENT_PURPLE_PINK: "bg-gradient-to-br from-purple-500 via-pink-500 to-purple-600"...'. Did you mean 'GRAY_BUTTON'?
src/subapps/dxf-viewer/debug/grid-workflow-test.ts(5,10): error TS2300: Duplicate identifier 'UI_COLORS'.
src/subapps/dxf-viewer/debug/grid-workflow-test.ts(14,10): error TS2300: Duplicate identifier 'UI_COLORS'.
src/subapps/dxf-viewer/debug/loggers/SnapDebugLogger.ts(133,7): error TS2740: Type 'SnapOrchestratorStats' is missing the following properties from type 'SnapEngineStats': totalSnapAttempts, successfulSnaps, snapsByType, averageSearchTime, and 2 more.
src/subapps/dxf-viewer/debug/RulerDebugOverlay.ts(55,19): error TS2540: Cannot assign to 'enabled' because it is a read-only property.
src/subapps/dxf-viewer/debug/RulerDebugOverlay.ts(65,19): error TS2540: Cannot assign to 'enabled' because it is a read-only property.
src/subapps/dxf-viewer/debug/store-sync-test.ts(657,35): error TS2345: Argument of type '{ line: () => { enabled: boolean; lineType: "solid"; lineWidth: number; color: any; opacity: number; dashScale: number; dashOffset: number; lineCap: "round"; lineJoin: "round"; breakAtCenter: boolean; ... 8 more ...; activeTemplate: null; }; text: () => { ...; }; grip: () => { ...; }; }' is not assignable to parameter of type 'EffectiveSettingsGetter'.
src/subapps/dxf-viewer/debug/TestResultsModal.tsx(374,73): error TS2304: Cannot find name 'getStatusBorder'.
src/subapps/dxf-viewer/debug/TestResultsModal.tsx(392,49): error TS2304: Cannot find name 'getStatusBorder'.
src/subapps/dxf-viewer/debug/TestResultsModal.tsx(392,79): error TS2304: Cannot find name 'getDirectionalBorder'.
src/subapps/dxf-viewer/hooks/common/useProSnapIntegration.ts(7,10): error TS2724: '"../../systems/rulers-grid/config"' has no exported member named 'getGridSettings'. Did you mean 'GridSettings'?
src/subapps/dxf-viewer/hooks/common/useProSnapIntegration.ts(113,5): error TS2739: Type '{ enabled: boolean; modes: ExtendedSnapType[]; entityCount: number; lastUpdate: number; }' is missing the following properties from type '{ enabledModes: number; totalEntities: number; lastUpdate: number; }': enabledModes, totalEntities
src/subapps/dxf-viewer/hooks/common/useToolbarState.ts(13,15): error TS2305: Module '"../../types/measurements"' has no exported member 'MeasurementType'.
src/subapps/dxf-viewer/hooks/drawing/useEntityCreation.ts(70,55): error TS2304: Cannot find name 'layerManager'.
src/subapps/dxf-viewer/hooks/drawing/useUnifiedDrawing.ts(55,18): error TS2430: Interface 'ExtendedPolylineEntity' incorrectly extends interface 'PolylineEntity'.
src/subapps/dxf-viewer/hooks/drawing/useUnifiedDrawing.ts(72,18): error TS2430: Interface 'ExtendedLineEntity' incorrectly extends interface 'LineEntity'.
src/subapps/dxf-viewer/hooks/drawing/useUnifiedDrawing.ts(506,17): error TS2322: Type '{ preview: true; showEdgeDistances: true; showPreviewGrips: true; measurement: true; type: "polyline"; vertices: Point2D[]; closed?: boolean; lineWidth?: number; lineStyle?: string; id: string; ... 16 more ...; breakAtCenter?: boolean; }' is not assignable to type 'ExtendedPolylineEntity'.
src/subapps/dxf-viewer/hooks/grips/useEntityGripInteraction.ts(338,16): error TS18048: 'corner1' is possibly 'undefined'.
src/subapps/dxf-viewer/hooks/grips/useEntityGripInteraction.ts(339,16): error TS18048: 'corner1' is possibly 'undefined'.
src/subapps/dxf-viewer/hooks/grips/useEntityGripInteraction.ts(347,16): error TS18048: 'corner2' is possibly 'undefined'.
src/subapps/dxf-viewer/hooks/grips/useEntityGripInteraction.ts(348,16): error TS18048: 'corner2' is possibly 'undefined'.
src/subapps/dxf-viewer/hooks/grips/useEntityGripInteraction.ts(355,25): error TS18048: 'corner1' is possibly 'undefined'.
src/subapps/dxf-viewer/hooks/grips/useEntityGripInteraction.ts(355,39): error TS18048: 'corner1' is possibly 'undefined'.
src/subapps/dxf-viewer/hooks/grips/useEntityGripInteraction.ts(356,25): error TS18048: 'corner2' is possibly 'undefined'.
src/subapps/dxf-viewer/hooks/grips/useEntityGripInteraction.ts(356,49): error TS18048: 'corner2' is possibly 'undefined'.
src/subapps/dxf-viewer/hooks/grips/useEntityGripInteraction.ts(362,25): error TS18048: 'corner1' is possibly 'undefined'.
src/subapps/dxf-viewer/hooks/grips/useEntityGripInteraction.ts(362,49): error TS18048: 'corner1' is possibly 'undefined'.
src/subapps/dxf-viewer/hooks/grips/useEntityGripInteraction.ts(363,25): error TS18048: 'corner2' is possibly 'undefined'.
src/subapps/dxf-viewer/hooks/grips/useEntityGripInteraction.ts(363,39): error TS18048: 'corner2' is possibly 'undefined'.
src/subapps/dxf-viewer/hooks/grips/useEntityGripInteraction.ts(372,25): error TS18048: 'draggedGrip.gripIndex' is possibly 'undefined'.
src/subapps/dxf-viewer/hooks/grips/useEntityGripInteraction.ts(378,25): error TS18048: 'corner1' is possibly 'undefined'.
src/subapps/dxf-viewer/hooks/grips/useEntityGripInteraction.ts(378,39): error TS18048: 'corner1' is possibly 'undefined'.
src/subapps/dxf-viewer/hooks/grips/useEntityGripInteraction.ts(384,25): error TS18048: 'corner2' is possibly 'undefined'.
src/subapps/dxf-viewer/hooks/grips/useEntityGripInteraction.ts(384,49): error TS18048: 'corner2' is possibly 'undefined'.
src/subapps/dxf-viewer/hooks/grips/useEntityGripInteraction.ts(390,25): error TS18048: 'corner2' is possibly 'undefined'.
src/subapps/dxf-viewer/hooks/grips/useEntityGripInteraction.ts(390,39): error TS18048: 'corner2' is possibly 'undefined'.
src/subapps/dxf-viewer/hooks/grips/useEntityGripInteraction.ts(396,25): error TS18048: 'corner1' is possibly 'undefined'.
src/subapps/dxf-viewer/hooks/grips/useEntityGripInteraction.ts(396,49): error TS18048: 'corner1' is possibly 'undefined'.
src/subapps/dxf-viewer/hooks/grips/useGripSettings.ts(12,35): error TS2307: Cannot find module '../../../utils/overrideGuard' or its corresponding type declarations.
src/subapps/dxf-viewer/hooks/interfaces/useCanvasOperations.ts(8,15): error TS2305: Module '"../../types/scene"' has no exported member 'Point2D'.
src/subapps/dxf-viewer/hooks/interfaces/useCanvasOperations.ts(8,24): error TS2305: Module '"../../types/scene"' has no exported member 'ViewTransform'.
src/subapps/dxf-viewer/hooks/interfaces/useCanvasOperations.ts(58,26): error TS2551: Property 'setTransform' does not exist on type 'DxfCanvasImperativeAPI'. Did you mean 'getTransform'?
src/subapps/dxf-viewer/hooks/interfaces/useCanvasOperations.ts(59,22): error TS2551: Property 'setTransform' does not exist on type 'DxfCanvasImperativeAPI'. Did you mean 'getTransform'?
src/subapps/dxf-viewer/hooks/scene/useSceneState.ts(54,48): error TS2304: Cannot find name 'AnySceneEntity'.
src/subapps/dxf-viewer/hooks/test-new-hooks.tsx(10,39): error TS2307: Cannot find module '../providers/ConfigurationProvider' or its corresponding type declarations.
src/subapps/dxf-viewer/hooks/useDxfViewerState.ts(11,34): error TS2307: Cannot find module './useUnifiedDrawing' or its corresponding type declarations.
src/subapps/dxf-viewer/hooks/useEntityStyles.ts(82,12): error TS2352: Conversion of type 'LineSettings' to type 'EntityStylesHookResult<EntitySettingsMap[T]>' may be a mistake because neither type sufficiently overlaps with the other. If this was intentional, convert the expression to 'unknown' first.
src/subapps/dxf-viewer/hooks/useEntityStyles.ts(84,12): error TS2352: Conversion of type 'TextSettings' to type 'EntityStylesHookResult<EntitySettingsMap[T]>' may be a mistake because neither type sufficiently overlaps with the other. If this was intentional, convert the expression to 'unknown' first.
src/subapps/dxf-viewer/hooks/useEntityStyles.ts(86,12): error TS2352: Conversion of type 'GripSettings' to type 'EntityStylesHookResult<EntitySettingsMap[T]>' may be a mistake because neither type sufficiently overlaps with the other. If this was intentional, convert the expression to 'unknown' first.
src/subapps/dxf-viewer/hooks/useKeyboardShortcuts.ts(71,102): error TS2551: Property 'selectedOverlayId' does not exist on type '{ getByLevel: (levelId: string) => Overlay[]; add: (overlay: CreateOverlayData) => Promise<string>; update: (id: string, patch: Partial<Pick<Overlay, "style" | ... 4 more ... | "linked">>) => Promise<...>; remove: (id: string) => Promise<...>; setSelectedOverlay: (id: string | null) => void; }'. Did you mean 'setSelectedOverlay'?
src/subapps/dxf-viewer/hooks/useKeyboardShortcuts.ts(73,42): error TS2551: Property 'selectedOverlayId' does not exist on type '{ getByLevel: (levelId: string) => Overlay[]; add: (overlay: CreateOverlayData) => Promise<string>; update: (id: string, patch: Partial<Pick<Overlay, "style" | ... 4 more ... | "linked">>) => Promise<...>; remove: (id: string) => Promise<...>; setSelectedOverlay: (id: string | null) => void; }'. Did you mean 'setSelectedOverlay'?
src/subapps/dxf-viewer/hooks/useKeyboardShortcuts.ts(115,30): error TS2554: Expected 0 arguments, but got 1.
src/subapps/dxf-viewer/hooks/useKeyboardShortcuts.ts(117,31): error TS2554: Expected 0 arguments, but got 1.
src/subapps/dxf-viewer/hooks/useOverlayDrawing.ts(16,7): error TS2739: Type '{ 'for-sale': string; 'for-rent': string; reserved: string; sold: string; landowner: string; }' is missing the following properties from type 'Record<PropertyStatus, string>': rented, "under-negotiation", "coming-soon", "off-market", unavailable
src/subapps/dxf-viewer/hooks/useOverlayDrawing.ts(65,5): error TS2353: Object literal may only specify known properties, and 'enabled' does not exist in type 'UseSnapManagerOptions'.
src/subapps/dxf-viewer/hooks/useOverlayDrawing.ts(103,10): error TS18047: 'levelManager' is possibly 'null'.
src/subapps/dxf-viewer/hooks/useOverlayDrawing.ts(103,23): error TS2551: Property 'currentLevelId' does not exist on type '{ getCurrentLevel: () => { id: string; } | null; setLevelScene: (levelId: string, scene: SceneModel) => void; getLevelScene: (levelId: string) => SceneModel | null; }'. Did you mean 'getCurrentLevel'?
src/subapps/dxf-viewer/hooks/useOverlayDrawing.ts(113,31): error TS18047: 'overlayStore' is possibly 'null'.
src/subapps/dxf-viewer/hooks/useOverlayDrawing.ts(114,18): error TS18047: 'levelManager' is possibly 'null'.
src/subapps/dxf-viewer/hooks/useOverlayDrawing.ts(114,31): error TS2551: Property 'currentLevelId' does not exist on type '{ getCurrentLevel: () => { id: string; } | null; setLevelScene: (levelId: string, scene: SceneModel) => void; getLevelScene: (levelId: string) => SceneModel | null; }'. Did you mean 'getCurrentLevel'?
src/subapps/dxf-viewer/hooks/useOverlayDrawing.ts(124,7): error TS18047: 'overlayStore' is possibly 'null'.
src/subapps/dxf-viewer/hooks/useOverlayDrawing.ts(130,35): error TS18047: 'levelManager' is possibly 'null'.
src/subapps/dxf-viewer/hooks/useOverlayDrawing.ts(130,48): error TS2551: Property 'currentLevelId' does not exist on type '{ getCurrentLevel: () => { id: string; } | null; setLevelScene: (levelId: string, scene: SceneModel) => void; getLevelScene: (levelId: string) => SceneModel | null; }'. Did you mean 'getCurrentLevel'?
src/subapps/dxf-viewer/hooks/useOverlayDrawing.ts(135,46): error TS18047: 'levelManager' is possibly 'null'.
src/subapps/dxf-viewer/hooks/useOverlayDrawing.ts(135,59): error TS2551: Property 'currentLevelId' does not exist on type '{ getCurrentLevel: () => { id: string; } | null; setLevelScene: (levelId: string, scene: SceneModel) => void; getLevelScene: (levelId: string) => SceneModel | null; }'. Did you mean 'getCurrentLevel'?
src/subapps/dxf-viewer/hooks/useOverlayDrawing.ts(146,5): error TS18047: 'overlayStore' is possibly 'null'.
src/subapps/dxf-viewer/hooks/useOverlayDrawing.ts(152,46): error TS18047: 'levelManager' is possibly 'null'.
src/subapps/dxf-viewer/hooks/useOverlayDrawing.ts(152,59): error TS2551: Property 'currentLevelId' does not exist on type '{ getCurrentLevel: () => { id: string; } | null; setLevelScene: (levelId: string, scene: SceneModel) => void; getLevelScene: (levelId: string) => SceneModel | null; }'. Did you mean 'getCurrentLevel'?
src/subapps/dxf-viewer/hooks/useOverlayDrawing.ts(159,5): error TS18047: 'overlayStore' is possibly 'null'.
src/subapps/dxf-viewer/hooks/useSelectionSystem.ts(22,10): error TS2352: Conversion of type 'SelectionContextType' to type 'SelectionState & SelectionActions & FilterState & FilterActions & ViewActions' may be a mistake because neither type sufficiently overlaps with the other. If this was intentional, convert the expression to 'unknown' first.
src/subapps/dxf-viewer/integration/types.ts(14,18): error TS2430: Interface 'DXFViewerLayoutProps' incorrectly extends interface '{ gripSettings: GripSettings; activeTool: ToolType; setActiveTool: Dispatch<SetStateAction<ToolType>>; handleToolChange: (tool: ToolType) => void; ... 31 more ...; handleFileImport: (file: File) => Promise<...>; }'.
src/subapps/dxf-viewer/io/dxf-import.ts(5,30): error TS2312: An interface can only extend an object type or intersection of object types with statically known members.
src/subapps/dxf-viewer/io/dxf-import.ts(11,34): error TS2312: An interface can only extend an object type or intersection of object types with statically known members.
src/subapps/dxf-viewer/io/dxf-import.ts(16,32): error TS2312: An interface can only extend an object type or intersection of object types with statically known members.
src/subapps/dxf-viewer/io/dxf-import.ts(22,29): error TS2312: An interface can only extend an object type or intersection of object types with statically known members.
src/subapps/dxf-viewer/io/dxf-import.ts(28,30): error TS2312: An interface can only extend an object type or intersection of object types with statically known members.
src/subapps/dxf-viewer/io/dxf-import.ts(35,31): error TS2312: An interface can only extend an object type or intersection of object types with statically known members.
src/subapps/dxf-viewer/jest.config.ts(137,7): error TS2353: Object literal may only specify known properties, and 'testTimeout' does not exist in type 'InitialProjectOptions'.
src/subapps/dxf-viewer/jest.config.ts(145,7): error TS2353: Object literal may only specify known properties, and 'testTimeout' does not exist in type 'InitialProjectOptions'.
src/subapps/dxf-viewer/jest.config.ts(154,7): error TS2353: Object literal may only specify known properties, and 'testTimeout' does not exist in type 'InitialProjectOptions'.
src/subapps/dxf-viewer/layout/CadDock.tsx(132,9): error TS2353: Object literal may only specify known properties, and 'contentComponent' does not exist in type '{ params?: Parameters | undefined; id: string; title?: string | undefined; component: string; tabComponent?: string | undefined; renderer?: DockviewPanelRenderer | undefined; inactive?: boolean | undefined; initialWidth?: number | undefined; initialHeight?: number | undefined; } & Partial<...> & Partial<...>'.
src/subapps/dxf-viewer/layout/CadDock.tsx(140,9): error TS2353: Object literal may only specify known properties, and 'contentComponent' does not exist in type '{ params?: Parameters | undefined; id: string; title?: string | undefined; component: string; tabComponent?: string | undefined; renderer?: DockviewPanelRenderer | undefined; inactive?: boolean | undefined; initialWidth?: number | undefined; initialHeight?: number | undefined; } & Partial<...> & Partial<...>'.
src/subapps/dxf-viewer/layout/CadDock.tsx(148,9): error TS2353: Object literal may only specify known properties, and 'contentComponent' does not exist in type '{ params?: Parameters | undefined; id: string; title?: string | undefined; component: string; tabComponent?: string | undefined; renderer?: DockviewPanelRenderer | undefined; inactive?: boolean | undefined; initialWidth?: number | undefined; initialHeight?: number | undefined; } & Partial<...> & Partial<...>'.
src/subapps/dxf-viewer/layout/CadDock.tsx(156,9): error TS2353: Object literal may only specify known properties, and 'contentComponent' does not exist in type '{ params?: Parameters | undefined; id: string; title?: string | undefined; component: string; tabComponent?: string | undefined; renderer?: DockviewPanelRenderer | undefined; inactive?: boolean | undefined; initialWidth?: number | undefined; initialHeight?: number | undefined; } & Partial<...> & Partial<...>'.
src/subapps/dxf-viewer/layout/SidebarSection.tsx(60,40): error TS2304: Cannot find name 'ToolType'.
src/subapps/dxf-viewer/managers/SceneUpdateManager.ts(10,15): error TS2305: Module '"../types/scene"' has no exported member 'EntityRenderer'.
src/subapps/dxf-viewer/overlays/overlay-adapter.ts(20,27): error TS2352: Conversion of type '[number, number][]' to type 'number[]' may be a mistake because neither type sufficiently overlaps with the other. If this was intentional, convert the expression to 'unknown' first.
src/subapps/dxf-viewer/overlays/overlay-store.tsx(62,13): error TS18046: 'polygon' is of type 'unknown'.
src/subapps/dxf-viewer/providers/DxfSettingsProvider.tsx(1772,11): error TS7053: Element implicitly has an 'any' type because expression of type 'StorageMode' can't be used to index type '{ draft?: Partial<LineSettings> | undefined; hover?: Partial<LineSettings> | undefined; selection?: Partial<LineSettings> | undefined; completion?: Partial<...> | undefined; preview?: Partial<...> | undefined; }'.
src/subapps/dxf-viewer/providers/DxfSettingsProvider.tsx(1773,38): error TS7053: Element implicitly has an 'any' type because expression of type 'StorageMode' can't be used to index type '{ draft?: Partial<LineSettings> | undefined; hover?: Partial<LineSettings> | undefined; selection?: Partial<LineSettings> | undefined; completion?: Partial<...> | undefined; preview?: Partial<...> | undefined; }'.
src/subapps/dxf-viewer/providers/DxfSettingsProvider.tsx(1780,11): error TS7053: Element implicitly has an 'any' type because expression of type 'StorageMode' can't be used to index type '{ draft: boolean; hover: boolean; selection: boolean; completion: boolean; }'.
src/subapps/dxf-viewer/providers/DxfSettingsProvider.tsx(1780,53): error TS7053: Element implicitly has an 'any' type because expression of type 'StorageMode' can't be used to index type '{ draft?: Partial<LineSettings> | undefined; hover?: Partial<LineSettings> | undefined; selection?: Partial<LineSettings> | undefined; completion?: Partial<...> | undefined; preview?: Partial<...> | undefined; }'.
src/subapps/dxf-viewer/providers/DxfSettingsProvider.tsx(1781,38): error TS7053: Element implicitly has an 'any' type because expression of type 'StorageMode' can't be used to index type '{ draft?: Partial<LineSettings> | undefined; hover?: Partial<LineSettings> | undefined; selection?: Partial<LineSettings> | undefined; completion?: Partial<...> | undefined; preview?: Partial<...> | undefined; }'.
src/subapps/dxf-viewer/providers/DxfSettingsProvider.tsx(1795,11): error TS7053: Element implicitly has an 'any' type because expression of type 'StorageMode' can't be used to index type '{ draft?: Partial<TextSettings> | undefined; preview?: Partial<TextSettings> | undefined; }'.
src/subapps/dxf-viewer/providers/DxfSettingsProvider.tsx(1796,38): error TS7053: Element implicitly has an 'any' type because expression of type 'StorageMode' can't be used to index type '{ draft?: Partial<TextSettings> | undefined; preview?: Partial<TextSettings> | undefined; }'.
src/subapps/dxf-viewer/providers/DxfSettingsProvider.tsx(1803,11): error TS7053: Element implicitly has an 'any' type because expression of type 'StorageMode' can't be used to index type '{ draft: boolean; }'.
src/subapps/dxf-viewer/providers/DxfSettingsProvider.tsx(1803,53): error TS7053: Element implicitly has an 'any' type because expression of type 'StorageMode' can't be used to index type '{ draft?: Partial<TextSettings> | undefined; preview?: Partial<TextSettings> | undefined; }'.
src/subapps/dxf-viewer/providers/DxfSettingsProvider.tsx(1804,38): error TS7053: Element implicitly has an 'any' type because expression of type 'StorageMode' can't be used to index type '{ draft?: Partial<TextSettings> | undefined; preview?: Partial<TextSettings> | undefined; }'.
src/subapps/dxf-viewer/providers/DxfSettingsProvider.tsx(1818,11): error TS7053: Element implicitly has an 'any' type because expression of type 'StorageMode' can't be used to index type '{ draft?: Partial<GripSettings> | undefined; preview?: Partial<GripSettings> | undefined; }'.
src/subapps/dxf-viewer/providers/DxfSettingsProvider.tsx(1819,38): error TS7053: Element implicitly has an 'any' type because expression of type 'StorageMode' can't be used to index type '{ draft?: Partial<GripSettings> | undefined; preview?: Partial<GripSettings> | undefined; }'.
src/subapps/dxf-viewer/providers/DxfSettingsProvider.tsx(1826,11): error TS7053: Element implicitly has an 'any' type because expression of type 'StorageMode' can't be used to index type '{ draft: boolean; }'.
src/subapps/dxf-viewer/providers/DxfSettingsProvider.tsx(1826,53): error TS7053: Element implicitly has an 'any' type because expression of type 'StorageMode' can't be used to index type '{ draft?: Partial<GripSettings> | undefined; preview?: Partial<GripSettings> | undefined; }'.
src/subapps/dxf-viewer/providers/DxfSettingsProvider.tsx(1827,38): error TS7053: Element implicitly has an 'any' type because expression of type 'StorageMode' can't be used to index type '{ draft?: Partial<GripSettings> | undefined; preview?: Partial<GripSettings> | undefined; }'.
src/subapps/dxf-viewer/providers/DxfSettingsProvider.tsx(2202,24): error TS7053: Element implicitly has an 'any' type because expression of type 'StorageMode' can't be used to index type '{ draft: boolean; hover: boolean; selection: boolean; completion: boolean; }'.
src/subapps/dxf-viewer/rendering/canvas/core/CanvasSettings.ts(76,9): error TS2353: Object literal may only specify known properties, and 'length' does not exist in type 'CrosshairSettings'.
src/subapps/dxf-viewer/rendering/canvas/core/CanvasSettings.ts(87,9): error TS2353: Object literal may only specify known properties, and 'strokeColor' does not exist in type 'UICursorSettings'.
src/subapps/dxf-viewer/rendering/canvas/core/CanvasSettings.ts(95,9): error TS2353: Object literal may only specify known properties, and 'types' does not exist in type 'SnapSettings'.
src/subapps/dxf-viewer/rendering/canvas/core/CanvasSettings.ts(104,9): error TS2353: Object literal may only specify known properties, and 'spacing' does not exist in type 'GridSettings'.
src/subapps/dxf-viewer/rendering/canvas/core/CanvasSettings.ts(110,7): error TS2740: Type '{ enabled: true; visible: true; color: any; backgroundColor: any; textColor: any; fontSize: number; height: number; width: number; zIndex: number; }' is missing the following properties from type 'RulerSettings': showMajorTicks, showMinorTicks, majorTickColor, minorTickColor, and 13 more.
src/subapps/dxf-viewer/rendering/core/EntityRendererComposite.ts(60,33): error TS2345: Argument of type 'PointRenderer' is not assignable to parameter of type 'BaseEntityRenderer'.
src/subapps/dxf-viewer/rendering/core/EntityRendererComposite.ts(132,9): error TS2353: Object literal may only specify known properties, and 'targetEntityId' does not exist in type 'HitTestOptions'.
src/subapps/dxf-viewer/rendering/entities/AngleMeasurementRenderer.ts(13,14): error TS2515: Non-abstract class 'AngleMeasurementRenderer' does not implement inherited abstract member hitTest from class 'BaseEntityRenderer'.
src/subapps/dxf-viewer/rendering/entities/AngleMeasurementRenderer.ts(143,9): error TS2353: Object literal may only specify known properties, and 'state' does not exist in type 'GripInfo'.
src/subapps/dxf-viewer/rendering/entities/AngleMeasurementRenderer.ts(150,9): error TS2353: Object literal may only specify known properties, and 'state' does not exist in type 'GripInfo'.
src/subapps/dxf-viewer/rendering/entities/AngleMeasurementRenderer.ts(157,9): error TS2353: Object literal may only specify known properties, and 'state' does not exist in type 'GripInfo'.
src/subapps/dxf-viewer/rendering/entities/ArcRenderer.ts(18,14): error TS2515: Non-abstract class 'ArcRenderer' does not implement inherited abstract member hitTest from class 'BaseEntityRenderer'.
src/subapps/dxf-viewer/rendering/entities/ArcRenderer.ts(19,31): error TS2304: Cannot find name 'Entity'.
src/subapps/dxf-viewer/rendering/entities/ArcRenderer.ts(25,48): error TS2304: Cannot find name 'Entity'.
src/subapps/dxf-viewer/rendering/entities/BaseEntityRenderer.ts(87,7): error TS2353: Object literal may only specify known properties, and 'hovered' does not exist in type '{ hoveredGrip?: { entityId: string; gripIndex: number; } | undefined; selectedGrip?: { entityId: string; gripIndex: number; } | undefined; dragginGrip?: { entityId: string; gripIndex: number; } | undefined; }'.
src/subapps/dxf-viewer/rendering/entities/CircleRenderer.ts(30,18): error TS2304: Cannot find name 'Entity'.
src/subapps/dxf-viewer/rendering/entities/CircleRenderer.ts(145,20): error TS2304: Cannot find name 'Entity'.
src/subapps/dxf-viewer/rendering/entities/EllipseRenderer.ts(16,14): error TS2515: Non-abstract class 'EllipseRenderer' does not implement inherited abstract member hitTest from class 'BaseEntityRenderer'.
src/subapps/dxf-viewer/rendering/entities/EllipseRenderer.ts(132,7): error TS2353: Object literal may only specify known properties, and 'state' does not exist in type 'GripInfo'.
src/subapps/dxf-viewer/rendering/entities/LineRenderer.ts(52,65): error TS2305: Module '"./shared/line-utils"' has no exported member 'renderLineWithTextCheck'.
src/subapps/dxf-viewer/rendering/entities/LineRenderer.ts(55,14): error TS2515: Non-abstract class 'LineRenderer' does not implement inherited abstract member hitTest from class 'BaseEntityRenderer'.
src/subapps/dxf-viewer/rendering/entities/LineRenderer.ts(56,18): error TS2304: Cannot find name 'Entity'.
src/subapps/dxf-viewer/rendering/entities/LineRenderer.ts(121,20): error TS2304: Cannot find name 'Entity'.
src/subapps/dxf-viewer/rendering/entities/LineRenderer.ts(139,7): error TS2353: Object literal may only specify known properties, and 'state' does not exist in type 'GripInfo'.
src/subapps/dxf-viewer/rendering/entities/LineRenderer.ts(148,7): error TS2353: Object literal may only specify known properties, and 'state' does not exist in type 'GripInfo'.
src/subapps/dxf-viewer/rendering/entities/PointRenderer.ts(2,29): error TS2307: Cannot find module '../../../types/scene' or its corresponding type declarations.
src/subapps/dxf-viewer/rendering/entities/PointRenderer.ts(20,14): error TS2654: Non-abstract class 'PointRenderer' is missing implementations for the following members of 'BaseEntityRenderer': 'getGrips', 'hitTest'.
src/subapps/dxf-viewer/rendering/entities/PointRenderer.ts(21,3): error TS2416: Property 'render' in type 'PointRenderer' is not assignable to the same property in base type 'BaseEntityRenderer'.
src/subapps/dxf-viewer/rendering/entities/PolylineRenderer.ts(16,14): error TS2515: Non-abstract class 'PolylineRenderer' does not implement inherited abstract member hitTest from class 'BaseEntityRenderer'.
src/subapps/dxf-viewer/rendering/entities/PolylineRenderer.ts(19,39): error TS2367: This comparison appears to be unintentional because the types '"angle-measurement" | "line" | "circle" | "arc" | "rectangle" | "point" | "text" | "dimension" | "block"' and '"lwpolyline"' have no overlap.
src/subapps/dxf-viewer/rendering/entities/PolylineRenderer.ts(127,20): error TS2304: Cannot find name 'Entity'.
src/subapps/dxf-viewer/rendering/entities/PolylineRenderer.ts(144,9): error TS2353: Object literal may only specify known properties, and 'state' does not exist in type 'GripInfo'.
src/subapps/dxf-viewer/rendering/entities/RectangleRenderer.ts(16,14): error TS2515: Non-abstract class 'RectangleRenderer' does not implement inherited abstract member hitTest from class 'BaseEntityRenderer'.
src/subapps/dxf-viewer/rendering/entities/RectangleRenderer.ts(17,31): error TS2304: Cannot find name 'Entity'.
src/subapps/dxf-viewer/rendering/entities/RectangleRenderer.ts(22,40): error TS2367: This comparison appears to be unintentional because the types '"angle-measurement" | "line" | "polyline" | "circle" | "arc" | "point" | "text" | "dimension" | "block"' and '"rect"' have no overlap.
src/subapps/dxf-viewer/rendering/entities/RectangleRenderer.ts(24,49): error TS2304: Cannot find name 'Entity'.
src/subapps/dxf-viewer/rendering/entities/RectangleRenderer.ts(150,40): error TS2367: This comparison appears to be unintentional because the types '"angle-measurement" | "line" | "polyline" | "circle" | "arc" | "point" | "text" | "dimension" | "block"' and '"rect"' have no overlap.
src/subapps/dxf-viewer/rendering/entities/RectangleRenderer.ts(153,49): error TS2304: Cannot find name 'Entity'.
src/subapps/dxf-viewer/rendering/entities/RectangleRenderer.ts(163,9): error TS2353: Object literal may only specify known properties, and 'state' does not exist in type 'GripInfo'.
src/subapps/dxf-viewer/rendering/entities/shared/geometry-rendering-utils.ts(7,28): error TS2305: Module '"../../types/Types"' has no exported member 'AngleMeasurementEntity'.
src/subapps/dxf-viewer/rendering/entities/shared/geometry-rendering-utils.ts(103,36): error TS2352: Conversion of type 'BaseEntity' to type 'Record<string, unknown>' may be a mistake because neither type sufficiently overlaps with the other. If this was intentional, convert the expression to 'unknown' first.
src/subapps/dxf-viewer/rendering/entities/shared/grip-utils.ts(28,7): error TS2353: Object literal may only specify known properties, and 'state' does not exist in type 'GripInfo'.
src/subapps/dxf-viewer/rendering/entities/shared/grip-utils.ts(44,5): error TS2353: Object literal may only specify known properties, and 'state' does not exist in type 'GripInfo'.
src/subapps/dxf-viewer/rendering/entities/shared/grip-utils.ts(57,5): error TS2353: Object literal may only specify known properties, and 'state' does not exist in type 'GripInfo'.
src/subapps/dxf-viewer/rendering/entities/shared/grip-utils.ts(70,5): error TS2353: Object literal may only specify known properties, and 'state' does not exist in type 'GripInfo'.
src/subapps/dxf-viewer/rendering/entities/shared/line-utils.ts(35,7): error TS2353: Object literal may only specify known properties, and 'state' does not exist in type 'GripInfo'.
src/subapps/dxf-viewer/rendering/entities/shared/line-utils.ts(51,7): error TS2353: Object literal may only specify known properties, and 'state' does not exist in type 'GripInfo'.
src/subapps/dxf-viewer/rendering/entities/SplineRenderer.ts(12,14): error TS2515: Non-abstract class 'SplineRenderer' does not implement inherited abstract member hitTest from class 'BaseEntityRenderer'.
src/subapps/dxf-viewer/rendering/entities/SplineRenderer.ts(14,9): error TS2367: This comparison appears to be unintentional because the types 'EntityType' and '"spline"' have no overlap.
src/subapps/dxf-viewer/rendering/entities/SplineRenderer.ts(29,52): error TS2304: Cannot find name 'Entity'.
src/subapps/dxf-viewer/rendering/entities/SplineRenderer.ts(72,9): error TS2367: This comparison appears to be unintentional because the types 'EntityType' and '"spline"' have no overlap.
src/subapps/dxf-viewer/rendering/entities/SplineRenderer.ts(88,9): error TS2353: Object literal may only specify known properties, and 'state' does not exist in type 'GripInfo'.
src/subapps/dxf-viewer/rendering/entities/TextRenderer.ts(13,14): error TS2515: Non-abstract class 'TextRenderer' does not implement inherited abstract member hitTest from class 'BaseEntityRenderer'.
src/subapps/dxf-viewer/rendering/entities/TextRenderer.ts(15,35): error TS2367: This comparison appears to be unintentional because the types '"angle-measurement" | "line" | "polyline" | "circle" | "arc" | "rectangle" | "point" | "dimension" | "block"' and '"mtext"' have no overlap.
src/subapps/dxf-viewer/rendering/entities/TextRenderer.ts(62,35): error TS2367: This comparison appears to be unintentional because the types '"angle-measurement" | "line" | "polyline" | "circle" | "arc" | "rectangle" | "point" | "dimension" | "block"' and '"mtext"' have no overlap.
src/subapps/dxf-viewer/rendering/hitTesting/Bounds.ts(37,12): error TS2678: Type '"lwpolyline"' is not comparable to type 'EntityType'.
src/subapps/dxf-viewer/rendering/hitTesting/Bounds.ts(40,12): error TS2678: Type '"rect"' is not comparable to type 'EntityType'.
src/subapps/dxf-viewer/rendering/hitTesting/Bounds.ts(42,12): error TS2678: Type '"ellipse"' is not comparable to type 'EntityType'.
src/subapps/dxf-viewer/rendering/hitTesting/Bounds.ts(45,12): error TS2678: Type '"mtext"' is not comparable to type 'EntityType'.
src/subapps/dxf-viewer/rendering/hitTesting/Bounds.ts(47,12): error TS2678: Type '"spline"' is not comparable to type 'EntityType'.
src/subapps/dxf-viewer/rendering/hitTesting/Bounds.ts(194,54): error TS2353: Object literal may only specify known properties, and 'vertices' does not exist in type 'BaseEntity'.
src/subapps/dxf-viewer/rendering/hitTesting/HitTester.ts(110,34): error TS2551: Property 'min' does not exist on type 'BoundingBox'. Did you mean 'minX'?
src/subapps/dxf-viewer/rendering/hitTesting/HitTester.ts(111,34): error TS2551: Property 'min' does not exist on type 'BoundingBox'. Did you mean 'minX'?
src/subapps/dxf-viewer/rendering/hitTesting/HitTester.ts(112,34): error TS2551: Property 'max' does not exist on type 'BoundingBox'. Did you mean 'maxX'?
src/subapps/dxf-viewer/rendering/hitTesting/HitTester.ts(113,34): error TS2551: Property 'max' does not exist on type 'BoundingBox'. Did you mean 'maxX'?
src/subapps/dxf-viewer/rendering/hitTesting/HitTester.ts(138,46): error TS2551: Property 'min' does not exist on type 'BoundingBox'. Did you mean 'minX'?
src/subapps/dxf-viewer/rendering/hitTesting/HitTester.ts(139,46): error TS2551: Property 'min' does not exist on type 'BoundingBox'. Did you mean 'minX'?
src/subapps/dxf-viewer/rendering/hitTesting/HitTester.ts(140,46): error TS2551: Property 'max' does not exist on type 'BoundingBox'. Did you mean 'maxX'?
src/subapps/dxf-viewer/rendering/hitTesting/HitTester.ts(141,46): error TS2551: Property 'max' does not exist on type 'BoundingBox'. Did you mean 'maxX'?
src/subapps/dxf-viewer/rendering/hitTesting/HitTester.ts(185,32): error TS2551: Property 'min' does not exist on type 'BoundingBox'. Did you mean 'minX'?
src/subapps/dxf-viewer/rendering/hitTesting/HitTester.ts(186,32): error TS2551: Property 'min' does not exist on type 'BoundingBox'. Did you mean 'minX'?
src/subapps/dxf-viewer/rendering/hitTesting/HitTester.ts(187,32): error TS2551: Property 'max' does not exist on type 'BoundingBox'. Did you mean 'maxX'?
src/subapps/dxf-viewer/rendering/hitTesting/HitTester.ts(188,32): error TS2551: Property 'max' does not exist on type 'BoundingBox'. Did you mean 'maxX'?
src/subapps/dxf-viewer/rendering/hitTesting/HitTester.ts(419,67): error TS2345: Argument of type '{ minX: number; minY: number; maxX: number; maxY: number; }' is not assignable to parameter of type 'BoundingBox'.
src/subapps/dxf-viewer/rendering/hitTesting/HitTester.ts(441,11): error TS2353: Object literal may only specify known properties, and 'entityId' does not exist in type 'SpatialQueryResult<any>'.
src/subapps/dxf-viewer/rendering/hitTesting/HitTester.ts(467,11): error TS2353: Object literal may only specify known properties, and 'entityId' does not exist in type 'SpatialQueryResult<any>'.
src/subapps/dxf-viewer/rendering/hitTesting/HitTester.ts(496,26): error TS2551: Property 'selectable' does not exist on type 'Entity'. Did you mean 'selected'?
src/subapps/dxf-viewer/rendering/hitTesting/HitTester.ts(512,12): error TS2678: Type '"lwpolyline"' is not comparable to type '"angle-measurement" | "line" | "polyline" | "circle" | "arc" | "rectangle" | "point" | "text" | "dimension" | "block"'.
src/subapps/dxf-viewer/rendering/hitTesting/index.ts(19,3): error TS2459: Module '"./Bounds"' declares 'Point2D' locally, but it is not exported.
src/subapps/dxf-viewer/rendering/index.ts(35,1): error TS2308: Module './core/IRenderContext' has already exported a member named 'BoundingBox'. Consider explicitly re-exporting to resolve the ambiguity.
src/subapps/dxf-viewer/rendering/index.ts(35,1): error TS2308: Module './core/IRenderContext' has already exported a member named 'Point2D'. Consider explicitly re-exporting to resolve the ambiguity.
src/subapps/dxf-viewer/rendering/index.ts(39,1): error TS2308: Module './core/IRenderContext' has already exported a member named 'BoundingBox'. Consider explicitly re-exporting to resolve the ambiguity.
src/subapps/dxf-viewer/rendering/index.ts(39,1): error TS2308: Module './hitTesting' has already exported a member named 'HitTestResult'. Consider explicitly re-exporting to resolve the ambiguity.
src/subapps/dxf-viewer/rendering/index.ts(39,1): error TS2308: Module './passes' has already exported a member named 'GripInfo'. Consider explicitly re-exporting to resolve the ambiguity.
src/subapps/dxf-viewer/rendering/index.ts(65,39): error TS2352: Conversion of type 'IRenderContext' to type 'CanvasRenderingContext2D' may be a mistake because neither type sufficiently overlaps with the other. If this was intentional, convert the expression to 'unknown' first.
src/subapps/dxf-viewer/rendering/index.ts(66,43): error TS2352: Conversion of type 'IRenderContext' to type 'CanvasRenderingContext2D' may be a mistake because neither type sufficiently overlaps with the other. If this was intentional, convert the expression to 'unknown' first.
src/subapps/dxf-viewer/rendering/index.ts(67,47): error TS2352: Conversion of type 'IRenderContext' to type 'CanvasRenderingContext2D' may be a mistake because neither type sufficiently overlaps with the other. If this was intentional, convert the expression to 'unknown' first.
src/subapps/dxf-viewer/rendering/index.ts(68,49): error TS2352: Conversion of type 'IRenderContext' to type 'CanvasRenderingContext2D' may be a mistake because neither type sufficiently overlaps with the other. If this was intentional, convert the expression to 'unknown' first.
src/subapps/dxf-viewer/rendering/index.ts(69,37): error TS2352: Conversion of type 'IRenderContext' to type 'CanvasRenderingContext2D' may be a mistake because neither type sufficiently overlaps with the other. If this was intentional, convert the expression to 'unknown' first.
src/subapps/dxf-viewer/rendering/index.ts(70,39): error TS2352: Conversion of type 'IRenderContext' to type 'CanvasRenderingContext2D' may be a mistake because neither type sufficiently overlaps with the other. If this was intentional, convert the expression to 'unknown' first.
src/subapps/dxf-viewer/rendering/index.ts(71,40): error TS2352: Conversion of type 'IRenderContext' to type 'CanvasRenderingContext2D' may be a mistake because neither type sufficiently overlaps with the other. If this was intentional, convert the expression to 'unknown' first.
src/subapps/dxf-viewer/rendering/index.ts(72,49): error TS2352: Conversion of type 'IRenderContext' to type 'CanvasRenderingContext2D' may be a mistake because neither type sufficiently overlaps with the other. If this was intentional, convert the expression to 'unknown' first.
src/subapps/dxf-viewer/rendering/index.ts(73,44): error TS2352: Conversion of type 'IRenderContext' to type 'CanvasRenderingContext2D' may be a mistake because neither type sufficiently overlaps with the other. If this was intentional, convert the expression to 'unknown' first.
src/subapps/dxf-viewer/rendering/index.ts(74,45): error TS2352: Conversion of type 'IRenderContext' to type 'CanvasRenderingContext2D' may be a mistake because neither type sufficiently overlaps with the other. If this was intentional, convert the expression to 'unknown' first.
src/subapps/dxf-viewer/rendering/index.ts(75,43): error TS2352: Conversion of type 'IRenderContext' to type 'CanvasRenderingContext2D' may be a mistake because neither type sufficiently overlaps with the other. If this was intentional, convert the expression to 'unknown' first.
src/subapps/dxf-viewer/rendering/index.ts(76,41): error TS2352: Conversion of type 'IRenderContext' to type 'CanvasRenderingContext2D' may be a mistake because neither type sufficiently overlaps with the other. If this was intentional, convert the expression to 'unknown' first.
src/subapps/dxf-viewer/rendering/index.ts(76,77): error TS2304: Cannot find name 'BaseEntityRenderer'.
src/subapps/dxf-viewer/rendering/index.ts(77,64): error TS2352: Conversion of type 'IRenderContext' to type 'CanvasRenderingContext2D' may be a mistake because neither type sufficiently overlaps with the other. If this was intentional, convert the expression to 'unknown' first.
src/subapps/dxf-viewer/rendering/passes/BackgroundPass.ts(6,28): error TS2459: Module '"../core/RenderPipeline"' declares 'IRenderContext' locally, but it is not exported.
src/subapps/dxf-viewer/rendering/passes/EntityPass.ts(8,28): error TS2459: Module '"../core/RenderPipeline"' declares 'IRenderContext' locally, but it is not exported.
src/subapps/dxf-viewer/rendering/passes/EntityPass.ts(220,12): error TS2678: Type '"lwpolyline"' is not comparable to type '"angle-measurement" | "line" | "polyline" | "circle" | "arc" | "rectangle" | "point" | "text" | "dimension" | "block"'.
src/subapps/dxf-viewer/rendering/passes/EntityPass.ts(227,12): error TS2678: Type '"mtext"' is not comparable to type '"angle-measurement" | "line" | "polyline" | "circle" | "arc" | "rectangle" | "point" | "text" | "dimension" | "block"'.
src/subapps/dxf-viewer/rendering/passes/EntityPass.ts(231,12): error TS2678: Type '"rect"' is not comparable to type '"angle-measurement" | "line" | "polyline" | "circle" | "arc" | "rectangle" | "point" | "text" | "dimension" | "block"'.
src/subapps/dxf-viewer/rendering/passes/OverlayPass.ts(6,28): error TS2459: Module '"../core/RenderPipeline"' declares 'IRenderContext' locally, but it is not exported.
src/subapps/dxf-viewer/rendering/ui/grid/LegacyGridAdapter.ts(36,11): error TS2739: Type '{ enabled: boolean; visible: true; opacity: number; color: string; size: number; style: "lines" | "dots" | "crosses"; lineWidth: number; majorGridColor: string; minorGridColor: string; majorInterval: number; ... 4 more ...; zIndex: number; }' is missing the following properties from type 'GridSettings': majorGridWeight, minorGridWeight
src/subapps/dxf-viewer/rendering/ui/snap/SnapRenderer.ts(183,38): error TS2454: Variable 'quarter' is used before being assigned.
src/subapps/dxf-viewer/rendering/ui/snap/SnapRenderer.ts(184,38): error TS2454: Variable 'quarter' is used before being assigned.
src/subapps/dxf-viewer/rendering/ui/snap/SnapRenderer.ts(185,38): error TS2454: Variable 'quarter' is used before being assigned.
src/subapps/dxf-viewer/rendering/ui/snap/SnapRenderer.ts(186,38): error TS2454: Variable 'quarter' is used before being assigned.
src/subapps/dxf-viewer/rendering/ui/snap/SnapRenderer.ts(286,7): error TS2322: Type '{ point: Point2D; type: string; entity?: { id: string; type: string; } | undefined; }[]' is not assignable to type 'SnapResult[]'.
src/subapps/dxf-viewer/services/__tests__/global-setup.ts(21,15): error TS2540: Cannot assign to 'NODE_ENV' because it is a read-only property.
src/subapps/dxf-viewer/services/__tests__/ServiceRegistry.test.ts(15,65): error TS2307: Cannot find module 'vitest' or its corresponding type declarations.
src/subapps/dxf-viewer/services/__tests__/ServiceRegistry.v2.enterprise.test.ts(10,65): error TS2307: Cannot find module 'vitest' or its corresponding type declarations.
src/subapps/dxf-viewer/services/__tests__/ServiceRegistry.v2.enterprise.test.ts(231,48): error TS2345: Argument of type '() => { data: any[]; }' is not assignable to parameter of type 'ServiceFactory<SmartBoundsManager>'.
src/subapps/dxf-viewer/services/__tests__/ServiceRegistry.v2.enterprise.test.ts(257,55): error TS2322: Type '{ data: string; }' is not assignable to type 'typeof DxfFirestoreService | Promise<typeof DxfFirestoreService>'.
src/subapps/dxf-viewer/services/__tests__/ServiceRegistry.v2.enterprise.test.ts(283,9): error TS2578: Unused '@ts-expect-error' directive.
src/subapps/dxf-viewer/services/__tests__/ServiceRegistry.v2.enterprise.test.ts(290,9): error TS2578: Unused '@ts-expect-error' directive.
src/subapps/dxf-viewer/services/__tests__/ServiceRegistry.v2.enterprise.test.ts(297,9): error TS2578: Unused '@ts-expect-error' directive.
src/subapps/dxf-viewer/services/__tests__/ServiceRegistry.v2.enterprise.test.ts(304,9): error TS2578: Unused '@ts-expect-error' directive.
src/subapps/dxf-viewer/services/__tests__/ServiceRegistry.v2.enterprise.test.ts(311,9): error TS2578: Unused '@ts-expect-error' directive.
src/subapps/dxf-viewer/services/__tests__/ServiceRegistry.v2.enterprise.test.ts(359,58): error TS2322: Type '{ id: string; }' is not assignable to type 'LayerOperationsService | Promise<LayerOperationsService>'.
src/subapps/dxf-viewer/services/__tests__/ServiceRegistry.v2.enterprise.test.ts(368,58): error TS2322: Type '{ id: string; }' is not assignable to type 'LayerOperationsService | Promise<LayerOperationsService>'.
src/subapps/dxf-viewer/services/__tests__/ServiceRegistry.v2.enterprise.test.ts(385,54): error TS2322: Type '{ test: boolean; }' is not assignable to type 'EntityMergeService | Promise<EntityMergeService>'.
src/subapps/dxf-viewer/services/__tests__/ServiceRegistry.v2.enterprise.test.ts(395,9): error TS2578: Unused '@ts-expect-error' directive.
src/subapps/dxf-viewer/services/__tests__/ServiceRegistry.v2.enterprise.test.ts(412,54): error TS2322: Type '{}' is not assignable to type 'SmartBoundsManager | Promise<SmartBoundsManager>'.
src/subapps/dxf-viewer/services/__tests__/ServiceRegistry.v2.enterprise.test.ts(425,52): error TS2322: Type '{}' is not assignable to type 'DxfImportService | Promise<DxfImportService>'.
src/subapps/dxf-viewer/services/__tests__/ServiceRegistry.v2.enterprise.test.ts(469,54): error TS2322: Type '{ test: boolean; }' is not assignable to type 'SceneUpdateManager | Promise<SceneUpdateManager>'.
src/subapps/dxf-viewer/services/__tests__/ServiceRegistry.v2.enterprise.test.ts(509,53): error TS2322: Type '{ dispose: () => number; }' is not assignable to type 'HitTestingService | Promise<HitTestingService>'.
src/subapps/dxf-viewer/services/__tests__/setup.ts(7,20): error TS2307: Cannot find module 'vitest' or its corresponding type declarations.
src/subapps/dxf-viewer/services/EntityMergeService.ts(106,15): error TS2769: No overload matches this call.
  Overload 1 of 2, '(...items: ConcatArray<Entity>[]): Entity[]', gave the following error.
  Overload 2 of 2, '(...items: (Entity | ConcatArray<Entity>)[]): Entity[]', gave the following error.
src/subapps/dxf-viewer/services/HitTestingService.ts(153,7): error TS2322: Type 'string' is not assignable to type '"dashed" | "dotted" | "solid" | "dashdot" | undefined'.
src/subapps/dxf-viewer/services/HitTestingService.ts(169,11): error TS2353: Object literal may only specify known properties, and 'start' does not exist in type 'Partial<BaseEntity>'.
src/subapps/dxf-viewer/services/HitTestingService.ts(175,11): error TS2353: Object literal may only specify known properties, and 'center' does not exist in type 'Partial<BaseEntity>'.
src/subapps/dxf-viewer/services/HitTestingService.ts(183,11): error TS2353: Object literal may only specify known properties, and 'points' does not exist in type 'Partial<BaseEntity>'.
src/subapps/dxf-viewer/services/HitTestingService.ts(190,11): error TS2353: Object literal may only specify known properties, and 'center' does not exist in type 'Partial<BaseEntity>'.
src/subapps/dxf-viewer/services/HitTestingService.ts(199,11): error TS2353: Object literal may only specify known properties, and 'position' does not exist in type 'Partial<BaseEntity>'.
src/subapps/dxf-viewer/services/index.ts(70,15): error TS2305: Module '"../rendering/types/Types"' has no exported member 'Bounds'.
src/subapps/dxf-viewer/services/LayerOperationsService.ts(208,7): error TS2322: Type '{ layers: { [x: string]: SceneLayer | { name: string; visible: boolean; color: string; frozen: boolean; }; }; entities: AnySceneEntity[]; bounds: SceneBounds; units: "mm" | "cm" | "m" | "in" | "ft"; version?: string; }' is not assignable to type 'SceneModel'.
src/subapps/dxf-viewer/services/LayerOperationsService.ts(416,23): error TS2538: Type 'undefined' cannot be used as an index type.
src/subapps/dxf-viewer/services/LayerOperationsService.ts(416,56): error TS2538: Type 'undefined' cannot be used as an index type.
src/subapps/dxf-viewer/settings-core/__tests__/override.test.ts(14,3): error TS2305: Module '"../override"' has no exported member 'applyOverridesToBase'.
src/subapps/dxf-viewer/settings-core/__tests__/override.test.ts(28,36): error TS2345: Argument of type 'LineSettings' is not assignable to parameter of type 'Record<string, unknown>'.
src/subapps/dxf-viewer/settings-core/__tests__/override.test.ts(37,36): error TS2345: Argument of type 'LineSettings' is not assignable to parameter of type 'Record<string, unknown>'.
src/subapps/dxf-viewer/settings-core/__tests__/override.test.ts(48,36): error TS2345: Argument of type 'LineSettings' is not assignable to parameter of type 'Record<string, unknown>'.
src/subapps/dxf-viewer/settings-core/__tests__/override.test.ts(87,46): error TS2345: Argument of type 'undefined' is not assignable to parameter of type 'PartialDxfSettings | null'.
src/subapps/dxf-viewer/settings-core/__tests__/override.test.ts(163,42): error TS2345: Argument of type 'DxfSettings' is not assignable to parameter of type 'Record<string, unknown>'.
src/subapps/dxf-viewer/settings-core/__tests__/override.test.ts(310,45): error TS2345: Argument of type '{ line: unknown; }' is not assignable to parameter of type 'PartialDxfSettings'.
src/subapps/dxf-viewer/settings-core/__tests__/override.test.ts(313,15): error TS2352: Conversion of type 'LineSettings' to type 'Record<string, unknown>' may be a mistake because neither type sufficiently overlaps with the other. If this was intentional, convert the expression to 'unknown' first.
src/subapps/dxf-viewer/settings-core/__tests__/override.test.ts(319,7): error TS18046: 'override.line' is of type 'unknown'.
src/subapps/dxf-viewer/settings-core/override.ts(52,9): error TS2322: Type '(Partial<T>[Extract<keyof T, string>] & null) | (Partial<T>[Extract<keyof T, string>] & {}) | (Partial<T>[Extract<...>] & object) | (Partial<...>[Extract<...>] & ... 1 more ... & any[])' is not assignable to type 'T[Extract<keyof T, string>]'.
src/subapps/dxf-viewer/settings-core/override.ts(67,3): error TS2740: Type 'Record<string, unknown>' is missing the following properties from type 'LineSettings': enabled, lineType, lineWidth, color, and 15 more.
src/subapps/dxf-viewer/settings-core/override.ts(67,24): error TS2345: Argument of type 'LineSettings' is not assignable to parameter of type 'Record<string, unknown>'.
src/subapps/dxf-viewer/settings-core/override.ts(77,3): error TS2740: Type 'Record<string, unknown>' is missing the following properties from type 'TextSettings': enabled, fontFamily, fontSize, fontWeight, and 25 more.
src/subapps/dxf-viewer/settings-core/override.ts(77,24): error TS2345: Argument of type 'TextSettings' is not assignable to parameter of type 'Record<string, unknown>'.
src/subapps/dxf-viewer/settings-core/override.ts(87,3): error TS2740: Type 'Record<string, unknown>' is missing the following properties from type 'GripSettings': enabled, gripSize, pickBoxSize, apertureSize, and 10 more.
src/subapps/dxf-viewer/settings-core/override.ts(87,24): error TS2345: Argument of type 'GripSettings' is not assignable to parameter of type 'Record<string, unknown>'.
src/subapps/dxf-viewer/settings-core/override.ts(151,23): error TS2345: Argument of type 'LineSettings' is not assignable to parameter of type 'Record<string, unknown>'.
src/subapps/dxf-viewer/settings-core/override.ts(161,23): error TS2345: Argument of type 'TextSettings' is not assignable to parameter of type 'Record<string, unknown>'.
src/subapps/dxf-viewer/settings-core/override.ts(171,23): error TS2345: Argument of type 'GripSettings' is not assignable to parameter of type 'Record<string, unknown>'.
src/subapps/dxf-viewer/settings-provider/EnterpriseDxfSettingsProvider.tsx(287,72): error TS2741: Property 'resetToFactory' is missing in type '{ setMode: React.Dispatch<React.SetStateAction<"normal" | "draft" | "hover" | "selection" | "completion" | "preview">>; isLoaded: boolean; isSaving: boolean; isAutoSaving: boolean; ... 16 more ...; settings: { ...; }; }' but required in type 'EnterpriseDxfSettingsContextType'.
src/subapps/dxf-viewer/settings/FACTORY_DEFAULTS.ts(218,5): error TS2739: Type '{ enabled: boolean; lineWidth: number; color: string; lineType: "solid"; opacity: number; }' is missing the following properties from type 'LineSettings': lineColor, lineStyle
src/subapps/dxf-viewer/settings/FACTORY_DEFAULTS.ts(231,5): error TS2741: Property 'textColor' is missing in type '{ enabled: boolean; fontSize: number; fontFamily: string; fontWeight: number; fontStyle: "normal"; color: string; opacity: number; }' but required in type 'TextSettings'.
src/subapps/dxf-viewer/settings/FACTORY_DEFAULTS.ts(244,5): error TS2739: Type '{ enabled: boolean; gripSize: number; pickBoxSize: number; apertureSize: number; colors: { cold: string; warm: string; hot: string; contour: any; }; shape: "square"; opacity: number; showAperture: boolean; ... 5 more ...; maxGripsPerEntity: number; }' is missing the following properties from type 'GripSettings': size, color, hoverColor
src/subapps/dxf-viewer/settings/io/LocalStorageDriver.ts(28,27): error TS2307: Cannot find module 'lz-string' or its corresponding type declarations.
src/subapps/dxf-viewer/settings/io/safeLoad.ts(181,15): error TS2352: Conversion of type '{ line: { general: { lineWidth: number; color: string; opacity: number; lineType: "dashed" | "dotted" | "solid"; enabled: boolean; } & { [k: string]: unknown; }; specific: Partial<Record<"normal" | "draft" | "hover" | "selection" | "completion", any>>; overrides: Partial<...>; }; text: { ...; }; __standards_version:...' to type 'SettingsState' may be a mistake because neither type sufficiently overlaps with the other. If this was intentional, convert the expression to 'unknown' first.
src/subapps/dxf-viewer/settings/io/safeLoad.ts(191,25): error TS2352: Conversion of type '{ line: { general: { lineWidth: number; color: string; opacity: number; lineType: "dashed" | "dotted" | "solid"; enabled: boolean; } & { [k: string]: unknown; }; specific: Partial<Record<"normal" | "draft" | "hover" | "selection" | "completion", any>>; overrides: Partial<...>; }; text: { ...; }; __standards_version:...' to type 'SettingsState' may be a mistake because neither type sufficiently overlaps with the other. If this was intentional, convert the expression to 'unknown' first.
src/subapps/dxf-viewer/settings/io/safeLoad.ts(191,58): error TS2345: Argument of type 'SettingsState' is not assignable to parameter of type '{ line: { general: { lineWidth: number; color: string; opacity: number; lineType: "dashed" | "dotted" | "solid"; enabled: boolean; } & { [k: string]: unknown; }; specific: Partial<Record<"normal" | "draft" | "hover" | "selection" | "completion", any>>; overrides: Partial<...>; }; text: { ...; }; __standards_version:...'.
src/subapps/dxf-viewer/settings/io/safeSave.ts(133,72): error TS2352: Conversion of type '{ line: { general: { lineWidth: number; color: string; opacity: number; lineType: "dashed" | "dotted" | "solid"; enabled: boolean; } & { [k: string]: unknown; }; specific: Partial<Record<"normal" | "draft" | "hover" | "selection" | "completion", any>>; overrides: Partial<...>; }; text: { ...; }; __standards_version:...' to type 'SettingsState' may be a mistake because neither type sufficiently overlaps with the other. If this was intentional, convert the expression to 'unknown' first.
src/subapps/dxf-viewer/settings/io/schema.ts(204,7): error TS2322: Type '{ general: Record<string, unknown>; specific: Record<string, Partial<Record<string, unknown>>>; overrides: Record<string, Partial<Record<string, unknown>>>; }' is not assignable to type '{ general: { lineWidth: number; color: string; opacity: number; lineType: "dashed" | "dotted" | "solid"; enabled: boolean; } & { [k: string]: unknown; }; specific: Partial<Record<"normal" | "draft" | "hover" | "selection" | "completion", any>>; overrides: Partial<...>; }'.
src/subapps/dxf-viewer/settings/io/schema.ts(208,7): error TS2322: Type '{ general: Record<string, unknown>; specific: Record<string, Partial<Record<string, unknown>>>; overrides: Record<string, Partial<Record<string, unknown>>>; }' is not assignable to type '{ general: { color: string; opacity: number; fontSize: number; fontFamily: string; enabled: boolean; fontWeight: number; fontStyle: "normal" | "italic" | "oblique"; } & { [k: string]: unknown; }; specific: Partial<...>; overrides: Partial<...>; }'.
src/subapps/dxf-viewer/settings/io/schema.ts(212,7): error TS2322: Type '{ general: Record<string, unknown>; specific: Record<string, Partial<Record<string, unknown>>>; overrides: Record<string, Partial<Record<string, unknown>>>; }' is not assignable to type '{ general: { opacity: number; enabled: boolean; gripSize: number; colors: { cold: string; warm: string; hot: string; contour: string; }; } & { [k: string]: unknown; }; specific: Partial<Record<"normal" | "draft" | "hover" | "selection" | "completion", any>>; overrides: Partial<...>; }'.
src/subapps/dxf-viewer/settings/state/selectors.ts(21,27): error TS2344: Type 'LineSettings' does not satisfy the constraint 'Record<string, unknown>'.
src/subapps/dxf-viewer/settings/state/selectors.ts(34,27): error TS2344: Type 'TextSettings' does not satisfy the constraint 'Record<string, unknown>'.
src/subapps/dxf-viewer/settings/state/selectors.ts(47,27): error TS2344: Type 'GripSettings' does not satisfy the constraint 'Record<string, unknown>'.
src/subapps/dxf-viewer/settings/state/selectors.ts(64,10): error TS7053: Element implicitly has an 'any' type because expression of type '"normal" | "draft" | "hover" | "selection" | "completion" | "preview"' can't be used to index type 'OverrideFlags'.
src/subapps/dxf-viewer/settings/sync/adapters/gripStyleAdapter.ts(64,24): error TS2345: Argument of type 'Partial<{ gripSize: number; colors: { cold?: string | undefined; warm?: string | undefined; hot?: string | undefined; contour?: string | undefined; }; }>' is not assignable to parameter of type 'Partial<GripStyle>'.
src/subapps/dxf-viewer/settings/sync/adapters/gripStyleAdapter.ts(69,37): error TS2345: Argument of type '(state: any) => void' is not assignable to parameter of type 'Listener'.
src/subapps/dxf-viewer/settings/sync/adapters/gripStyleAdapter.ts(69,38): error TS7006: Parameter 'state' implicitly has an 'any' type.
src/subapps/dxf-viewer/settings/sync/adapters/textStyleAdapter.ts(54,24): error TS2345: Argument of type 'Partial<{ fontFamily: string; fontSize: number; color: string; fontWeight: string; fontStyle: string; }>' is not assignable to parameter of type 'Partial<TextStyle>'.
src/subapps/dxf-viewer/settings/sync/adapters/textStyleAdapter.ts(59,37): error TS2345: Argument of type '(state: any) => void' is not assignable to parameter of type 'Listener'.
src/subapps/dxf-viewer/settings/sync/adapters/textStyleAdapter.ts(59,38): error TS7006: Parameter 'state' implicitly has an 'any' type.
src/subapps/dxf-viewer/settings/sync/adapters/toolStyleAdapter.ts(54,24): error TS2345: Argument of type 'Partial<{ strokeColor: string; fillColor: string; lineWidth: number; opacity: number; lineType: string; }>' is not assignable to parameter of type 'Partial<ToolStyle>'.
src/subapps/dxf-viewer/settings/sync/adapters/toolStyleAdapter.ts(59,37): error TS2345: Argument of type '(state: any) => void' is not assignable to parameter of type 'Listener'.
src/subapps/dxf-viewer/settings/sync/adapters/toolStyleAdapter.ts(59,38): error TS7006: Parameter 'state' implicitly has an 'any' type.
src/subapps/dxf-viewer/settings/sync/storeSync.test.ts(16,50): error TS2307: Cannot find module '@jest/globals' or its corresponding type declarations.
src/subapps/dxf-viewer/settings/sync/storeSync.test.ts(71,30): error TS2345: Argument of type '(partial: Partial<{ stroke: string; fill: string; width: number; opacity: number; dashArray: number[]; }>) => void' is not assignable to parameter of type '(partial: unknown) => void'.
src/subapps/dxf-viewer/settings/sync/storeSync.test.ts(73,49): error TS2345: Argument of type '(partial: Partial<{ stroke: string; fill: string; width: number; opacity: number; dashArray: number[]; }>) => void' is not assignable to parameter of type '(partial: unknown) => void'.
src/subapps/dxf-viewer/settings/sync/storeSync.test.ts(126,17): error TS2741: Property 'showGrips' is missing in type '{ enabled: true; gripSize: number; pickBoxSize: number; apertureSize: number; opacity: number; colors: { cold: any; warm: any; hot: any; contour: any; }; showAperture: true; multiGripEdit: true; snapToGrips: true; ... 5 more ...; maxGripsPerEntity: number; }' but required in type 'GripSettings'.
src/subapps/dxf-viewer/settings/sync/storeSync.ts(27,49): error TS2307: Cannot find module '../settings-core/types' or its corresponding type declarations.
src/subapps/dxf-viewer/snapping/context/SnapContext.tsx(3,32): error TS2307: Cannot find module '../types' or its corresponding type declarations.
src/subapps/dxf-viewer/snapping/context/SnapContext.tsx(68,18): error TS7006: Parameter 'prev' implicitly has an 'any' type.
src/subapps/dxf-viewer/snapping/context/SnapContext.tsx(97,20): error TS7006: Parameter 'prev' implicitly has an 'any' type.
src/subapps/dxf-viewer/snapping/context/SnapContext.tsx(100,20): error TS7006: Parameter 'prev' implicitly has an 'any' type.
src/subapps/dxf-viewer/snapping/context/SnapContext.tsx(115,18): error TS7006: Parameter 'prev' implicitly has an 'any' type.
src/subapps/dxf-viewer/snapping/engines/InsertionSnapEngine.ts(85,31): error TS2322: Type 'Point2D | undefined' is not assignable to type 'Point2D'.
src/subapps/dxf-viewer/snapping/engines/InsertionSnapEngine.ts(99,31): error TS2322: Type 'Point2D | undefined' is not assignable to type 'Point2D'.
src/subapps/dxf-viewer/snapping/engines/InsertionSnapEngine.ts(151,31): error TS2322: Type 'Point2D | undefined' is not assignable to type 'Point2D'.
src/subapps/dxf-viewer/snapping/engines/IntersectionSnapEngine.ts(42,23): error TS2304: Cannot find name 'SnapCandidate'.
src/subapps/dxf-viewer/snapping/engines/NearestSnapEngine.ts(24,23): error TS2304: Cannot find name 'SnapCandidate'.
src/subapps/dxf-viewer/snapping/engines/NearSnapEngine.ts(25,7): error TS2345: Argument of type 'import("C:/Nestor_Pagonis/src/subapps/dxf-viewer/snapping/extended-types").Entity[]' is not assignable to parameter of type 'import("C:/Nestor_Pagonis/src/subapps/dxf-viewer/types/entities").Entity[]'.
src/subapps/dxf-viewer/snapping/engines/NearSnapEngine.ts(101,61): error TS2345: Argument of type '{ corner1?: Point2D | undefined; corner2?: Point2D | undefined; }' is not assignable to parameter of type 'RectangleEntity'.
src/subapps/dxf-viewer/snapping/engines/NodeSnapEngine.ts(128,13): error TS18048: 'rectEntity.corner1' is possibly 'undefined'.
src/subapps/dxf-viewer/snapping/engines/NodeSnapEngine.ts(128,36): error TS18048: 'rectEntity.corner2' is possibly 'undefined'.
src/subapps/dxf-viewer/snapping/engines/NodeSnapEngine.ts(129,13): error TS18048: 'rectEntity.corner1' is possibly 'undefined'.
src/subapps/dxf-viewer/snapping/engines/NodeSnapEngine.ts(129,36): error TS18048: 'rectEntity.corner2' is possibly 'undefined'.
src/subapps/dxf-viewer/snapping/engines/OrthoSnapEngine.ts(24,23): error TS2304: Cannot find name 'SnapCandidate'.
src/subapps/dxf-viewer/snapping/engines/ParallelSnapEngine.ts(25,23): error TS2304: Cannot find name 'SnapCandidate'.
src/subapps/dxf-viewer/snapping/engines/PerpendicularSnapEngine.ts(28,7): error TS2345: Argument of type 'import("C:/Nestor_Pagonis/src/subapps/dxf-viewer/snapping/extended-types").Entity[]' is not assignable to parameter of type 'import("C:/Nestor_Pagonis/src/subapps/dxf-viewer/types/entities").Entity[]'.
src/subapps/dxf-viewer/snapping/engines/PerpendicularSnapEngine.ts(77,63): error TS2345: Argument of type '{ corner1?: Point2D | undefined; corner2?: Point2D | undefined; }' is not assignable to parameter of type 'RectangleEntity'.
src/subapps/dxf-viewer/snapping/engines/QuadrantSnapEngine.ts(25,7): error TS2345: Argument of type 'import("C:/Nestor_Pagonis/src/subapps/dxf-viewer/snapping/extended-types").Entity[]' is not assignable to parameter of type 'import("C:/Nestor_Pagonis/src/subapps/dxf-viewer/types/entities").Entity[]'.
src/subapps/dxf-viewer/snapping/engines/shared/snap-engine-utils.ts(10,48): error TS2307: Cannot find module '../../types' or its corresponding type declarations.
src/subapps/dxf-viewer/snapping/engines/shared/snap-engine-utils.ts(15,41): error TS2312: An interface can only extend an object type or intersection of object types with statically known members.
src/subapps/dxf-viewer/snapping/engines/shared/snap-engine-utils.ts(156,63): error TS2345: Argument of type 'LegacyRectangleEntity' is not assignable to parameter of type 'RectangleEntity'.
src/subapps/dxf-viewer/snapping/engines/TangentSnapEngine.ts(25,7): error TS2345: Argument of type 'import("C:/Nestor_Pagonis/src/subapps/dxf-viewer/snapping/extended-types").Entity[]' is not assignable to parameter of type 'import("C:/Nestor_Pagonis/src/subapps/dxf-viewer/types/entities").Entity[]'.
src/subapps/dxf-viewer/snapping/engines/TangentSnapEngine.ts(33,89): error TS2345: Argument of type 'Entity' is not assignable to parameter of type 'Point2D'.
src/subapps/dxf-viewer/snapping/hooks/useSnapManager.tsx(61,35): error TS18048: 'scene.entities.length' is possibly 'undefined'.
src/subapps/dxf-viewer/snapping/index.ts(8,32): error TS2459: Module '"./ProSnapEngineV2"' declares 'ProSnapSettings' locally, but it is not exported.
src/subapps/dxf-viewer/snapping/index.ts(27,10): error TS2305: Module '"./hooks/useSnapManager"' has no exported member 'default'.
src/subapps/dxf-viewer/snapping/orchestrator/SnapCandidateProcessor.ts(14,17): error TS2304: Cannot find name 'SnapCandidate'.
src/subapps/dxf-viewer/snapping/orchestrator/SnapCandidateProcessor.ts(15,15): error TS2304: Cannot find name 'ProSnapSettings'.
src/subapps/dxf-viewer/snapping/orchestrator/SnapCandidateProcessor.ts(16,6): error TS2304: Cannot find name 'ProSnapResult'.
src/subapps/dxf-viewer/snapping/orchestrator/SnapCandidateProcessor.ts(43,38): error TS2304: Cannot find name 'SnapCandidate'.
src/subapps/dxf-viewer/snapping/orchestrator/SnapCandidateProcessor.ts(43,56): error TS2304: Cannot find name 'SnapCandidate'.
src/subapps/dxf-viewer/snapping/orchestrator/SnapCandidateProcessor.ts(55,52): error TS2304: Cannot find name 'ProSnapResult'.
src/subapps/dxf-viewer/snapping/orchestrator/SnapContextManager.ts(19,33): error TS2304: Cannot find name 'ProSnapSettings'.
src/subapps/dxf-viewer/snapping/orchestrator/SnapContextManager.ts(25,36): error TS2304: Cannot find name 'ProSnapSettings'.
src/subapps/dxf-viewer/snapping/orchestrator/SnapContextManager.ts(57,18): error TS2304: Cannot find name 'ProSnapSettings'.
src/subapps/dxf-viewer/snapping/orchestrator/SnapOrchestrator.ts(37,31): error TS2304: Cannot find name 'SnapEngineStats'.
src/subapps/dxf-viewer/snapping/orchestrator/SnapOrchestrator.ts(46,25): error TS2304: Cannot find name 'ProSnapSettings'.
src/subapps/dxf-viewer/snapping/orchestrator/SnapOrchestrator.ts(60,36): error TS2304: Cannot find name 'ProSnapSettings'.
src/subapps/dxf-viewer/snapping/orchestrator/SnapOrchestrator.ts(69,66): error TS2304: Cannot find name 'ProSnapResult'.
src/subapps/dxf-viewer/snapping/orchestrator/SnapOrchestrator.ts(89,26): error TS2304: Cannot find name 'SnapCandidate'.
src/subapps/dxf-viewer/snapping/ProSnapEngineV2.ts(11,3): error TS2459: Module '"./extended-types"' declares 'Point2D' locally, but it is not exported.
src/subapps/dxf-viewer/snapping/ProSnapEngineV2.ts(133,5): error TS2740: Type 'SnapDebugStats' is missing the following properties from type 'SnapEngineStats': totalSnapAttempts, successfulSnaps, snapsByType, averageSearchTime, and 2 more.
src/subapps/dxf-viewer/snapping/shared/BaseSnapEngine.ts(22,15): error TS2304: Cannot find name 'SnapCandidate'.
src/subapps/dxf-viewer/snapping/shared/BaseSnapEngine.ts(25,16): error TS2304: Cannot find name 'SnapCandidate'.
src/subapps/dxf-viewer/snapping/shared/BaseSnapEngine.ts(26,20): error TS2304: Cannot find name 'SnapCandidate'.
src/subapps/dxf-viewer/snapping/shared/BaseSnapEngine.ts(56,6): error TS2304: Cannot find name 'SnapCandidate'.
src/subapps/dxf-viewer/snapping/shared/BaseSnapEngine.ts(68,16): error TS2304: Cannot find name 'SnapCandidate'.
src/subapps/dxf-viewer/snapping/shared/BaseSnapEngine.ts(83,6): error TS2304: Cannot find name 'SnapCandidate'.
src/subapps/dxf-viewer/snapping/shared/BaseSnapEngine.ts(84,23): error TS2304: Cannot find name 'SnapCandidate'.
src/subapps/dxf-viewer/snapping/SnapEngineCore.ts(14,3): error TS2459: Module '"./extended-types"' declares 'Point2D' locally, but it is not exported.
src/subapps/dxf-viewer/snapping/SnapEngineCore.ts(26,14): error TS2420: Class 'SnapEngineCore' incorrectly implements interface 'SnapEngineInterface'.
src/subapps/dxf-viewer/stores/DxfSettingsStore.ts(299,9): error TS2322: Type '(entityId: string) => Record<string, unknown>' is not assignable to type '(entityId: string) => LineSettings'.
src/subapps/dxf-viewer/stores/DxfSettingsStore.ts(302,32): error TS2345: Argument of type 'LineSettings' is not assignable to parameter of type 'Record<string, unknown>'.
src/subapps/dxf-viewer/stores/DxfSettingsStore.ts(305,9): error TS2322: Type '(entityId: string) => Record<string, unknown>' is not assignable to type '(entityId: string) => TextSettings'.
src/subapps/dxf-viewer/stores/DxfSettingsStore.ts(308,32): error TS2345: Argument of type 'TextSettings' is not assignable to parameter of type 'Record<string, unknown>'.
src/subapps/dxf-viewer/stores/DxfSettingsStore.ts(311,9): error TS2322: Type '(entityId: string) => Record<string, unknown>' is not assignable to type '(entityId: string) => GripSettings'.
src/subapps/dxf-viewer/stores/DxfSettingsStore.ts(314,32): error TS2345: Argument of type 'GripSettings' is not assignable to parameter of type 'Record<string, unknown>'.
src/subapps/dxf-viewer/stores/useDxfSettings.ts(63,44): error TS2345: Argument of type '(patch: Partial<LineSettings>) => void' is not assignable to parameter of type '(...args: unknown[]) => void'.
src/subapps/dxf-viewer/stores/useDxfSettings.ts(89,44): error TS2345: Argument of type '(patch: Partial<TextSettings>) => void' is not assignable to parameter of type '(...args: unknown[]) => void'.
src/subapps/dxf-viewer/stores/useDxfSettings.ts(114,44): error TS2345: Argument of type '(patch: Partial<GripSettings>) => void' is not assignable to parameter of type '(...args: unknown[]) => void'.
src/subapps/dxf-viewer/stores/useDxfSettings.ts(157,44): error TS2345: Argument of type '(patch: PartialDxfSettings) => void' is not assignable to parameter of type '(...args: unknown[]) => void'.
src/subapps/dxf-viewer/stores/useDxfSettings.ts(195,49): error TS2345: Argument of type '(patch: PartialDxfSettings) => void' is not assignable to parameter of type '(...args: unknown[]) => void'.
src/subapps/dxf-viewer/styles/DxfZIndexSystem.styles.ts(394,21): error TS7053: Element implicitly has an 'any' type because expression of type '"selection" | "crosshair" | "snap" | "zoom" | "cursor"' can't be used to index type 'DxfOverlayStyles'.
src/subapps/dxf-viewer/systems/collaboration/CollaborationEngine.ts(266,9): error TS7053: Element implicitly has an 'any' type because expression of type 'string' can't be used to index type '{ position?: Point2D | undefined; properties?: Record<string, unknown> | undefined; geometry?: unknown; style?: Record<string, unknown> | undefined; }'.
src/subapps/dxf-viewer/systems/collaboration/CollaborationEngine.ts(266,23): error TS7053: Element implicitly has an 'any' type because expression of type 'string' can't be used to index type 'EntityOperationData'.
src/subapps/dxf-viewer/systems/constraints/ConstraintsSystem.tsx(100,44): error TS2345: Argument of type 'Dispatch<SetStateAction<ConstraintContextData>>' is not assignable to parameter of type 'Dispatch<SetStateAction<ConstraintContext>>'.
src/subapps/dxf-viewer/systems/constraints/useConstraintApplication.ts(67,101): error TS2345: Argument of type '{ currentPoint: Point2D; previousPoints: Point2D[]; referencePoint?: Point2D; baseAngle?: number; mousePosition: Point2D; keyboardModifiers: { shift: boolean; ctrl: boolean; alt: boolean; }; snapSettings: { enabled: boolean; tolerance: number; }; activeConstraints: ConstraintDefinition[]; }' is not assignable to parameter of type 'ConstraintContext'.
src/subapps/dxf-viewer/systems/constraints/useConstraintOperations.ts(50,56): error TS7015: Element implicitly has an 'any' type because index expression is not of type 'number'.
src/subapps/dxf-viewer/systems/constraints/useConstraintOperations.ts(51,47): error TS7015: Element implicitly has an 'any' type because index expression is not of type 'number'.
src/subapps/dxf-viewer/systems/constraints/useConstraintOperations.ts(72,41): error TS7015: Element implicitly has an 'any' type because index expression is not of type 'number'.
src/subapps/dxf-viewer/systems/constraints/useConstraints.ts(23,6): error TS2456: Type alias 'ConstraintsContextType' circularly references itself.
src/subapps/dxf-viewer/systems/constraints/useConstraints.ts(141,13): error TS2456: Type alias 'ConstraintsHookReturn' circularly references itself.
src/subapps/dxf-viewer/systems/cursor/useCentralizedMouseHandlers.ts(68,5): error TS2322: Type 'DxfScene | null' is not assignable to type 'SceneModel | null | undefined'.
src/subapps/dxf-viewer/systems/cursor/useCursor.ts(47,30): error TS2551: Property 'setWorldPosition' does not exist on type 'CursorContextType'. Did you mean 'worldPosition'?
src/subapps/dxf-viewer/systems/drawing-orchestrator/DrawingOrchestrator.ts(33,5): error TS2322: Type '(entity: Entity) => void' is not assignable to type '(entity: unknown) => void'.
src/subapps/dxf-viewer/systems/drawing-orchestrator/DrawingOrchestrator.ts(62,34): error TS2554: Expected 2 arguments, but got 1.
src/subapps/dxf-viewer/systems/drawing-orchestrator/DrawingOrchestrator.ts(74,19): error TS2554: Expected 2 arguments, but got 1.
src/subapps/dxf-viewer/systems/drawing-orchestrator/DrawingOrchestrator.ts(82,23): error TS2345: Argument of type '(LineEntity & Pick<BaseEntity, "name">) | (PolylineEntity & Pick<BaseEntity, "name">) | (CircleEntity & Pick<...>) | ... 9 more ... | ExtendedLineEntity' is not assignable to parameter of type 'Entity'.
src/subapps/dxf-viewer/systems/drawing-orchestrator/DrawingOrchestrator.ts(96,23): error TS2345: Argument of type '(LineEntity & Pick<BaseEntity, "name">) | (PolylineEntity & Pick<BaseEntity, "name">) | (CircleEntity & Pick<...>) | ... 9 more ... | ExtendedLineEntity' is not assignable to parameter of type 'Entity'.
src/subapps/dxf-viewer/systems/dynamic-input/components/DynamicInputFooter.tsx(6,28): error TS2307: Cannot find module './hooks/useDynamicInputState' or its corresponding type declarations.
src/subapps/dxf-viewer/systems/dynamic-input/components/DynamicInputOverlay.tsx(155,5): error TS2322: Type 'Dispatch<SetStateAction<{ x: boolean; y: boolean; radius: boolean; }>>' is not assignable to type '(s: CoordinateFieldState) => void'.
src/subapps/dxf-viewer/systems/dynamic-input/components/DynamicInputOverlay.tsx(181,5): error TS2322: Type 'Dispatch<SetStateAction<{ x: boolean; y: boolean; angle: boolean; length: boolean; radius: boolean; diameter: boolean; }>>' is not assignable to type 'Dispatch<SetStateAction<CircleFieldState>>'.
src/subapps/dxf-viewer/systems/dynamic-input/components/DynamicInputOverlay.tsx(213,5): error TS2322: Type 'Dispatch<SetStateAction<{ x: boolean; y: boolean; radius: boolean; }>>' is not assignable to type '(s: CoordinateFieldState) => void'.
src/subapps/dxf-viewer/systems/dynamic-input/components/DynamicInputOverlay.tsx(242,5): error TS2322: Type 'Dispatch<SetStateAction<{ x: boolean; y: boolean; radius: boolean; }>>' is not assignable to type '(s: CoordinateFieldState) => void'.
src/subapps/dxf-viewer/systems/dynamic-input/components/DynamicInputOverlay.tsx(243,5): error TS2322: Type 'Dispatch<SetStateAction<{ x: boolean; y: boolean; angle: boolean; length: boolean; radius: boolean; diameter: boolean; }>>' is not assignable to type '(u: CircleFieldState) => void'.
src/subapps/dxf-viewer/systems/dynamic-input/components/DynamicInputOverlay.tsx(257,18): error TS2345: Argument of type 'boolean | null' is not assignable to parameter of type 'SetStateAction<boolean>'.
src/subapps/dxf-viewer/systems/dynamic-input/components/DynamicInputOverlay.tsx(464,15): error TS2322: Type '"radius"' is not assignable to type '"length" | "angle" | "coordinate" | undefined'.
src/subapps/dxf-viewer/systems/dynamic-input/components/DynamicInputOverlay.tsx(497,15): error TS2322: Type '"diameter"' is not assignable to type '"length" | "angle" | "coordinate" | undefined'.
src/subapps/dxf-viewer/systems/dynamic-input/components/DynamicInputOverlay.tsx(504,61): error TS2345: Argument of type '"light"' is not assignable to parameter of type '"error" | "default" | "info" | "success" | "warning" | "muted" | "subtle"'.
src/subapps/dxf-viewer/systems/dynamic-input/hooks/interfaces.ts(4,22): error TS2459: Module '"./useDynamicInputState"' declares 'Phase' locally, but it is not exported.
src/subapps/dxf-viewer/systems/dynamic-input/hooks/useDynamicInputAnchoring.ts(4,15): error TS2459: Module '"./useDynamicInputState"' declares 'Phase' locally, but it is not exported.
src/subapps/dxf-viewer/systems/dynamic-input/hooks/useDynamicInputAnchoring.ts(39,95): error TS2353: Object literal may only specify known properties, and 'diameter' does not exist in type 'CircleFieldState'.
src/subapps/dxf-viewer/systems/dynamic-input/hooks/useDynamicInputAnchoring.ts(42,96): error TS2353: Object literal may only specify known properties, and 'diameter' does not exist in type 'CircleFieldState'.
src/subapps/dxf-viewer/systems/dynamic-input/hooks/useDynamicInputAnchoring.ts(45,95): error TS2353: Object literal may only specify known properties, and 'diameter' does not exist in type 'CircleFieldState'.
src/subapps/dxf-viewer/systems/dynamic-input/hooks/useDynamicInputHandler.ts(2,39): error TS2307: Cannot find module '../../rendering/types/Types' or its corresponding type declarations.
src/subapps/dxf-viewer/systems/dynamic-input/hooks/useDynamicInputKeyboard.ts(199,19): error TS2353: Object literal may only specify known properties, and 'tool' does not exist in type 'Point2D & { source: string; }'.
src/subapps/dxf-viewer/systems/dynamic-input/hooks/useDynamicInputKeyboard.ts(240,17): error TS2353: Object literal may only specify known properties, and 'tool' does not exist in type 'Point2D & { source: string; }'.
src/subapps/dxf-viewer/systems/dynamic-input/hooks/useDynamicInputKeyboard.ts(285,19): error TS2353: Object literal may only specify known properties, and 'tool' does not exist in type 'Point2D & { source: string; }'.
src/subapps/dxf-viewer/systems/dynamic-input/hooks/useDynamicInputKeyboard.ts(340,21): error TS2353: Object literal may only specify known properties, and 'tool' does not exist in type 'Point2D & { source: string; }'.
src/subapps/dxf-viewer/systems/dynamic-input/hooks/useDynamicInputKeyboard.ts(380,15): error TS2353: Object literal may only specify known properties, and 'tool' does not exist in type 'Point2D & { source: string; }'.
src/subapps/dxf-viewer/systems/dynamic-input/hooks/useDynamicInputKeyboard.ts(410,15): error TS2353: Object literal may only specify known properties, and 'tool' does not exist in type 'Point2D & { source: string; }'.
src/subapps/dxf-viewer/systems/dynamic-input/hooks/useDynamicInputKeyboard.ts(453,17): error TS2353: Object literal may only specify known properties, and 'tool' does not exist in type 'Point2D & { source: string; }'.
src/subapps/dxf-viewer/systems/dynamic-input/hooks/useDynamicInputKeyboard.ts(498,17): error TS2353: Object literal may only specify known properties, and 'tool' does not exist in type 'Point2D & { source: string; }'.
src/subapps/dxf-viewer/systems/dynamic-input/hooks/useDynamicInputLayout.ts(4,24): error TS2305: Module '"../../../rendering/types/Types"' has no exported member 'Phase'.
src/subapps/dxf-viewer/systems/dynamic-input/hooks/useDynamicInputPhase.ts(9,24): error TS2305: Module '"../../../rendering/types/Types"' has no exported member 'Phase'.
src/subapps/dxf-viewer/systems/dynamic-input/hooks/useDynamicInputPhase.ts(99,31): error TS2345: Argument of type 'UseDynamicInputPhaseArgs' is not assignable to parameter of type 'PhaseResetActions'.
src/subapps/dxf-viewer/systems/dynamic-input/hooks/useDynamicInputPhase.ts(158,31): error TS2345: Argument of type 'UseDynamicInputPhaseArgs' is not assignable to parameter of type 'PhaseResetActions'.
src/subapps/dxf-viewer/systems/dynamic-input/hooks/useDynamicInputState.ts(12,24): error TS2305: Module '"../../../rendering/types/Types"' has no exported member 'Phase'.
src/subapps/dxf-viewer/systems/dynamic-input/hooks/useDynamicInputState.ts(74,22): error TS2345: Argument of type '{ x: true; y: false; angle: false; length: false; radius: false; }' is not assignable to parameter of type 'SetStateAction<{ x: boolean; y: boolean; angle: boolean; length: boolean; radius: boolean; diameter: boolean; }>'.
src/subapps/dxf-viewer/systems/dynamic-input/hooks/useDynamicInputState.ts(126,5): error TS2322: Type 'Dispatch<SetStateAction<{ x: boolean; y: boolean; angle: boolean; length: boolean; radius: boolean; diameter: boolean; }>>' is not assignable to type '(state: CircleFieldState) => void'.
src/subapps/dxf-viewer/systems/dynamic-input/hooks/useDynamicInputToolReset.ts(4,22): error TS2459: Module '"./useDynamicInputState"' declares 'Phase' locally, but it is not exported.
src/subapps/dxf-viewer/systems/dynamic-input/index.ts(11,10): error TS2305: Module '"./components/DynamicInputContainer"' has no exported member 'default'.
src/subapps/dxf-viewer/systems/dynamic-input/index.ts(12,10): error TS2305: Module '"./components/DynamicInputHeader"' has no exported member 'default'.
src/subapps/dxf-viewer/systems/dynamic-input/index.ts(13,10): error TS2305: Module '"./components/DynamicInputFooter"' has no exported member 'default'.
src/subapps/dxf-viewer/systems/dynamic-input/index.ts(14,10): error TS2305: Module '"./components/DynamicInputField"' has no exported member 'default'.
src/subapps/dxf-viewer/systems/dynamic-input/types.ts(10,22): error TS2459: Module '"./hooks/useDynamicInputState"' declares 'Phase' locally, but it is not exported.
src/subapps/dxf-viewer/systems/dynamic-input/types.ts(10,29): error TS2305: Module '"./hooks/useDynamicInputState"' has no exported member 'Point'.
src/subapps/dxf-viewer/systems/dynamic-input/types/common-interfaces.ts(7,24): error TS2305: Module '"../../../rendering/types/Types"' has no exported member 'Phase'.
src/subapps/dxf-viewer/systems/entity-creation/EntityCreationSystem.tsx(30,37): error TS2353: Object literal may only specify known properties, and 'scale' does not exist in type '{ worldToScreen: (point: Point2D) => Point2D; screenToWorld: (point: Point2D) => Point2D; }'.
src/subapps/dxf-viewer/systems/entity-creation/EntityCreationSystem.tsx(31,35): error TS2353: Object literal may only specify known properties, and 'scale' does not exist in type '{ worldToScreen: (point: Point2D) => Point2D; screenToWorld: (point: Point2D) => Point2D; }'.
src/subapps/dxf-viewer/systems/entity-creation/EntityCreationSystem.tsx(36,39): error TS2353: Object literal may only specify known properties, and 'scale' does not exist in type '{ worldToScreen: (point: Point2D) => Point2D; screenToWorld: (point: Point2D) => Point2D; }'.
src/subapps/dxf-viewer/systems/entity-creation/EntityCreationSystem.tsx(37,39): error TS2353: Object literal may only specify known properties, and 'scale' does not exist in type '{ worldToScreen: (point: Point2D) => Point2D; screenToWorld: (point: Point2D) => Point2D; }'.
src/subapps/dxf-viewer/systems/entity-creation/EntityCreationSystem.tsx(43,38): error TS2353: Object literal may only specify known properties, and 'scale' does not exist in type '{ worldToScreen: (point: Point2D) => Point2D; screenToWorld: (point: Point2D) => Point2D; }'.
src/subapps/dxf-viewer/systems/entity-creation/EntityCreationSystem.tsx(44,36): error TS2353: Object literal may only specify known properties, and 'scale' does not exist in type '{ worldToScreen: (point: Point2D) => Point2D; screenToWorld: (point: Point2D) => Point2D; }'.
src/subapps/dxf-viewer/systems/entity-creation/EntityCreationSystem.tsx(52,39): error TS2353: Object literal may only specify known properties, and 'scale' does not exist in type '{ worldToScreen: (point: Point2D) => Point2D; screenToWorld: (point: Point2D) => Point2D; }'.
src/subapps/dxf-viewer/systems/events/EventBus.ts(112,23): error TS2345: Argument of type 'EventHandler<T>' is not assignable to parameter of type 'EventHandler<keyof DrawingEventMap>'.
src/subapps/dxf-viewer/systems/events/EventBus.ts(116,28): error TS2345: Argument of type 'EventHandler<T>' is not assignable to parameter of type 'EventHandler<keyof DrawingEventMap>'.
src/subapps/dxf-viewer/systems/interaction/InteractionEngine.ts(168,14): error TS2345: Argument of type '(prev: InteractionState) => { mousePosition: Point2D; mouseWorldPosition: Point2D; isDragging: boolean | null; lastInteractionTime: number; isMouseDown: boolean; dragStart: Point2D | null; }' is not assignable to parameter of type 'SetStateAction<InteractionState>'.
src/subapps/dxf-viewer/systems/levels/LevelsSystem.tsx(428,37): error TS2554: Expected 2 arguments, but got 0.
src/subapps/dxf-viewer/systems/levels/LevelsSystem.tsx(432,5): error TS2322: Type '{ updatedLevels: Level[]; updatedFloorplans: Record<string, FloorplanDoc>; floorplan: FloorplanDoc | null; levelId: string | null; } | null' is not assignable to type 'FloorplanDoc | null'.
src/subapps/dxf-viewer/systems/levels/LevelsSystem.tsx(547,5): error TS2322: Type '() => { levels: Level[]; floorplans: Record<string, FloorplanDoc>; settings: LevelSystemSettings; exportedAt: string; }' is not assignable to type '() => { levels: Level[]; floorplans: Record<string, FloorplanDoc>; settings: LevelSystemSettings; version: string; timestamp: number; }'.
src/subapps/dxf-viewer/systems/rulers-grid/RulersGridSystem.tsx(76,9): error TS2322: Type '{}' is not assignable to type 'T[Extract<keyof T, string>]'.
src/subapps/dxf-viewer/systems/rulers-grid/RulersGridSystem.tsx(91,7): error TS2322: Type 'Partial<RulerSettings>' is not assignable to type '{ horizontal: { enabled: boolean; height: number; position: "top" | "bottom"; color: string; backgroundColor: string; fontSize: number; fontFamily: string; unitsFontSize: number; precision: number; showZero: boolean; showMinorTicks: boolean; showMajorTicks: boolean; minorTickLength: number; majorTickLength: number; ...'.
src/subapps/dxf-viewer/systems/rulers-grid/RulersGridSystem.tsx(157,7): error TS2322: Type 'Partial<GridSettings>' is not assignable to type '{ visual: { enabled: boolean; step: number; opacity: number; color: string; style?: "lines" | "dots" | "crosses"; subDivisions: number; showOrigin: boolean; showAxes: boolean; axesColor: string; axesWeight: number; majorGridColor: string; minorGridColor: string; majorGridWeight: number; minorGridWeight: number; }; s...'.
src/subapps/dxf-viewer/systems/rulers-grid/RulersGridSystem.tsx(368,45): error TS2554: Expected 3 arguments, but got 2.
src/subapps/dxf-viewer/systems/rulers-grid/RulersGridSystem.tsx(503,5): error TS2322: Type '() => { rulers: RulerSettings; grid: GridSettings; origin: Point2D; isVisible: boolean; version: string; timestamp: number; }' is not assignable to type '() => string'.
src/subapps/dxf-viewer/systems/rulers-grid/RulersGridSystem.tsx(504,5): error TS2322: Type '(data: unknown) => RulersGridOperationResult' is not assignable to type '(data: string) => Promise<RulersGridOperationResult>'.
src/subapps/dxf-viewer/systems/rulers-grid/types.ts(8,3): error TS2305: Module '"./config"' has no exported member 'DOMRect'.
src/subapps/dxf-viewer/systems/rulers-grid/useRulersGrid.ts(24,39): error TS2305: Module '"./config"' has no exported member 'DOMRect'.
src/subapps/dxf-viewer/systems/rulers-grid/useSnapManagement.ts(64,7): error TS2345: Argument of type 'RulersGridState' is not assignable to parameter of type 'GridSettings'.
src/subapps/dxf-viewer/systems/selection/useSelectionReducer.ts(178,11): error TS2740: Type 'never[]' is missing the following properties from type 'Set<PropertyStatus>': add, clear, delete, has, and 9 more.
src/subapps/dxf-viewer/systems/selection/useSelectionReducer.ts(179,11): error TS2740: Type 'never[]' is missing the following properties from type 'Set<UnitType>': add, clear, delete, has, and 9 more.
src/subapps/dxf-viewer/systems/toolbars/hooks/useDefinitionManagement.ts(40,14): error TS2345: Argument of type '(prev: ToolbarState) => { tools: {}; toolStates: {}; activeTool: ToolType | null; toolbars: Record<string, ToolbarConfig>; actions: Record<...>; activeToolbar: string | null; actionStates: Record<...>; customizations: ToolbarCustomization[]; settings: ToolbarSettings; }' is not assignable to parameter of type 'SetStateAction<ToolbarState>'.
src/subapps/dxf-viewer/systems/toolbars/hooks/useToolbarsContextValue.ts(11,3): error TS2724: '"../config"' has no exported member named 'ToolbarsSettings'. Did you mean 'ToolbarSettings'?
src/subapps/dxf-viewer/systems/toolbars/hooks/useToolbarsContextValue.ts(17,11): error TS2430: Interface 'ContextValueParams' incorrectly extends interface 'ToolbarsContextType'.
src/subapps/dxf-viewer/systems/toolbars/hooks/useToolbarsContextValue.ts(76,5): error TS2322: Type '(toolbarId: string, updates: Partial<ToolbarConfig>) => Promise<{ success: true; operation: "update-toolbar"; toolbarId: string; }>' is not assignable to type '(toolbarId: string, updates: Partial<ToolbarConfig>) => Promise<ToolbarOperationResult>'.
src/subapps/dxf-viewer/systems/toolbars/hooks/useToolbarsContextValue.ts(90,55): error TS2345: Argument of type '(prev: ToolbarState) => { toolbars: { [x: string]: ToolbarConfig | { position: Point2D; id: string; name: string; label: string; orientation: ToolbarOrientation; ... 13 more ...; layout: ToolbarLayout; }; }; ... 7 more ...; settings: ToolbarSettings; }' is not assignable to parameter of type 'SetStateAction<ToolbarState>'.
src/subapps/dxf-viewer/systems/toolbars/hooks/useToolbarsContextValue.ts(139,18): error TS2345: Argument of type '(prev: ToolbarState) => { toolbars: { [x: string]: unknown; }; tools: Record<ToolType, ToolDefinition>; actions: Record<string, ActionDefinition>; ... 5 more ...; settings: ToolbarSettings; }' is not assignable to parameter of type 'SetStateAction<ToolbarState>'.
src/subapps/dxf-viewer/systems/toolbars/hooks/useToolbarsContextValue.ts(152,5): error TS2322: Type '() => unknown' is not assignable to type '() => ToolbarSettings'.
src/subapps/dxf-viewer/systems/toolbars/hooks/useToolbarsContextValue.ts(161,55): error TS2345: Argument of type '(prev: ToolEvents) => {}' is not assignable to parameter of type 'SetStateAction<ToolEvents>'.
src/subapps/dxf-viewer/systems/toolbars/hooks/useToolRunnerManagement.ts(34,44): error TS2345: Argument of type 'unknown' is not assignable to parameter of type 'ActionParameters | undefined'.
src/subapps/dxf-viewer/systems/toolbars/hooks/useToolRunnerManagement.ts(52,52): error TS2345: Argument of type 'unknown' is not assignable to parameter of type 'ToolExecutionResult'.
src/subapps/dxf-viewer/systems/toolbars/hooks/useToolRunnerManagement.ts(60,19): error TS2345: Argument of type '(prev: ToolRunner) => { inputPoints: unknown[]; currentTool: ToolType | null; isActive: boolean; requiredPoints: number; minPoints: number; maxPoints: number; previewData: unknown; stepIndex: number; steps: ToolStep[]; context: ToolContext; }' is not assignable to parameter of type 'SetStateAction<ToolRunner>'.
src/subapps/dxf-viewer/systems/toolbars/ToolbarsSystem.tsx(28,3): error TS2740: Type '{}' is missing the following properties from type 'Record<ToolType, ToolDefinition>': line, polyline, circle, arc, and 43 more.
src/subapps/dxf-viewer/systems/toolbars/ToolbarsSystem.tsx(42,5): error TS2740: Type '{}' is missing the following properties from type 'Record<ToolType, { active: boolean; enabled: boolean; visible: boolean; data?: ToolData | undefined; }>': line, polyline, circle, arc, and 43 more.
src/subapps/dxf-viewer/systems/toolbars/ToolbarsSystem.tsx(73,5): error TS2322: Type 'Partial<ToolEvents>' is not assignable to type 'Record<string, (...args: unknown[]) => void>'.
src/subapps/dxf-viewer/systems/toolbars/ToolbarsSystem.tsx(116,5): error TS2322: Type 'Partial<ToolEvents>' is not assignable to type 'ToolEvents'.
src/subapps/dxf-viewer/systems/toolbars/ToolbarsSystem.tsx(134,5): error TS2322: Type 'Partial<ToolEvents>' is not assignable to type 'ToolEvents'.
src/subapps/dxf-viewer/systems/toolbars/ToolbarsSystem.tsx(142,5): error TS2322: Type 'Dispatch<SetStateAction<Partial<ToolEvents>>>' is not assignable to type 'Dispatch<SetStateAction<ToolEvents>>'.
src/subapps/dxf-viewer/systems/toolbars/useToolbars.ts(15,3): error TS2322: Type 'string | number | true | ServerContextJSONArray | { [key: string]: ServerContextJSONValue; }' is not assignable to type 'ToolbarsContextType'.
src/subapps/dxf-viewer/systems/toolbars/utils.ts(39,15): error TS1361: 'TOOLBAR_CONFIG' cannot be used as a value because it was imported using 'import type'.
src/subapps/dxf-viewer/systems/toolbars/utils.ts(103,12): error TS1361: 'TOOLBAR_CONFIG' cannot be used as a value because it was imported using 'import type'.
src/subapps/dxf-viewer/systems/toolbars/utils.ts(446,7): error TS2739: Type 'Record<string, any>' is missing the following properties from type '{ addedTools: string[]; removedTools: string[]; reorderedTools: { from: number; to: number; }[]; modifiedProperties: Record<string, unknown>; }': addedTools, removedTools, reorderedTools, modifiedProperties
src/subapps/dxf-viewer/systems/tools/ToolStateManager.ts(43,3): error TS2353: Object literal may only specify known properties, and ''grid-toggle'' does not exist in type 'Record<ToolType, ToolInfo>'.
src/subapps/dxf-viewer/systems/zoom/hooks/useZoom.ts(141,9): error TS2353: Object literal may only specify known properties, and 'success' does not exist in type 'ZoomResult'.
src/subapps/dxf-viewer/systems/zoom/utils/bounds.ts(6,30): error TS2307: Cannot find module '../../rendering/types/Types' or its corresponding type declarations.
src/subapps/dxf-viewer/test/setupCanvas.ts(144,15): error TS2352: Conversion of type 'CanvasRenderingContext2D | null' to type 'SKRSContext2D' may be a mistake because neither type sufficiently overlaps with the other. If this was intentional, convert the expression to 'unknown' first.
src/subapps/dxf-viewer/test/setupTests.ts(94,17): error TS2323: Cannot redeclare exported variable 'createMockCanvas'.
src/subapps/dxf-viewer/test/setupTests.ts(120,17): error TS2323: Cannot redeclare exported variable 'createMockDOMRect'.
src/subapps/dxf-viewer/test/setupTests.ts(141,17): error TS2323: Cannot redeclare exported variable 'createMockMouseEvent'.
src/subapps/dxf-viewer/test/setupTests.ts(168,17): error TS2323: Cannot redeclare exported variable 'createMockViewport'.
src/subapps/dxf-viewer/test/setupTests.ts(187,17): error TS2323: Cannot redeclare exported variable 'createMockTransform'.
src/subapps/dxf-viewer/test/setupTests.ts(202,17): error TS2323: Cannot redeclare exported variable 'generateTestPoints'.
src/subapps/dxf-viewer/test/setupTests.ts(225,17): error TS2323: Cannot redeclare exported variable 'generateTestScenarios'.
src/subapps/dxf-viewer/test/setupTests.ts(237,17): error TS2323: Cannot redeclare exported variable 'validateCoordinateError'.
src/subapps/dxf-viewer/test/setupTests.ts(263,17): error TS2323: Cannot redeclare exported variable 'measurePerformance'.
src/subapps/dxf-viewer/test/setupTests.ts(293,17): error TS2323: Cannot redeclare exported variable 'cleanupMockElements'.
src/subapps/dxf-viewer/test/setupTests.ts(303,37): error TS2694: Namespace 'global.jest' has no exported member 'Mock'.
src/subapps/dxf-viewer/test/setupTests.ts(318,17): error TS2323: Cannot redeclare exported variable 'suppressConsole'.
src/subapps/dxf-viewer/test/setupTests.ts(329,17): error TS2323: Cannot redeclare exported variable 'restoreConsole'.
src/subapps/dxf-viewer/test/setupTests.ts(334,17): error TS2323: Cannot redeclare exported variable 'createVisualTestCanvas'.
src/subapps/dxf-viewer/test/setupTests.ts(347,17): error TS2323: Cannot redeclare exported variable 'ensureDirectoryExists'.
src/subapps/dxf-viewer/test/setupTests.ts(353,17): error TS2323: Cannot redeclare exported variable 'generateTestImageBuffer'.
src/subapps/dxf-viewer/test/setupTests.ts(368,17): error TS2323: Cannot redeclare exported variable 'validateVisualMatch'.
src/subapps/dxf-viewer/test/setupTests.ts(449,3): error TS2323: Cannot redeclare exported variable 'createMockCanvas'.
src/subapps/dxf-viewer/test/setupTests.ts(449,3): error TS2484: Export declaration conflicts with exported declaration of 'createMockCanvas'.
src/subapps/dxf-viewer/test/setupTests.ts(450,3): error TS2323: Cannot redeclare exported variable 'createMockDOMRect'.
src/subapps/dxf-viewer/test/setupTests.ts(450,3): error TS2484: Export declaration conflicts with exported declaration of 'createMockDOMRect'.
src/subapps/dxf-viewer/test/setupTests.ts(451,3): error TS2323: Cannot redeclare exported variable 'createMockMouseEvent'.
src/subapps/dxf-viewer/test/setupTests.ts(451,3): error TS2484: Export declaration conflicts with exported declaration of 'createMockMouseEvent'.
src/subapps/dxf-viewer/test/setupTests.ts(452,3): error TS2323: Cannot redeclare exported variable 'createMockViewport'.
src/subapps/dxf-viewer/test/setupTests.ts(452,3): error TS2484: Export declaration conflicts with exported declaration of 'createMockViewport'.
src/subapps/dxf-viewer/test/setupTests.ts(453,3): error TS2323: Cannot redeclare exported variable 'createMockTransform'.
src/subapps/dxf-viewer/test/setupTests.ts(453,3): error TS2484: Export declaration conflicts with exported declaration of 'createMockTransform'.
src/subapps/dxf-viewer/test/setupTests.ts(456,3): error TS2323: Cannot redeclare exported variable 'generateTestPoints'.
src/subapps/dxf-viewer/test/setupTests.ts(456,3): error TS2484: Export declaration conflicts with exported declaration of 'generateTestPoints'.
src/subapps/dxf-viewer/test/setupTests.ts(457,3): error TS2323: Cannot redeclare exported variable 'generateTestScenarios'.
src/subapps/dxf-viewer/test/setupTests.ts(457,3): error TS2484: Export declaration conflicts with exported declaration of 'generateTestScenarios'.
src/subapps/dxf-viewer/test/setupTests.ts(460,3): error TS2323: Cannot redeclare exported variable 'validateCoordinateError'.
src/subapps/dxf-viewer/test/setupTests.ts(460,3): error TS2484: Export declaration conflicts with exported declaration of 'validateCoordinateError'.
src/subapps/dxf-viewer/test/setupTests.ts(461,3): error TS2323: Cannot redeclare exported variable 'measurePerformance'.
src/subapps/dxf-viewer/test/setupTests.ts(461,3): error TS2484: Export declaration conflicts with exported declaration of 'measurePerformance'.
src/subapps/dxf-viewer/test/setupTests.ts(464,3): error TS2323: Cannot redeclare exported variable 'createVisualTestCanvas'.
src/subapps/dxf-viewer/test/setupTests.ts(464,3): error TS2484: Export declaration conflicts with exported declaration of 'createVisualTestCanvas'.
src/subapps/dxf-viewer/test/setupTests.ts(465,3): error TS2323: Cannot redeclare exported variable 'ensureDirectoryExists'.
src/subapps/dxf-viewer/test/setupTests.ts(465,3): error TS2484: Export declaration conflicts with exported declaration of 'ensureDirectoryExists'.
src/subapps/dxf-viewer/test/setupTests.ts(466,3): error TS2323: Cannot redeclare exported variable 'generateTestImageBuffer'.
src/subapps/dxf-viewer/test/setupTests.ts(466,3): error TS2484: Export declaration conflicts with exported declaration of 'generateTestImageBuffer'.
src/subapps/dxf-viewer/test/setupTests.ts(467,3): error TS2323: Cannot redeclare exported variable 'validateVisualMatch'.
src/subapps/dxf-viewer/test/setupTests.ts(467,3): error TS2484: Export declaration conflicts with exported declaration of 'validateVisualMatch'.
src/subapps/dxf-viewer/test/setupTests.ts(470,3): error TS2323: Cannot redeclare exported variable 'cleanupMockElements'.
src/subapps/dxf-viewer/test/setupTests.ts(470,3): error TS2484: Export declaration conflicts with exported declaration of 'cleanupMockElements'.
src/subapps/dxf-viewer/test/setupTests.ts(471,3): error TS2323: Cannot redeclare exported variable 'suppressConsole'.
src/subapps/dxf-viewer/test/setupTests.ts(471,3): error TS2484: Export declaration conflicts with exported declaration of 'suppressConsole'.
src/subapps/dxf-viewer/test/setupTests.ts(472,3): error TS2323: Cannot redeclare exported variable 'restoreConsole'.
src/subapps/dxf-viewer/test/setupTests.ts(472,3): error TS2484: Export declaration conflicts with exported declaration of 'restoreConsole'.
src/subapps/dxf-viewer/testing/performance-test.ts(44,14): error TS2323: Cannot redeclare exported variable 'DxfPerformanceTestRunner'.
src/subapps/dxf-viewer/testing/performance-test.ts(565,10): error TS2323: Cannot redeclare exported variable 'DxfPerformanceTestRunner'.
src/subapps/dxf-viewer/testing/performance-test.ts(565,10): error TS2484: Export declaration conflicts with exported declaration of 'DxfPerformanceTestRunner'.
src/subapps/dxf-viewer/ui/color/EnterpriseColorArea.tsx(25,30): error TS2307: Cannot find module '@react-aria/focus' or its corresponding type declarations.
src/subapps/dxf-viewer/ui/color/EnterpriseColorArea.tsx(113,48): error TS2554: Expected 0 arguments, but got 1.
src/subapps/dxf-viewer/ui/color/EnterpriseColorArea.tsx(132,51): error TS2345: Argument of type 'number' is not assignable to parameter of type 'string'.
src/subapps/dxf-viewer/ui/color/EnterpriseColorDialog.tsx(24,28): error TS2307: Cannot find module '@react-aria/focus' or its corresponding type declarations.
src/subapps/dxf-viewer/ui/color/EnterpriseColorPicker.tsx(252,16): error TS2304: Cannot find name 'colors'.
src/subapps/dxf-viewer/ui/color/EnterpriseColorPicker.tsx(252,39): error TS2304: Cannot find name 'colors'.
src/subapps/dxf-viewer/ui/color/EnterpriseColorPicker.tsx(252,85): error TS2551: Property 'GRAY_DARKER' does not exist on type '{ readonly LIGHT: "hover:bg-card dark:hover:bg-slate-800/50"; readonly GRAY_LIGHT: "hover:bg-gray-100 dark:hover:bg-slate-800/30"; readonly MUTED: "hover:bg-muted/50"; readonly ACCENT: "hover:bg-accent/50"; ... 34 more ...; readonly GRADIENT_PURPLE_PINK: "bg-gradient-to-br from-purple-500 via-pink-500 to-purple-600"...'. Did you mean 'GRAY_DARK'?
src/subapps/dxf-viewer/ui/color/EnterpriseColorSlider.tsx(25,30): error TS2307: Cannot find module '@react-aria/focus' or its corresponding type declarations.
src/subapps/dxf-viewer/ui/color/EnterpriseColorSlider.tsx(97,37): error TS2345: Argument of type '{ value: Color; channel: SliderChannel; onChange: (color: Color) => void; onChangeEnd: (color: Color) => void; isDisabled: boolean; }' is not assignable to parameter of type 'ColorSliderStateOptions'.
src/subapps/dxf-viewer/ui/color/EnterpriseColorSlider.tsx(130,31): error TS2554: Expected 1 arguments, but got 0.
src/subapps/dxf-viewer/ui/color/UnifiedColorPicker.tsx(153,11): error TS17001: JSX elements cannot have multiple attributes with the same name.
src/subapps/dxf-viewer/ui/color/UnifiedColorPicker.tsx(222,6): error TS2322: Type '{ children: ("" | Element | undefined)[]; value: string; disabled: boolean; className: string; }' is not assignable to type 'IntrinsicAttributes & Omit<EnterpriseColorDialogProps, "onClose" | "isOpen"> & { label?: string | undefined; }'.
src/subapps/dxf-viewer/ui/color/UnifiedColorPicker.tsx(232,37): error TS2304: Cannot find name 'colors'.
src/subapps/dxf-viewer/ui/color/UnifiedColorPicker.tsx(239,7): error TS2322: Type '{ trigger: Element; title: string; value: string; onChange: (color: string) => void; onClose: () => void; showFooter: boolean; modes: ("hex" | "rgb" | "hsl")[]; showPalettes: boolean; showRecent: boolean; size: "large" | ... 1 more ... | "standard"; }' is not assignable to type 'IntrinsicAttributes & EnterpriseColorDialogProps'.
src/subapps/dxf-viewer/ui/color/UnifiedColorPicker.tsx(270,7): error TS2322: Type '{ value: string; onChange: (color: string) => void; modes: ("hex" | "rgb" | "hsl")[]; showPalettes: boolean; showRecent: boolean; size: "large" | "compact" | "standard"; }' is not assignable to type 'IntrinsicAttributes & EnterpriseColorPickerProps'.
src/subapps/dxf-viewer/ui/components/CentralizedAutoSaveStatus.tsx(263,50): error TS2304: Cannot find name 'radius'.
src/subapps/dxf-viewer/ui/components/CentralizedAutoSaveStatus.tsx(266,48): error TS2304: Cannot find name 'radius'.
src/subapps/dxf-viewer/ui/components/ColorManager.tsx(50,33): error TS2322: Type '{ [x: string]: SceneLayer | { name: string; color: string; colorHex: string; visible: boolean; }; }' is not assignable to type 'Record<string, SceneLayer>'.
src/subapps/dxf-viewer/ui/components/DraggableOverlayProperties.tsx(57,20): error TS2540: Cannot assign to 'current' because it is a read-only property.
src/subapps/dxf-viewer/ui/components/dxf-settings/controls/LineColorControl.tsx(11,27): error TS2307: Cannot find module '../../../../../config/color-config' or its corresponding type declarations.
src/subapps/dxf-viewer/ui/components/dxf-settings/controls/LinePreviewControl.tsx(11,27): error TS2307: Cannot find module '../../../../../config/color-config' or its corresponding type declarations.
src/subapps/dxf-viewer/ui/components/dxf-settings/controls/LineStyleControl.tsx(66,9): error TS2322: Type '{ label: string; value: LineType; options: { value: LineType; label: string; preview: string; description?: string | undefined; }[]; onChange: (newValue: LineType) => void; ... 4 more ...; listboxClassName: string; }' is not assignable to type 'IntrinsicAttributes & EnterpriseComboBoxProps<LineType>'.
src/subapps/dxf-viewer/ui/components/dxf-settings/settings/core/GripSettings.tsx(6,35): error TS2307: Cannot find module '../../../../types/gripSettings' or its corresponding type declarations.
src/subapps/dxf-viewer/ui/components/dxf-settings/settings/core/LineSettings.tsx(257,23): error TS2345: Argument of type 'import("C:/Nestor_Pagonis/src/subapps/dxf-viewer/contexts/LineConstants").LineTemplate' is not assignable to parameter of type 'import("C:/Nestor_Pagonis/src/subapps/dxf-viewer/contexts/LineSettingsContext").LineTemplate'.
src/subapps/dxf-viewer/ui/components/dxf-settings/settings/core/LineSettings.tsx(337,11): error TS2353: Object literal may only specify known properties, and 'description' does not exist in type 'Omit<NotificationOptions, "type">'.
src/subapps/dxf-viewer/ui/components/dxf-settings/settings/core/LineSettings.tsx(368,12): error TS2774: This condition will always return true since this function is always defined. Did you mean to call it instead?
src/subapps/dxf-viewer/ui/components/dxf-settings/settings/core/TextSettings.tsx(51,35): error TS2307: Cannot find module '../../../../contexts/TextSettingsContext' or its corresponding type declarations.
src/subapps/dxf-viewer/ui/components/dxf-settings/settings/core/TextSettings.tsx(158,20): error TS2304: Cannot find name 'colors'.
src/subapps/dxf-viewer/ui/components/dxf-settings/settings/core/TextSettings.tsx(158,71): error TS2304: Cannot find name 'colors'.
src/subapps/dxf-viewer/ui/components/dxf-settings/settings/core/TextSettings.tsx(159,20): error TS2304: Cannot find name 'colors'.
src/subapps/dxf-viewer/ui/components/dxf-settings/settings/core/TextSettings.tsx(159,89): error TS2304: Cannot find name 'colors'.
src/subapps/dxf-viewer/ui/components/dxf-settings/settings/core/TextSettings.tsx(183,18): error TS2304: Cannot find name 'colors'.
src/subapps/dxf-viewer/ui/components/dxf-settings/settings/core/TextSettings.tsx(184,18): error TS2304: Cannot find name 'colors'.
src/subapps/dxf-viewer/ui/components/dxf-settings/settings/core/TextSettings.tsx(184,99): error TS2304: Cannot find name 'colors'.
src/subapps/dxf-viewer/ui/components/dxf-settings/settings/core/TextSettings.tsx(193,18): error TS2304: Cannot find name 'colors'.
src/subapps/dxf-viewer/ui/components/dxf-settings/settings/core/TextSettings.tsx(194,18): error TS2304: Cannot find name 'colors'.
src/subapps/dxf-viewer/ui/components/dxf-settings/settings/core/TextSettings.tsx(194,99): error TS2304: Cannot find name 'colors'.
src/subapps/dxf-viewer/ui/components/dxf-settings/settings/core/TextSettings.tsx(276,11): error TS2353: Object literal may only specify known properties, and 'description' does not exist in type 'Omit<NotificationOptions, "type">'.
src/subapps/dxf-viewer/ui/components/dxf-settings/settings/core/TextSettings.tsx(305,7): error TS1117: An object literal cannot have multiple properties with the same name.
src/subapps/dxf-viewer/ui/components/dxf-settings/settings/core/TextSettings.tsx(324,12): error TS2774: This condition will always return true since this function is always defined. Did you mean to call it instead?
src/subapps/dxf-viewer/ui/components/dxf-settings/settings/core/TextSettings.tsx(344,27): error TS2304: Cannot find name 'iconSizes'.
src/subapps/dxf-viewer/ui/components/dxf-settings/settings/core/TextSettings.tsx(366,46): error TS2304: Cannot find name 'iconSizes'.
src/subapps/dxf-viewer/ui/components/dxf-settings/settings/core/TextSettings.tsx(411,42): error TS2304: Cannot find name 'iconSizes'.
src/subapps/dxf-viewer/ui/components/dxf-settings/settings/core/TextSettings.tsx(425,42): error TS2304: Cannot find name 'iconSizes'.
src/subapps/dxf-viewer/ui/components/dxf-settings/settings/core/TextSettings.tsx(455,44): error TS2304: Cannot find name 'iconSizes'.
src/subapps/dxf-viewer/ui/components/dxf-settings/settings/core/TextSettings.tsx(478,42): error TS2304: Cannot find name 'iconSizes'.
src/subapps/dxf-viewer/ui/components/dxf-settings/settings/core/TextSettings.tsx(500,37): error TS2304: Cannot find name 'iconSizes'.
src/subapps/dxf-viewer/ui/components/dxf-settings/settings/shared/AccordionSection.tsx(218,64): error TS2551: Property 'GRAY_DARKER' does not exist on type '{ readonly LIGHT: "hover:bg-card dark:hover:bg-slate-800/50"; readonly GRAY_LIGHT: "hover:bg-gray-100 dark:hover:bg-slate-800/30"; readonly MUTED: "hover:bg-muted/50"; readonly ACCENT: "hover:bg-accent/50"; ... 34 more ...; readonly GRADIENT_PURPLE_PINK: "bg-gradient-to-br from-purple-500 via-pink-500 to-purple-600"...'. Did you mean 'GRAY_DARK'?
src/subapps/dxf-viewer/ui/components/dxf-settings/settings/shared/AccordionSection.tsx(226,64): error TS2551: Property 'GRAY_DARKER' does not exist on type '{ readonly LIGHT: "hover:bg-card dark:hover:bg-slate-800/50"; readonly GRAY_LIGHT: "hover:bg-gray-100 dark:hover:bg-slate-800/30"; readonly MUTED: "hover:bg-muted/50"; readonly ACCENT: "hover:bg-accent/50"; ... 34 more ...; readonly GRADIENT_PURPLE_PINK: "bg-gradient-to-br from-purple-500 via-pink-500 to-purple-600"...'. Did you mean 'GRAY_DARK'?
src/subapps/dxf-viewer/ui/components/dxf-settings/settings/shared/EnterpriseComboBox.tsx(312,15): error TS2540: Cannot assign to 'current' because it is a read-only property.
src/subapps/dxf-viewer/ui/components/dxf-settings/settings/shared/EnterpriseComboBox.tsx(319,16): error TS2540: Cannot assign to 'current' because it is a read-only property.
src/subapps/dxf-viewer/ui/components/dxf-settings/settings/special/EntitiesSettings.tsx(258,117): error TS2322: Type 'string' is not assignable to type 'DropdownOption'.
src/subapps/dxf-viewer/ui/components/dxf-settings/settings/special/EntitiesSettings.tsx(258,127): error TS2322: Type 'string' is not assignable to type 'DropdownOption'.
src/subapps/dxf-viewer/ui/components/dxf-settings/settings/special/EntitiesSettings.tsx(342,30): error TS2322: Type '{ size: number; }' is not assignable to type 'IntrinsicAttributes & SVGProps<SVGSVGElement>'.
src/subapps/dxf-viewer/ui/components/dxf-settings/settings/special/EntitiesSettings.tsx(361,30): error TS2322: Type '{ size: number; }' is not assignable to type 'IntrinsicAttributes & SVGProps<SVGSVGElement>'.
src/subapps/dxf-viewer/ui/components/dxf-settings/settings/special/EntitiesSettings.tsx(427,13): error TS2322: Type 'LineSettings' is not assignable to type 'Record<string, unknown>'.
src/subapps/dxf-viewer/ui/components/dxf-settings/settings/special/EntitiesSettings.tsx(428,13): error TS2322: Type 'TextSettings' is not assignable to type 'Record<string, unknown>'.
src/subapps/dxf-viewer/ui/components/dxf-settings/settings/special/EntitiesSettings.tsx(429,13): error TS2322: Type 'GripSettings' is not assignable to type 'Record<string, unknown>'.
src/subapps/dxf-viewer/ui/components/dxf-settings/settings/special/EntitiesSettings.tsx(467,13): error TS2322: Type 'LineSettings' is not assignable to type 'Record<string, unknown>'.
src/subapps/dxf-viewer/ui/components/dxf-settings/settings/special/EntitiesSettings.tsx(468,13): error TS2322: Type 'TextSettings' is not assignable to type 'Record<string, unknown>'.
src/subapps/dxf-viewer/ui/components/dxf-settings/settings/special/EntitiesSettings.tsx(500,13): error TS2322: Type 'LineSettings' is not assignable to type 'Record<string, unknown>'.
src/subapps/dxf-viewer/ui/components/dxf-settings/settings/special/EntitiesSettings.tsx(501,13): error TS2322: Type 'TextSettings' is not assignable to type 'Record<string, unknown>'.
src/subapps/dxf-viewer/ui/components/dxf-settings/settings/special/EntitiesSettings.tsx(533,13): error TS2322: Type 'LineSettings' is not assignable to type 'Record<string, unknown>'.
src/subapps/dxf-viewer/ui/components/dxf-settings/settings/special/EntitiesSettings.tsx(534,13): error TS2322: Type 'TextSettings' is not assignable to type 'Record<string, unknown>'.
src/subapps/dxf-viewer/ui/components/dxf-settings/settings/special/EntitiesSettings.tsx(536,13): error TS2322: Type 'GripSettings' is not assignable to type 'Record<string, unknown>'.
src/subapps/dxf-viewer/ui/components/dxf-settings/settings/special/EntitiesSettings.tsx(592,40): error TS2345: Argument of type '"line" | "polyline" | "circle" | "arc" | "rectangle" | "text" | "block"' is not assignable to parameter of type '"drawing" | "measurements"'.
src/subapps/dxf-viewer/ui/components/dxf-settings/settings/special/rulers/RulerMajorLinesSettings.tsx(160,95): error TS2345: Argument of type '"secondary"' is not assignable to parameter of type '"error" | "default" | "medium" | "info" | "success" | "warning" | "muted" | "subtle" | "critical" | "high" | "low"'.
src/subapps/dxf-viewer/ui/components/dxf-settings/settings/special/rulers/RulerMajorLinesSettings.tsx(170,95): error TS2345: Argument of type '"secondary"' is not assignable to parameter of type '"error" | "default" | "medium" | "info" | "success" | "warning" | "muted" | "subtle" | "critical" | "high" | "low"'.
src/subapps/dxf-viewer/ui/components/dxf-settings/settings/special/rulers/RulerMinorLinesSettings.tsx(160,95): error TS2345: Argument of type '"secondary"' is not assignable to parameter of type '"error" | "default" | "medium" | "info" | "success" | "warning" | "muted" | "subtle" | "critical" | "high" | "low"'.
src/subapps/dxf-viewer/ui/components/dxf-settings/settings/special/rulers/RulerMinorLinesSettings.tsx(170,95): error TS2345: Argument of type '"secondary"' is not assignable to parameter of type '"error" | "default" | "medium" | "info" | "success" | "warning" | "muted" | "subtle" | "critical" | "high" | "low"'.
src/subapps/dxf-viewer/ui/components/dxf-settings/settings/special/rulers/RulerUnitsSettings.tsx(144,97): error TS2345: Argument of type '"secondary"' is not assignable to parameter of type '"error" | "default" | "medium" | "info" | "success" | "warning" | "muted" | "subtle" | "critical" | "high" | "low"'.
src/subapps/dxf-viewer/ui/components/dxf-settings/settings/special/rulers/RulerUnitsSettings.tsx(165,95): error TS2345: Argument of type '"secondary"' is not assignable to parameter of type '"error" | "default" | "medium" | "info" | "success" | "warning" | "muted" | "subtle" | "critical" | "high" | "low"'.
src/subapps/dxf-viewer/ui/components/dxf-settings/settings/special/rulers/RulerUnitsSettings.tsx(175,95): error TS2345: Argument of type '"secondary"' is not assignable to parameter of type '"error" | "default" | "medium" | "info" | "success" | "warning" | "muted" | "subtle" | "critical" | "high" | "low"'.
src/subapps/dxf-viewer/ui/components/dxf-settings/settings/special/rulers/RulerUnitsSettings.tsx(245,104): error TS2345: Argument of type '"secondary"' is not assignable to parameter of type '"error" | "default" | "medium" | "info" | "success" | "warning" | "muted" | "subtle" | "critical" | "high" | "low"'.
src/subapps/dxf-viewer/ui/components/layers/ColorGroupItem.tsx(73,28): error TS7006: Parameter 'prev' implicitly has an 'any' type.
src/subapps/dxf-viewer/ui/components/layers/ColorGroupItem.tsx(73,28): error TS2345: Argument of type '(prev: any) => Set<unknown>' is not assignable to parameter of type 'Set<string>'.
src/subapps/dxf-viewer/ui/components/layers/ColorGroupItem.tsx(139,100): error TS2345: Argument of type '"focus"' is not assignable to parameter of type '"error" | "default" | "medium" | "info" | "success" | "warning" | "muted" | "subtle" | "critical" | "high" | "low"'.
src/subapps/dxf-viewer/ui/components/layers/ColorGroupItem.tsx(163,69): error TS2345: Argument of type '"secondary"' is not assignable to parameter of type '"error" | "default" | "medium" | "info" | "success" | "warning" | "muted" | "subtle" | "critical" | "high" | "low"'.
src/subapps/dxf-viewer/ui/components/layers/ColorGroupItem.tsx(176,113): error TS2345: Argument of type '"focus"' is not assignable to parameter of type '"error" | "default" | "medium" | "info" | "success" | "warning" | "muted" | "subtle" | "critical" | "high" | "low"'.
src/subapps/dxf-viewer/ui/components/layers/ColorGroupItem.tsx(229,12): error TS2740: Type '{ layerName: string; scene: SceneModel; }' is missing the following properties from type 'LayerItemProps': editingLayer, editingName, colorPickerLayer, expandedLayers, and 20 more.
src/subapps/dxf-viewer/ui/components/layers/components/EntityCard.tsx(93,56): error TS2345: Argument of type '"secondary"' is not assignable to parameter of type '"error" | "default" | "medium" | "info" | "success" | "warning" | "muted" | "subtle" | "critical" | "high" | "low"'.
src/subapps/dxf-viewer/ui/components/layers/components/EntityCard.tsx(96,13): error TS17001: JSX elements cannot have multiple attributes with the same name.
src/subapps/dxf-viewer/ui/components/layers/hooks/useLayersCallbacks.ts(149,68): error TS2345: Argument of type 'string | undefined' is not assignable to parameter of type 'string'.
src/subapps/dxf-viewer/ui/components/layers/hooks/useLayersCallbacks.ts(228,40): error TS2345: Argument of type 'string | undefined' is not assignable to parameter of type 'string'.
src/subapps/dxf-viewer/ui/components/layers/hooks/useLayersCallbacks.ts(228,65): error TS2538: Type 'undefined' cannot be used as an index type.
src/subapps/dxf-viewer/ui/components/layers/LayerItem.tsx(229,69): error TS2345: Argument of type '"secondary"' is not assignable to parameter of type '"error" | "default" | "medium" | "info" | "success" | "warning" | "muted" | "subtle" | "critical" | "high" | "low"'.
src/subapps/dxf-viewer/ui/components/layers/LayerItem.tsx(294,11): error TS2322: Type '{ [key: string]: unknown; id: string; type: string; layer: string; }' is not assignable to type 'Entity'.
src/subapps/dxf-viewer/ui/components/layers/LayerItem.tsx(302,11): error TS2322: Type '(entity: { [key: string]: unknown; id: string; type: string; layer: string; }, ctrlPressed: boolean) => void' is not assignable to type '(entityId: string, ctrlPressed: boolean) => void'.
src/subapps/dxf-viewer/ui/components/layers/LayerItem.tsx(313,11): error TS2322: Type '{ [key: string]: unknown; id: string; type: string; layer: string; }[]' is not assignable to type 'Entity[]'.
src/subapps/dxf-viewer/ui/components/LazyLoadWrapper.tsx(75,10): error TS2322: Type 'ComponentProps<T>' is not assignable to type 'IntrinsicAttributes & (T extends MemoExoticComponent<infer U extends ComponentType<any>> | LazyExoticComponent<infer U extends ComponentType<...>> ? ReactManagedAttributes<...> : ReactManagedAttributes<...>)'.
src/subapps/dxf-viewer/ui/components/palettes/CursorColorPalette.tsx(62,65): error TS2345: Argument of type '"secondary"' is not assignable to parameter of type '"error" | "default" | "medium" | "info" | "success" | "warning" | "muted" | "subtle" | "critical" | "high" | "low"'.
src/subapps/dxf-viewer/ui/components/palettes/CursorColorPalette.tsx(79,105): error TS2345: Argument of type '"secondary"' is not assignable to parameter of type '"error" | "default" | "medium" | "info" | "success" | "warning" | "muted" | "subtle" | "critical" | "high" | "low"'.
src/subapps/dxf-viewer/ui/components/palettes/CursorColorPalette.tsx(91,62): error TS2345: Argument of type 'number' is not assignable to parameter of type 'string'.
src/subapps/dxf-viewer/ui/components/palettes/CursorColorPalette.tsx(150,106): error TS2345: Argument of type '"secondary"' is not assignable to parameter of type '"error" | "default" | "medium" | "info" | "success" | "warning" | "muted" | "subtle" | "critical" | "high" | "low"'.
src/subapps/dxf-viewer/ui/components/shared/OverrideToggle.tsx(84,51): error TS2345: Argument of type '"secondary"' is not assignable to parameter of type '"error" | "default" | "medium" | "info" | "success" | "warning" | "muted" | "subtle" | "critical" | "high" | "low"'.
src/subapps/dxf-viewer/ui/components/shared/OverrideToggle.tsx(104,76): error TS2345: Argument of type '"secondary"' is not assignable to parameter of type '"error" | "default" | "medium" | "info" | "success" | "warning" | "muted" | "subtle" | "critical" | "high" | "low"'.
src/subapps/dxf-viewer/ui/components/shared/SliderInput.tsx(13,30): error TS2307: Cannot find module '../../config/panel-tokens' or its corresponding type declarations.
src/subapps/dxf-viewer/ui/components/shared/SliderInput.tsx(14,23): error TS2307: Cannot find module '../../styles/quick-styles' or its corresponding type declarations.
src/subapps/dxf-viewer/ui/components/shared/SubTabRenderer.tsx(129,15): error TS2322: Type 'Record<string, unknown> | { color: any; }' is not assignable to type 'LineSettings'.
src/subapps/dxf-viewer/ui/components/shared/SubTabRenderer.tsx(130,15): error TS2322: Type 'Record<string, unknown> | { color: any; }' is not assignable to type 'TextSettings'.
src/subapps/dxf-viewer/ui/components/shared/SubTabRenderer.tsx(131,15): error TS2740: Type 'Record<string, unknown>' is missing the following properties from type 'GripSettings': enabled, gripSize, pickBoxSize, apertureSize, and 9 more.
src/subapps/dxf-viewer/ui/components/shared/SubTabRenderer.tsx(139,13): error TS2322: Type 'Record<string, unknown> | { color: any; }' is not assignable to type 'LineSettings'.
src/subapps/dxf-viewer/ui/components/shared/SubTabRenderer.tsx(140,13): error TS2322: Type 'Record<string, unknown> | { color: any; }' is not assignable to type 'TextSettings'.
src/subapps/dxf-viewer/ui/components/shared/SubTabRenderer.tsx(141,13): error TS2739: Type 'Record<string, unknown>' is missing the following properties from type 'GripSettings': showGrips, gripSize, gripShape, showFill, colors
src/subapps/dxf-viewer/ui/components/tests-modal/components/TestTabs.tsx(26,55): error TS2345: Argument of type '"focus"' is not assignable to parameter of type '"error" | "default" | "info" | "success" | "warning" | "muted" | "subtle"'.
src/subapps/dxf-viewer/ui/components/tests-modal/components/TestTabs.tsx(36,55): error TS2345: Argument of type '"focus"' is not assignable to parameter of type '"error" | "default" | "info" | "success" | "warning" | "muted" | "subtle"'.
src/subapps/dxf-viewer/ui/components/tests-modal/components/TestTabs.tsx(46,55): error TS2345: Argument of type '"focus"' is not assignable to parameter of type '"error" | "default" | "info" | "success" | "warning" | "muted" | "subtle"'.
src/subapps/dxf-viewer/ui/components/tests-modal/constants/debugTools.ts(131,17): error TS2769: No overload matches this call.
  The last overload gave the following error.
src/subapps/dxf-viewer/ui/components/tests-modal/examples/advanced-usage.tsx(18,28): error TS2307: Cannot find module '../TestsModal' or its corresponding type declarations.
src/subapps/dxf-viewer/ui/components/tests-modal/examples/advanced-usage.tsx(19,10): error TS2300: Duplicate identifier 'useBorderTokens'.
src/subapps/dxf-viewer/ui/components/tests-modal/examples/advanced-usage.tsx(26,10): error TS2300: Duplicate identifier 'useBorderTokens'.
src/subapps/dxf-viewer/ui/components/tests-modal/examples/basic-usage.tsx(11,28): error TS2307: Cannot find module '../TestsModal' or its corresponding type declarations.
src/subapps/dxf-viewer/ui/components/tests-modal/examples/custom-tests.tsx(14,28): error TS2307: Cannot find module '../TestsModal' or its corresponding type declarations.
src/subapps/dxf-viewer/ui/CoordinateCalibrationOverlay.tsx(166,87): error TS2345: Argument of type '"active"' is not assignable to parameter of type '"hover" | "error" | "focus" | "default" | "selected" | undefined'.
src/subapps/dxf-viewer/ui/CursorSettingsPanel.tsx(76,38): error TS2304: Cannot find name 'colors'.
src/subapps/dxf-viewer/ui/CursorSettingsPanel.tsx(77,37): error TS2304: Cannot find name 'colors'.
src/subapps/dxf-viewer/ui/CursorSettingsPanel.tsx(87,34): error TS2304: Cannot find name 'colors'.
src/subapps/dxf-viewer/ui/CursorSettingsPanel.tsx(87,53): error TS2304: Cannot find name 'quick'.
src/subapps/dxf-viewer/ui/CursorSettingsPanel.tsx(114,37): error TS2304: Cannot find name 'colors'.
src/subapps/dxf-viewer/ui/DxfViewerComponents.styles.ts(119,37): error TS2551: Property 'BORDER_HEX_PRIMARY' does not exist on type '{ readonly BG_PRIMARY: "bg-background"; readonly BG_SECONDARY: "bg-muted"; readonly BG_TERTIARY: "bg-card"; readonly BG_HOVER: "hover:bg-gray-600"; readonly TEXT_PRIMARY: "text-white"; ... 23 more ...; readonly FOCUS_RING: "blue-400"; }'. Did you mean 'BORDER_PRIMARY'?
src/subapps/dxf-viewer/ui/DxfViewerComponents.styles.ts(312,37): error TS2551: Property 'BORDER_HEX_SECONDARY' does not exist on type '{ readonly BG_PRIMARY: "bg-background"; readonly BG_SECONDARY: "bg-muted"; readonly BG_TERTIARY: "bg-card"; readonly BG_HOVER: "hover:bg-gray-600"; readonly TEXT_PRIMARY: "text-white"; ... 23 more ...; readonly FOCUS_RING: "blue-400"; }'. Did you mean 'BORDER_SECONDARY'?
src/subapps/dxf-viewer/ui/DxfViewerComponents.styles.ts(332,33): error TS2551: Property 'BORDER_HEX_SECONDARY' does not exist on type '{ readonly BG_PRIMARY: "bg-background"; readonly BG_SECONDARY: "bg-muted"; readonly BG_TERTIARY: "bg-card"; readonly BG_HOVER: "hover:bg-gray-600"; readonly TEXT_PRIMARY: "text-white"; ... 23 more ...; readonly FOCUS_RING: "blue-400"; }'. Did you mean 'BORDER_SECONDARY'?
src/subapps/dxf-viewer/ui/DxfViewerComponents.styles.ts(337,33): error TS2551: Property 'BORDER_HEX_ACCENT' does not exist on type '{ readonly BG_PRIMARY: "bg-background"; readonly BG_SECONDARY: "bg-muted"; readonly BG_TERTIARY: "bg-card"; readonly BG_HOVER: "hover:bg-gray-600"; readonly TEXT_PRIMARY: "text-white"; ... 23 more ...; readonly FOCUS_RING: "blue-400"; }'. Did you mean 'BORDER_ACCENT'?
src/subapps/dxf-viewer/ui/DxfViewerComponents.styles.ts(342,33): error TS2551: Property 'BORDER_HEX_SECONDARY' does not exist on type '{ readonly BG_PRIMARY: "bg-background"; readonly BG_SECONDARY: "bg-muted"; readonly BG_TERTIARY: "bg-card"; readonly BG_HOVER: "hover:bg-gray-600"; readonly TEXT_PRIMARY: "text-white"; ... 23 more ...; readonly FOCUS_RING: "blue-400"; }'. Did you mean 'BORDER_SECONDARY'?
src/subapps/dxf-viewer/ui/DxfViewerComponents.styles.ts(379,31): error TS2551: Property 'BORDER_HEX_ACCENT' does not exist on type '{ readonly BG_PRIMARY: "bg-background"; readonly BG_SECONDARY: "bg-muted"; readonly BG_TERTIARY: "bg-card"; readonly BG_HOVER: "hover:bg-gray-600"; readonly TEXT_PRIMARY: "text-white"; ... 23 more ...; readonly FOCUS_RING: "blue-400"; }'. Did you mean 'BORDER_ACCENT'?
src/subapps/dxf-viewer/ui/DxfViewerComponents.styles.ts(383,31): error TS2551: Property 'BORDER_HEX_SECONDARY' does not exist on type '{ readonly BG_PRIMARY: "bg-background"; readonly BG_SECONDARY: "bg-muted"; readonly BG_TERTIARY: "bg-card"; readonly BG_HOVER: "hover:bg-gray-600"; readonly TEXT_PRIMARY: "text-white"; ... 23 more ...; readonly FOCUS_RING: "blue-400"; }'. Did you mean 'BORDER_SECONDARY'?
src/subapps/dxf-viewer/ui/DxfViewerComponents.styles.ts(407,31): error TS2551: Property 'BORDER_HEX_ACCENT' does not exist on type '{ readonly BG_PRIMARY: "bg-background"; readonly BG_SECONDARY: "bg-muted"; readonly BG_TERTIARY: "bg-card"; readonly BG_HOVER: "hover:bg-gray-600"; readonly TEXT_PRIMARY: "text-white"; ... 23 more ...; readonly FOCUS_RING: "blue-400"; }'. Did you mean 'BORDER_ACCENT'?
src/subapps/dxf-viewer/ui/DxfViewerComponents.styles.ts(411,31): error TS2551: Property 'BORDER_HEX_SECONDARY' does not exist on type '{ readonly BG_PRIMARY: "bg-background"; readonly BG_SECONDARY: "bg-muted"; readonly BG_TERTIARY: "bg-card"; readonly BG_HOVER: "hover:bg-gray-600"; readonly TEXT_PRIMARY: "text-white"; ... 23 more ...; readonly FOCUS_RING: "blue-400"; }'. Did you mean 'BORDER_SECONDARY'?
src/subapps/dxf-viewer/ui/DxfViewerComponents.styles.ts(428,37): error TS2551: Property 'BORDER_HEX_SECONDARY' does not exist on type '{ readonly BG_PRIMARY: "bg-background"; readonly BG_SECONDARY: "bg-muted"; readonly BG_TERTIARY: "bg-card"; readonly BG_HOVER: "hover:bg-gray-600"; readonly TEXT_PRIMARY: "text-white"; ... 23 more ...; readonly FOCUS_RING: "blue-400"; }'. Did you mean 'BORDER_SECONDARY'?
src/subapps/dxf-viewer/ui/DxfViewerComponents.styles.ts(559,31): error TS2551: Property 'BORDER_HEX_ACCENT' does not exist on type '{ readonly BG_PRIMARY: "bg-background"; readonly BG_SECONDARY: "bg-muted"; readonly BG_TERTIARY: "bg-card"; readonly BG_HOVER: "hover:bg-gray-600"; readonly TEXT_PRIMARY: "text-white"; ... 23 more ...; readonly FOCUS_RING: "blue-400"; }'. Did you mean 'BORDER_ACCENT'?
src/subapps/dxf-viewer/ui/DxfViewerComponents.styles.ts(563,31): error TS2551: Property 'BORDER_HEX_SECONDARY' does not exist on type '{ readonly BG_PRIMARY: "bg-background"; readonly BG_SECONDARY: "bg-muted"; readonly BG_TERTIARY: "bg-card"; readonly BG_HOVER: "hover:bg-gray-600"; readonly TEXT_PRIMARY: "text-white"; ... 23 more ...; readonly FOCUS_RING: "blue-400"; }'. Did you mean 'BORDER_SECONDARY'?
src/subapps/dxf-viewer/ui/DxfViewerComponents.styles.ts(778,37): error TS2551: Property 'BORDER_HEX_PRIMARY' does not exist on type '{ readonly BG_PRIMARY: "bg-background"; readonly BG_SECONDARY: "bg-muted"; readonly BG_TERTIARY: "bg-card"; readonly BG_HOVER: "hover:bg-gray-600"; readonly TEXT_PRIMARY: "text-white"; ... 23 more ...; readonly FOCUS_RING: "blue-400"; }'. Did you mean 'BORDER_PRIMARY'?
src/subapps/dxf-viewer/ui/FloatingPanelContainer.tsx(120,66): error TS2352: Conversion of type 'Window & typeof globalThis' to type 'Window & { _glog: { t: number; }; }' may be a mistake because neither type sufficiently overlaps with the other. If this was intentional, convert the expression to 'unknown' first.
src/subapps/dxf-viewer/ui/hooks/useConsolidatedSettings.deprecated.ts(173,17): error TS2411: Property 'overrideGlobalSettings' of type 'boolean' is not assignable to 'string' index type 'T'.
src/subapps/dxf-viewer/ui/hooks/useConsolidatedSettings.deprecated.ts(174,41): error TS2411: Property 'overrideGlobalSettings' of type 'boolean' is not assignable to 'string' index type 'Partial<T>'.
src/subapps/dxf-viewer/ui/hooks/useConsolidatedSettings.deprecated.ts(192,42): error TS2345: Argument of type 'Partial<OverrideSettings<T>>' is not assignable to parameter of type 'Partial<{ [key: string]: Partial<T>; overrideGlobalSettings: boolean; }>'.
src/subapps/dxf-viewer/ui/hooks/useFloatingPanelHandle.ts(64,36): error TS2538: Type 'undefined' cannot be used as an index type.
src/subapps/dxf-viewer/ui/hooks/useFloatingPanelHandle.ts(72,27): error TS2345: Argument of type 'string | undefined' is not assignable to parameter of type 'string'.
src/subapps/dxf-viewer/ui/hooks/useFloatingPanelHandle.ts(76,39): error TS2345: Argument of type 'string | undefined' is not assignable to parameter of type 'string'.
src/subapps/dxf-viewer/ui/hooks/useFloatingPanelState.ts(17,16): error TS2304: Cannot find name 'PanelType'.
src/subapps/dxf-viewer/ui/hooks/useFloatingPanelState.ts(23,27): error TS2304: Cannot find name 'PanelType'.
src/subapps/dxf-viewer/ui/hooks/useLayerOperations.ts(79,29): error TS2554: Expected 2-4 arguments, but got 1.
src/subapps/dxf-viewer/ui/hooks/useLayerOperations.ts(102,7): error TS2304: Cannot find name 'notifications'.
src/subapps/dxf-viewer/ui/hooks/useLayerOperations.ts(114,7): error TS2304: Cannot find name 'notifications'.
src/subapps/dxf-viewer/ui/hooks/useLayerOperations.ts(125,29): error TS2554: Expected 2-4 arguments, but got 1.
src/subapps/dxf-viewer/ui/hooks/useLayerOperations.ts(158,29): error TS2554: Expected 2-4 arguments, but got 1.
src/subapps/dxf-viewer/ui/hooks/useLayerOperations.ts(204,9): error TS2353: Object literal may only specify known properties, and 'frozen' does not exist in type 'SceneLayer'.
src/subapps/dxf-viewer/ui/hooks/useLayerOperations.ts(247,29): error TS2554: Expected 2-4 arguments, but got 1.
src/subapps/dxf-viewer/ui/hooks/useLayerOperations.ts(271,7): error TS2304: Cannot find name 'notifications'.
src/subapps/dxf-viewer/ui/hooks/useLayerOperations.ts(302,29): error TS2554: Expected 2-4 arguments, but got 1.
src/subapps/dxf-viewer/ui/hooks/useSettingsUpdater.ts(31,7): error TS2322: Type 'undefined' is not assignable to type 'SettingsValue'.
src/subapps/dxf-viewer/ui/hooks/useSettingsUpdater.ts(101,43): error TS2345: Argument of type 'unknown' is not assignable to parameter of type 'SettingsValue'.
src/subapps/dxf-viewer/ui/hooks/useSettingsUpdater.ts(159,40): error TS2345: Argument of type 'number | boolean' is not assignable to parameter of type 'number'.
src/subapps/dxf-viewer/ui/hooks/useSettingsUpdater.ts(179,19): error TS2345: Argument of type 'number | boolean' is not assignable to parameter of type 'number'.
src/subapps/dxf-viewer/ui/hooks/useSettingsUpdater.ts(179,27): error TS2365: Operator '>=' cannot be applied to types 'number | boolean' and 'number'.
src/subapps/dxf-viewer/ui/hooks/useSettingsUpdater.ts(179,41): error TS2365: Operator '<=' cannot be applied to types 'number | boolean' and 'number'.
src/subapps/dxf-viewer/ui/ImportWizard.tsx(34,17): error TS2739: Type '{}' is missing the following properties from type 'LevelSelectionStepProps': onNext, onClose
src/subapps/dxf-viewer/ui/OverlayList.tsx(134,76): error TS2345: Argument of type '"active"' is not assignable to parameter of type '"error" | "default" | "medium" | "info" | "success" | "warning" | "muted" | "subtle" | "critical" | "high" | "low"'.
src/subapps/dxf-viewer/ui/OverlayProperties.tsx(127,97): error TS2345: Argument of type 'string' is not assignable to parameter of type 'number'.
src/subapps/dxf-viewer/ui/OverlayProperties.tsx(160,91): error TS2345: Argument of type 'string' is not assignable to parameter of type 'number'.
src/subapps/dxf-viewer/ui/OverlayToolbar.tsx(103,26): error TS2345: Argument of type '{ strokeColor: string; fillColor: string; lineWidth: number; opacity: number; lineType: string; }' is not assignable to parameter of type 'Partial<ToolStyle>'.
src/subapps/dxf-viewer/ui/OverlayToolbar.tsx(122,29): error TS2349: This expression is not callable.
src/subapps/dxf-viewer/ui/toolbar/EnhancedDXFToolbar.tsx(189,5): error TS2353: Object literal may only specify known properties, and 'showLayers' does not exist in type '{ canUndo: boolean; canRedo: boolean; snapEnabled: boolean; showGrid: boolean; autoCrop: boolean; showCursorSettings?: boolean | undefined; onAction: (action: string, data?: string | number | boolean | undefined) => void; }'.
src/subapps/dxf-viewer/ui/toolbar/EnhancedDXFToolbar.tsx(194,24): error TS2345: Argument of type 'string | number | boolean | undefined' is not assignable to parameter of type 'string | number | Record<string, unknown> | undefined'.
src/subapps/dxf-viewer/ui/toolbar/EnhancedDXFToolbar.tsx(242,197): error TS2551: Property 'inverted' does not exist on type 'SemanticTextColors'. Did you mean 'inverse'?
src/subapps/dxf-viewer/ui/toolbar/EnhancedDXFToolbar.tsx(256,19): error TS2322: Type 'boolean | undefined' is not assignable to type 'boolean'.
src/subapps/dxf-viewer/ui/toolbar/EnhancedDXFToolbar.tsx(258,66): error TS2345: Argument of type 'string' is not assignable to parameter of type 'ToolType'.
src/subapps/dxf-viewer/ui/toolbar/EnhancedDXFToolbar.tsx(310,9): error TS2322: Type '((file: File, encoding?: string | undefined) => void) | undefined' is not assignable to type '((file: File) => Promise<void>) | undefined'.
src/subapps/dxf-viewer/ui/toolbar/toolDefinitions.ts(88,9): error TS2322: Type '({ size, color, strokeWidth }: AngleIconProps) => Element' is not assignable to type 'string | ComponentType<SVGProps<SVGSVGElement>>'.
src/subapps/dxf-viewer/ui/toolbar/toolDefinitions.ts(93,46): error TS2322: Type '({ size, color, strokeWidth }: AngleIconProps) => Element' is not assignable to type 'string | ComponentType<SVGProps<SVGSVGElement>>'.
src/subapps/dxf-viewer/ui/toolbar/toolDefinitions.ts(94,55): error TS2322: Type '({ size, color, strokeWidth }: AngleLineArcIconProps) => Element' is not assignable to type 'string | ComponentType<SVGProps<SVGSVGElement>>'.
src/subapps/dxf-viewer/ui/toolbar/toolDefinitions.ts(95,55): error TS2322: Type '({ size, color, strokeWidth }: AngleTwoArcsIconProps) => Element' is not assignable to type 'string | ComponentType<SVGProps<SVGSVGElement>>'.
src/subapps/dxf-viewer/ui/toolbar/toolDefinitions.ts(96,58): error TS2322: Type '({ size, color, strokeWidth }: AngleMeasureGeomIconProps) => Element' is not assignable to type 'string | ComponentType<SVGProps<SVGSVGElement>>'.
src/subapps/dxf-viewer/ui/toolbar/toolDefinitions.ts(97,57): error TS2322: Type '({ size, color, strokeWidth }: AngleConstraintIconProps) => Element' is not assignable to type 'string | ComponentType<SVGProps<SVGSVGElement>>'.
src/subapps/dxf-viewer/ui/toolbar/types.ts(94,14): error TS2739: Type '{ 'measure-distance': { id: "measure-distance"; name: string; icon: string; shortcut: string; description: string; requiredPoints: number; }; 'measure-area': { id: "measure-area"; name: string; icon: string; shortcut: string; description: string; requiredPoints: number; }; 'measure-angle': { ...; }; 'measure-radius'...' is missing the following properties from type 'Record<MeasurementTool, MeasurementToolConfig>': "measure-angle-line-arc", "measure-angle-two-arcs", "measure-angle-measuregeom", "measure-angle-constraint"
src/subapps/dxf-viewer/ui/toolbar/ui/ToolbarButton.tsx(22,48): error TS2307: Cannot find module '../../components/shared/BaseButton' or its corresponding type declarations.
src/subapps/dxf-viewer/ui/wizard/CalibrationStep.tsx(24,22): error TS2345: Argument of type 'import("C:/Nestor_Pagonis/src/subapps/dxf-viewer/ui/wizard/utils/calibration-utils").CalibrationData' is not assignable to parameter of type 'import("C:/Nestor_Pagonis/src/subapps/dxf-viewer/systems/levels/config").CalibrationData'.
src/subapps/dxf-viewer/ui/wizard/CalibrationStep.tsx(31,22): error TS2345: Argument of type 'import("C:/Nestor_Pagonis/src/subapps/dxf-viewer/ui/wizard/utils/calibration-utils").CalibrationData' is not assignable to parameter of type 'import("C:/Nestor_Pagonis/src/subapps/dxf-viewer/systems/levels/config").CalibrationData'.
src/subapps/dxf-viewer/ui/wizard/CalibrationStep.tsx(38,22): error TS2345: Argument of type 'import("C:/Nestor_Pagonis/src/subapps/dxf-viewer/ui/wizard/utils/calibration-utils").CalibrationData' is not assignable to parameter of type 'import("C:/Nestor_Pagonis/src/subapps/dxf-viewer/systems/levels/config").CalibrationData'.
src/subapps/dxf-viewer/ui/wizard/CalibrationStep.tsx(69,40): error TS2345: Argument of type '"active"' is not assignable to parameter of type '"error" | "default" | "medium" | "info" | "success" | "warning" | "muted" | "subtle" | "critical" | "high" | "low"'.
src/subapps/dxf-viewer/ui/wizard/LevelSelectionStep.tsx(65,38): error TS2345: Argument of type '"active"' is not assignable to parameter of type '"error" | "default" | "medium" | "info" | "success" | "warning" | "muted" | "subtle" | "critical" | "high" | "low"'.
src/subapps/dxf-viewer/ui/wizard/LevelSelectionStep.tsx(98,38): error TS2345: Argument of type '"active"' is not assignable to parameter of type '"error" | "default" | "medium" | "info" | "success" | "warning" | "muted" | "subtle" | "critical" | "high" | "low"'.
src/subapps/dxf-viewer/utils/dxf-entity-parser.ts(300,7): error TS2353: Object literal may only specify known properties, and 'height' does not exist in type 'TextEntity & Pick<BaseEntity, "name">'.
src/subapps/dxf-viewer/utils/dxf-entity-parser.ts(328,7): error TS2353: Object literal may only specify known properties, and 'height' does not exist in type 'TextEntity & Pick<BaseEntity, "name">'.
src/subapps/dxf-viewer/utils/dxf-loader.ts(3,3): error TS2305: Module '"../types/scene"' has no exported member 'Point2D'.
src/subapps/dxf-viewer/utils/dxf-scene-builder.ts(29,47): error TS2345: Argument of type 'string | undefined' is not assignable to parameter of type 'string'.
src/subapps/dxf-viewer/utils/dynamicSystemImports.ts(10,3): error TS2345: Argument of type '() => Promise<typeof import("C:/Nestor_Pagonis/src/subapps/dxf-viewer/systems/toolbars/ToolbarsSystem")>' is not assignable to parameter of type 'DynamicOptions<{}> | Loader<{}>'.
src/subapps/dxf-viewer/utils/dynamicSystemImports.ts(18,3): error TS2345: Argument of type '() => Promise<typeof import("C:/Nestor_Pagonis/src/subapps/dxf-viewer/systems/rulers-grid/RulersGridSystem")>' is not assignable to parameter of type 'DynamicOptions<{}> | Loader<{}>'.
src/subapps/dxf-viewer/utils/dynamicSystemImports.ts(26,3): error TS2345: Argument of type '() => Promise<typeof import("C:/Nestor_Pagonis/src/subapps/dxf-viewer/systems/constraints/ConstraintsSystem")>' is not assignable to parameter of type 'DynamicOptions<{}> | Loader<{}>'.
src/subapps/dxf-viewer/utils/geometry/SegmentChaining.ts(220,11): error TS2322: Type '{ seg: Segment & { index: number; }; point: string; distance: number; target: string; }' is not assignable to type 'ConnectionCandidate'.
src/subapps/dxf-viewer/utils/hover/index.ts(33,12): error TS2678: Type '"lwpolyline"' is not comparable to type '"angle-measurement" | "line" | "polyline" | "circle" | "arc" | "rectangle" | "point" | "text" | "dimension" | "block"'.
src/subapps/dxf-viewer/utils/hover/index.ts(40,12): error TS2678: Type '"rect"' is not comparable to type '"angle-measurement" | "line" | "polyline" | "circle" | "arc" | "rectangle" | "point" | "text" | "dimension" | "block"'.
src/subapps/dxf-viewer/utils/hover/index.ts(46,12): error TS2678: Type '"ellipse"' is not comparable to type '"angle-measurement" | "line" | "polyline" | "circle" | "arc" | "rectangle" | "point" | "text" | "dimension" | "block"'.
src/subapps/dxf-viewer/utils/hover/index.ts(50,12): error TS2678: Type '"mtext"' is not comparable to type '"angle-measurement" | "line" | "polyline" | "circle" | "arc" | "rectangle" | "point" | "text" | "dimension" | "block"'.
src/subapps/dxf-viewer/utils/hover/index.ts(53,12): error TS2678: Type '"spline"' is not comparable to type '"angle-measurement" | "line" | "polyline" | "circle" | "arc" | "rectangle" | "point" | "text" | "dimension" | "block"'.
src/subapps/dxf-viewer/utils/hover/shape-renderers.ts(169,9): error TS2322: Type 'Point2D | undefined' is not assignable to type 'Point2D'.
src/subapps/dxf-viewer/utils/hover/shape-renderers.ts(170,14): error TS18048: 'rect.corner2' is possibly 'undefined'.
src/subapps/dxf-viewer/utils/hover/shape-renderers.ts(170,33): error TS18048: 'rect.corner1' is possibly 'undefined'.
src/subapps/dxf-viewer/utils/hover/shape-renderers.ts(171,9): error TS2322: Type 'Point2D | undefined' is not assignable to type 'Point2D'.
src/subapps/dxf-viewer/utils/hover/shape-renderers.ts(172,14): error TS18048: 'rect.corner1' is possibly 'undefined'.
src/subapps/dxf-viewer/utils/hover/shape-renderers.ts(172,33): error TS18048: 'rect.corner2' is possibly 'undefined'.
