{"numFailedTestSuites":12,"numFailedTests":33,"numPassedTestSuites":8,"numPassedTests":296,"numPendingTestSuites":0,"numPendingTests":0,"numRuntimeErrorTestSuites":0,"numTodoTests":0,"numTotalTestSuites":20,"numTotalTests":329,"openHandles":[],"snapshot":{"added":0,"didUpdate":false,"failure":false,"filesAdded":0,"filesRemoved":0,"filesRemovedList":[],"filesUnmatched":0,"filesUpdated":0,"matched":0,"total":0,"unchecked":0,"uncheckedKeysByFile":[],"unmatched":0,"updated":0},"startTime":1768084857997,"success":false,"testResults":[{"assertionResults":[{"ancestorTitles":["🎲 Property-Based Coordinate Testing"],"duration":146,"failing":false,"failureDetails":[{}],"failureMessages":["Error: Property failed after 43 tests\n{ seed: 42, path: \"42:13:2:2:2:5:34:14:0:3:10:25:2:1:10:12:0:1:4\", endOnFailure: true }\nCounterexample: [{\"width\":424,\"height\":240},{\"scale\":0.0528720123073717,\"offsetX\":1e-323,\"offsetY\":-6.697996805319361e-66}]\nShrunk 18 time(s)\nGot error: Property failed by returning false\n\nEncountered failures were:\n- [{\"width\":467,\"height\":245},{\"scale\":0.09776845905037185,\"offsetX\":3.5e-323,\"offsetY\":-4.709798632571917e-62}]\n- [{\"width\":467,\"height\":245},{\"scale\":0.054475672143889445,\"offsetX\":3.5e-323,\"offsetY\":-4.709798632571917e-62}]\n- [{\"width\":431,\"height\":245},{\"scale\":0.054475672143889445,\"offsetX\":3.5e-323,\"offsetY\":-4.709798632571917e-62}]\n- [{\"width\":427,\"height\":245},{\"scale\":0.054475672143889445,\"offsetX\":3.5e-323,\"offsetY\":-4.709798632571917e-62}]\n- [{\"width\":427,\"height\":240},{\"scale\":0.054475672143889445,\"offsetX\":3.5e-323,\"offsetY\":-4.709798632571917e-62}]\n- [{\"width\":427,\"height\":240},{\"scale\":0.05287201230755842,\"offsetX\":3.5e-323,\"offsetY\":-4.709798632571917e-62}]\n- [{\"width\":427,\"height\":240},{\"scale\":0.052872012307371735,\"offsetX\":3.5e-323,\"offsetY\":-4.709798632571917e-62}]\n- [{\"width\":427,\"height\":240},{\"scale\":0.052872012307371714,\"offsetX\":3.5e-323,\"offsetY\":-4.709798632571917e-62}]\n- [{\"width\":425,\"height\":240},{\"scale\":0.052872012307371714,\"offsetX\":3.5e-323,\"offsetY\":-4.709798632571917e-62}]\n- [{\"width\":425,\"height\":240},{\"scale\":0.052872012307371714,\"offsetX\":2e-323,\"offsetY\":-4.709798632571917e-62}]\n- [{\"width\":425,\"height\":240},{\"scale\":0.052872012307371714,\"offsetX\":2e-323,\"offsetY\":-6.698011351267162e-66}]\n- [{\"width\":425,\"height\":240},{\"scale\":0.052872012307371714,\"offsetX\":2e-323,\"offsetY\":-6.697996861987199e-66}]\n- [{\"width\":425,\"height\":240},{\"scale\":0.052872012307371714,\"offsetX\":1e-323,\"offsetY\":-6.697996861987199e-66}]\n- [{\"width\":425,\"height\":240},{\"scale\":0.05287201230737171,\"offsetX\":1e-323,\"offsetY\":-6.697996861987199e-66}]\n- [{\"width\":425,\"height\":240},{\"scale\":0.05287201230737171,\"offsetX\":1e-323,\"offsetY\":-6.69799680538845e-66}]\n- [{\"width\":425,\"height\":240},{\"scale\":0.05287201230737171,\"offsetX\":1e-323,\"offsetY\":-6.697996805333178e-66}]\n- [{\"width\":424,\"height\":240},{\"scale\":0.05287201230737171,\"offsetX\":1e-323,\"offsetY\":-6.697996805333178e-66}]\n- [{\"width\":424,\"height\":240},{\"scale\":0.0528720123073717,\"offsetX\":1e-323,\"offsetY\":-6.697996805333178e-66}]\n- [{\"width\":424,\"height\":240},{\"scale\":0.0528720123073717,\"offsetX\":1e-323,\"offsetY\":-6.697996805319361e-66}]\n    at buildError (C:\\Nestor_Pagonis\\node_modules\\.pnpm\\fast-check@3.23.2\\node_modules\\fast-check\\lib\\check\\runner\\utils\\RunDetailsFormatter.js:132:15)\n    at throwIfFailed (C:\\Nestor_Pagonis\\node_modules\\.pnpm\\fast-check@3.23.2\\node_modules\\fast-check\\lib\\check\\runner\\utils\\RunDetailsFormatter.js:144:11)\n    at reportRunDetails (C:\\Nestor_Pagonis\\node_modules\\.pnpm\\fast-check@3.23.2\\node_modules\\fast-check\\lib\\check\\runner\\utils\\RunDetailsFormatter.js:157:16)\n    at Object.assert (C:\\Nestor_Pagonis\\node_modules\\.pnpm\\fast-check@3.23.2\\node_modules\\fast-check\\lib\\check\\runner\\Runner.js:73:52)\n    at Object.assert (C:\\Nestor_Pagonis\\src\\subapps\\dxf-viewer\\__tests__\\coord.prop.test.ts:59:8)\n    at Promise.finally.completed (C:\\Nestor_Pagonis\\node_modules\\.pnpm\\jest-circus@30.2.0\\node_modules\\jest-circus\\build\\jestAdapterInit.js:1557:28)\n    at new Promise (<anonymous>)\n    at callAsyncCircusFn (C:\\Nestor_Pagonis\\node_modules\\.pnpm\\jest-circus@30.2.0\\node_modules\\jest-circus\\build\\jestAdapterInit.js:1497:10)\n    at _callCircusTest (C:\\Nestor_Pagonis\\node_modules\\.pnpm\\jest-circus@30.2.0\\node_modules\\jest-circus\\build\\jestAdapterInit.js:1007:40)\n    at _runTest (C:\\Nestor_Pagonis\\node_modules\\.pnpm\\jest-circus@30.2.0\\node_modules\\jest-circus\\build\\jestAdapterInit.js:947:3)\n    at C:\\Nestor_Pagonis\\node_modules\\.pnpm\\jest-circus@30.2.0\\node_modules\\jest-circus\\build\\jestAdapterInit.js:849:7\n    at _runTestsForDescribeBlock (C:\\Nestor_Pagonis\\node_modules\\.pnpm\\jest-circus@30.2.0\\node_modules\\jest-circus\\build\\jestAdapterInit.js:862:11)\n    at _runTestsForDescribeBlock (C:\\Nestor_Pagonis\\node_modules\\.pnpm\\jest-circus@30.2.0\\node_modules\\jest-circus\\build\\jestAdapterInit.js:857:11)\n    at run (C:\\Nestor_Pagonis\\node_modules\\.pnpm\\jest-circus@30.2.0\\node_modules\\jest-circus\\build\\jestAdapterInit.js:761:3)\n    at runAndTransformResultsToJestFormat (C:\\Nestor_Pagonis\\node_modules\\.pnpm\\jest-circus@30.2.0\\node_modules\\jest-circus\\build\\jestAdapterInit.js:1918:21)\n    at jestAdapter (C:\\Nestor_Pagonis\\node_modules\\.pnpm\\jest-circus@30.2.0\\node_modules\\jest-circus\\build\\runner.js:101:19)\n    at runTestInternal (C:\\Nestor_Pagonis\\node_modules\\.pnpm\\jest-runner@30.2.0\\node_modules\\jest-runner\\build\\index.js:275:16)\n    at runTest (C:\\Nestor_Pagonis\\node_modules\\.pnpm\\jest-runner@30.2.0\\node_modules\\jest-runner\\build\\index.js:343:7)"],"fullName":"🎲 Property-Based Coordinate Testing coordinate reversibility property holds","invocations":1,"location":null,"numPassingAsserts":0,"retryReasons":[],"startAt":1768084861081,"status":"failed","title":"coordinate reversibility property holds"},{"ancestorTitles":["🎲 Property-Based Coordinate Testing"],"duration":29,"failing":false,"failureDetails":[{}],"failureMessages":["Error: Property failed after 195 tests\n{ seed: 123, path: \"194:0:0:56:56:56:56\", endOnFailure: true }\nCounterexample: [{\"width\":320,\"height\":240},{\"scale\":Number.NaN,\"offsetX\":0,\"offsetY\":0},{\"x\":0,\"y\":0}]\nShrunk 6 time(s)\nGot error: Property failed by returning false\n\nEncountered failures were:\n- [{\"width\":3396,\"height\":1490},{\"scale\":Number.NaN,\"offsetX\":3.04412840619638e-284,\"offsetY\":-2.3771899837045986e-79},{\"x\":-3.983816127658363e-144,\"y\":3e-323}]\n- [{\"width\":320,\"height\":1490},{\"scale\":Number.NaN,\"offsetX\":3.04412840619638e-284,\"offsetY\":-2.3771899837045986e-79},{\"x\":-3.983816127658363e-144,\"y\":3e-323}]\n- [{\"width\":320,\"height\":240},{\"scale\":Number.NaN,\"offsetX\":3.04412840619638e-284,\"offsetY\":-2.3771899837045986e-79},{\"x\":-3.983816127658363e-144,\"y\":3e-323}]\n- [{\"width\":320,\"height\":240},{\"scale\":Number.NaN,\"offsetX\":0,\"offsetY\":-2.3771899837045986e-79},{\"x\":-3.983816127658363e-144,\"y\":3e-323}]\n- [{\"width\":320,\"height\":240},{\"scale\":Number.NaN,\"offsetX\":0,\"offsetY\":0},{\"x\":-3.983816127658363e-144,\"y\":3e-323}]\n- [{\"width\":320,\"height\":240},{\"scale\":Number.NaN,\"offsetX\":0,\"offsetY\":0},{\"x\":0,\"y\":3e-323}]\n- [{\"width\":320,\"height\":240},{\"scale\":Number.NaN,\"offsetX\":0,\"offsetY\":0},{\"x\":0,\"y\":0}]\n    at buildError (C:\\Nestor_Pagonis\\node_modules\\.pnpm\\fast-check@3.23.2\\node_modules\\fast-check\\lib\\check\\runner\\utils\\RunDetailsFormatter.js:132:15)\n    at throwIfFailed (C:\\Nestor_Pagonis\\node_modules\\.pnpm\\fast-check@3.23.2\\node_modules\\fast-check\\lib\\check\\runner\\utils\\RunDetailsFormatter.js:144:11)\n    at reportRunDetails (C:\\Nestor_Pagonis\\node_modules\\.pnpm\\fast-check@3.23.2\\node_modules\\fast-check\\lib\\check\\runner\\utils\\RunDetailsFormatter.js:157:16)\n    at Object.assert (C:\\Nestor_Pagonis\\node_modules\\.pnpm\\fast-check@3.23.2\\node_modules\\fast-check\\lib\\check\\runner\\Runner.js:73:52)\n    at Object.assert (C:\\Nestor_Pagonis\\src\\subapps\\dxf-viewer\\__tests__\\coord.prop.test.ts:87:8)\n    at Promise.finally.completed (C:\\Nestor_Pagonis\\node_modules\\.pnpm\\jest-circus@30.2.0\\node_modules\\jest-circus\\build\\jestAdapterInit.js:1557:28)\n    at new Promise (<anonymous>)\n    at callAsyncCircusFn (C:\\Nestor_Pagonis\\node_modules\\.pnpm\\jest-circus@30.2.0\\node_modules\\jest-circus\\build\\jestAdapterInit.js:1497:10)\n    at _callCircusTest (C:\\Nestor_Pagonis\\node_modules\\.pnpm\\jest-circus@30.2.0\\node_modules\\jest-circus\\build\\jestAdapterInit.js:1007:40)\n    at _runTest (C:\\Nestor_Pagonis\\node_modules\\.pnpm\\jest-circus@30.2.0\\node_modules\\jest-circus\\build\\jestAdapterInit.js:947:3)\n    at C:\\Nestor_Pagonis\\node_modules\\.pnpm\\jest-circus@30.2.0\\node_modules\\jest-circus\\build\\jestAdapterInit.js:849:7\n    at _runTestsForDescribeBlock (C:\\Nestor_Pagonis\\node_modules\\.pnpm\\jest-circus@30.2.0\\node_modules\\jest-circus\\build\\jestAdapterInit.js:862:11)\n    at _runTestsForDescribeBlock (C:\\Nestor_Pagonis\\node_modules\\.pnpm\\jest-circus@30.2.0\\node_modules\\jest-circus\\build\\jestAdapterInit.js:857:11)\n    at run (C:\\Nestor_Pagonis\\node_modules\\.pnpm\\jest-circus@30.2.0\\node_modules\\jest-circus\\build\\jestAdapterInit.js:761:3)\n    at runAndTransformResultsToJestFormat (C:\\Nestor_Pagonis\\node_modules\\.pnpm\\jest-circus@30.2.0\\node_modules\\jest-circus\\build\\jestAdapterInit.js:1918:21)\n    at jestAdapter (C:\\Nestor_Pagonis\\node_modules\\.pnpm\\jest-circus@30.2.0\\node_modules\\jest-circus\\build\\runner.js:101:19)\n    at runTestInternal (C:\\Nestor_Pagonis\\node_modules\\.pnpm\\jest-runner@30.2.0\\node_modules\\jest-runner\\build\\index.js:275:16)\n    at runTest (C:\\Nestor_Pagonis\\node_modules\\.pnpm\\jest-runner@30.2.0\\node_modules\\jest-runner\\build\\index.js:343:7)"],"fullName":"🎲 Property-Based Coordinate Testing inverse coordinate reversibility property holds","invocations":1,"location":null,"numPassingAsserts":0,"retryReasons":[],"startAt":1768084861244,"status":"failed","title":"inverse coordinate reversibility property holds"},{"ancestorTitles":["🎲 Property-Based Coordinate Testing"],"duration":22,"failing":false,"failureDetails":[],"failureMessages":[],"fullName":"🎲 Property-Based Coordinate Testing scale invariance property holds","invocations":1,"location":null,"numPassingAsserts":0,"retryReasons":[],"startAt":1768084861274,"status":"passed","title":"scale invariance property holds"},{"ancestorTitles":["🎲 Property-Based Coordinate Testing"],"duration":2,"failing":false,"failureDetails":[{}],"failureMessages":["Error: Property failed after 1 tests\n{ seed: 782330291, path: \"0:0:0:0:0:0\", endOnFailure: true }\nCounterexample: [{\"width\":320,\"height\":240},{\"scale\":0.01,\"offsetX\":0,\"offsetY\":0}]\nShrunk 5 time(s)\nGot error: Property failed by returning false\n\nEncountered failures were:\n- [{\"width\":2527,\"height\":246},{\"scale\":34.352565963814875,\"offsetX\":-1.5e-322,\"offsetY\":6.783514868078967e-198}]\n- [{\"width\":320,\"height\":246},{\"scale\":34.352565963814875,\"offsetX\":-1.5e-322,\"offsetY\":6.783514868078967e-198}]\n- [{\"width\":320,\"height\":240},{\"scale\":34.352565963814875,\"offsetX\":-1.5e-322,\"offsetY\":6.783514868078967e-198}]\n- [{\"width\":320,\"height\":240},{\"scale\":0.01,\"offsetX\":-1.5e-322,\"offsetY\":6.783514868078967e-198}]\n- [{\"width\":320,\"height\":240},{\"scale\":0.01,\"offsetX\":0,\"offsetY\":6.783514868078967e-198}]\n- [{\"width\":320,\"height\":240},{\"scale\":0.01,\"offsetX\":0,\"offsetY\":0}]\n    at buildError (C:\\Nestor_Pagonis\\node_modules\\.pnpm\\fast-check@3.23.2\\node_modules\\fast-check\\lib\\check\\runner\\utils\\RunDetailsFormatter.js:132:15)\n    at throwIfFailed (C:\\Nestor_Pagonis\\node_modules\\.pnpm\\fast-check@3.23.2\\node_modules\\fast-check\\lib\\check\\runner\\utils\\RunDetailsFormatter.js:144:11)\n    at reportRunDetails (C:\\Nestor_Pagonis\\node_modules\\.pnpm\\fast-check@3.23.2\\node_modules\\fast-check\\lib\\check\\runner\\utils\\RunDetailsFormatter.js:157:16)\n    at Object.assert (C:\\Nestor_Pagonis\\node_modules\\.pnpm\\fast-check@3.23.2\\node_modules\\fast-check\\lib\\check\\runner\\Runner.js:73:52)\n    at Object.assert (C:\\Nestor_Pagonis\\src\\subapps\\dxf-viewer\\__tests__\\coord.prop.test.ts:149:8)\n    at Promise.finally.completed (C:\\Nestor_Pagonis\\node_modules\\.pnpm\\jest-circus@30.2.0\\node_modules\\jest-circus\\build\\jestAdapterInit.js:1557:28)\n    at new Promise (<anonymous>)\n    at callAsyncCircusFn (C:\\Nestor_Pagonis\\node_modules\\.pnpm\\jest-circus@30.2.0\\node_modules\\jest-circus\\build\\jestAdapterInit.js:1497:10)\n    at _callCircusTest (C:\\Nestor_Pagonis\\node_modules\\.pnpm\\jest-circus@30.2.0\\node_modules\\jest-circus\\build\\jestAdapterInit.js:1007:40)\n    at _runTest (C:\\Nestor_Pagonis\\node_modules\\.pnpm\\jest-circus@30.2.0\\node_modules\\jest-circus\\build\\jestAdapterInit.js:947:3)\n    at C:\\Nestor_Pagonis\\node_modules\\.pnpm\\jest-circus@30.2.0\\node_modules\\jest-circus\\build\\jestAdapterInit.js:849:7\n    at _runTestsForDescribeBlock (C:\\Nestor_Pagonis\\node_modules\\.pnpm\\jest-circus@30.2.0\\node_modules\\jest-circus\\build\\jestAdapterInit.js:862:11)\n    at _runTestsForDescribeBlock (C:\\Nestor_Pagonis\\node_modules\\.pnpm\\jest-circus@30.2.0\\node_modules\\jest-circus\\build\\jestAdapterInit.js:857:11)\n    at run (C:\\Nestor_Pagonis\\node_modules\\.pnpm\\jest-circus@30.2.0\\node_modules\\jest-circus\\build\\jestAdapterInit.js:761:3)\n    at runAndTransformResultsToJestFormat (C:\\Nestor_Pagonis\\node_modules\\.pnpm\\jest-circus@30.2.0\\node_modules\\jest-circus\\build\\jestAdapterInit.js:1918:21)\n    at jestAdapter (C:\\Nestor_Pagonis\\node_modules\\.pnpm\\jest-circus@30.2.0\\node_modules\\jest-circus\\build\\runner.js:101:19)\n    at runTestInternal (C:\\Nestor_Pagonis\\node_modules\\.pnpm\\jest-runner@30.2.0\\node_modules\\jest-runner\\build\\index.js:275:16)\n    at runTest (C:\\Nestor_Pagonis\\node_modules\\.pnpm\\jest-runner@30.2.0\\node_modules\\jest-runner\\build\\index.js:343:7)"],"fullName":"🎲 Property-Based Coordinate Testing origin point transformation property","invocations":1,"location":null,"numPassingAsserts":0,"retryReasons":[],"startAt":1768084861297,"status":"failed","title":"origin point transformation property"},{"ancestorTitles":["🎲 Property-Based Coordinate Testing"],"duration":7,"failing":false,"failureDetails":[{}],"failureMessages":["Error: Property failed after 23 tests\n{ seed: 370690182, path: \"22:64\", endOnFailure: true }\nCounterexample: [[{\"width\":4096,\"height\":2160},{\"scale\":0.001,\"offsetX\":0,\"offsetY\":0},{\"x\":Number.NaN,\"y\":0}]]\nShrunk 1 time(s)\nGot error: Property failed by returning false\n\nEncountered failures were:\n- [[{\"width\":4096,\"height\":2160},{\"scale\":0.001,\"offsetX\":0,\"offsetY\":0},{\"x\":Number.NaN,\"y\":2.215121342415675e-230}]]\n- [[{\"width\":4096,\"height\":2160},{\"scale\":0.001,\"offsetX\":0,\"offsetY\":0},{\"x\":Number.NaN,\"y\":0}]]\n    at buildError (C:\\Nestor_Pagonis\\node_modules\\.pnpm\\fast-check@3.23.2\\node_modules\\fast-check\\lib\\check\\runner\\utils\\RunDetailsFormatter.js:132:15)\n    at throwIfFailed (C:\\Nestor_Pagonis\\node_modules\\.pnpm\\fast-check@3.23.2\\node_modules\\fast-check\\lib\\check\\runner\\utils\\RunDetailsFormatter.js:144:11)\n    at reportRunDetails (C:\\Nestor_Pagonis\\node_modules\\.pnpm\\fast-check@3.23.2\\node_modules\\fast-check\\lib\\check\\runner\\utils\\RunDetailsFormatter.js:157:16)\n    at Object.assert (C:\\Nestor_Pagonis\\node_modules\\.pnpm\\fast-check@3.23.2\\node_modules\\fast-check\\lib\\check\\runner\\Runner.js:73:52)\n    at Object.assert (C:\\Nestor_Pagonis\\src\\subapps\\dxf-viewer\\__tests__\\coord.prop.test.ts:190:8)\n    at Promise.finally.completed (C:\\Nestor_Pagonis\\node_modules\\.pnpm\\jest-circus@30.2.0\\node_modules\\jest-circus\\build\\jestAdapterInit.js:1557:28)\n    at new Promise (<anonymous>)\n    at callAsyncCircusFn (C:\\Nestor_Pagonis\\node_modules\\.pnpm\\jest-circus@30.2.0\\node_modules\\jest-circus\\build\\jestAdapterInit.js:1497:10)\n    at _callCircusTest (C:\\Nestor_Pagonis\\node_modules\\.pnpm\\jest-circus@30.2.0\\node_modules\\jest-circus\\build\\jestAdapterInit.js:1007:40)\n    at _runTest (C:\\Nestor_Pagonis\\node_modules\\.pnpm\\jest-circus@30.2.0\\node_modules\\jest-circus\\build\\jestAdapterInit.js:947:3)\n    at C:\\Nestor_Pagonis\\node_modules\\.pnpm\\jest-circus@30.2.0\\node_modules\\jest-circus\\build\\jestAdapterInit.js:849:7\n    at _runTestsForDescribeBlock (C:\\Nestor_Pagonis\\node_modules\\.pnpm\\jest-circus@30.2.0\\node_modules\\jest-circus\\build\\jestAdapterInit.js:862:11)\n    at _runTestsForDescribeBlock (C:\\Nestor_Pagonis\\node_modules\\.pnpm\\jest-circus@30.2.0\\node_modules\\jest-circus\\build\\jestAdapterInit.js:857:11)\n    at run (C:\\Nestor_Pagonis\\node_modules\\.pnpm\\jest-circus@30.2.0\\node_modules\\jest-circus\\build\\jestAdapterInit.js:761:3)\n    at runAndTransformResultsToJestFormat (C:\\Nestor_Pagonis\\node_modules\\.pnpm\\jest-circus@30.2.0\\node_modules\\jest-circus\\build\\jestAdapterInit.js:1918:21)\n    at jestAdapter (C:\\Nestor_Pagonis\\node_modules\\.pnpm\\jest-circus@30.2.0\\node_modules\\jest-circus\\build\\runner.js:101:19)\n    at runTestInternal (C:\\Nestor_Pagonis\\node_modules\\.pnpm\\jest-runner@30.2.0\\node_modules\\jest-runner\\build\\index.js:275:16)\n    at runTest (C:\\Nestor_Pagonis\\node_modules\\.pnpm\\jest-runner@30.2.0\\node_modules\\jest-runner\\build\\index.js:343:7)"],"fullName":"🎲 Property-Based Coordinate Testing boundary conditions property holds","invocations":1,"location":null,"numPassingAsserts":0,"retryReasons":[],"startAt":1768084861300,"status":"failed","title":"boundary conditions property holds"},{"ancestorTitles":["🎲 Property-Based Coordinate Testing"],"duration":11,"failing":false,"failureDetails":[],"failureMessages":[],"fullName":"🎲 Property-Based Coordinate Testing transformation performance property","invocations":1,"location":null,"numPassingAsserts":0,"retryReasons":[],"startAt":1768084861307,"status":"passed","title":"transformation performance property"},{"ancestorTitles":["🎲 Property-Based Coordinate Testing"],"duration":26,"failing":false,"failureDetails":[{}],"failureMessages":["Error: Property failed after 16 tests\n{ seed: -1288216663, path: \"15:19:0:0:63\", endOnFailure: true }\nCounterexample: [[{\"width\":533,\"height\":2151},{\"scale\":0.01,\"offsetX\":0,\"offsetY\":0},{\"x\":Number.NaN,\"y\":0}]]\nShrunk 4 time(s)\nGot error: Property failed by returning false\n\nEncountered failures were:\n- [[{\"width\":533,\"height\":2151},{\"scale\":0.05381239483070635,\"offsetX\":1.24e-322,\"offsetY\":-1.496080821949732e-221},{\"x\":Number.NaN,\"y\":3.168140949673016e-161}]]\n- [[{\"width\":533,\"height\":2151},{\"scale\":0.01,\"offsetX\":1.24e-322,\"offsetY\":-1.496080821949732e-221},{\"x\":Number.NaN,\"y\":3.168140949673016e-161}]]\n- [[{\"width\":533,\"height\":2151},{\"scale\":0.01,\"offsetX\":0,\"offsetY\":-1.496080821949732e-221},{\"x\":Number.NaN,\"y\":3.168140949673016e-161}]]\n- [[{\"width\":533,\"height\":2151},{\"scale\":0.01,\"offsetX\":0,\"offsetY\":0},{\"x\":Number.NaN,\"y\":3.168140949673016e-161}]]\n- [[{\"width\":533,\"height\":2151},{\"scale\":0.01,\"offsetX\":0,\"offsetY\":0},{\"x\":Number.NaN,\"y\":0}]]\n    at buildError (C:\\Nestor_Pagonis\\node_modules\\.pnpm\\fast-check@3.23.2\\node_modules\\fast-check\\lib\\check\\runner\\utils\\RunDetailsFormatter.js:132:15)\n    at throwIfFailed (C:\\Nestor_Pagonis\\node_modules\\.pnpm\\fast-check@3.23.2\\node_modules\\fast-check\\lib\\check\\runner\\utils\\RunDetailsFormatter.js:144:11)\n    at reportRunDetails (C:\\Nestor_Pagonis\\node_modules\\.pnpm\\fast-check@3.23.2\\node_modules\\fast-check\\lib\\check\\runner\\utils\\RunDetailsFormatter.js:157:16)\n    at Object.assert (C:\\Nestor_Pagonis\\node_modules\\.pnpm\\fast-check@3.23.2\\node_modules\\fast-check\\lib\\check\\runner\\Runner.js:73:52)\n    at Object.assert (C:\\Nestor_Pagonis\\src\\subapps\\dxf-viewer\\__tests__\\coord.prop.test.ts:259:8)\n    at Promise.finally.completed (C:\\Nestor_Pagonis\\node_modules\\.pnpm\\jest-circus@30.2.0\\node_modules\\jest-circus\\build\\jestAdapterInit.js:1557:28)\n    at new Promise (<anonymous>)\n    at callAsyncCircusFn (C:\\Nestor_Pagonis\\node_modules\\.pnpm\\jest-circus@30.2.0\\node_modules\\jest-circus\\build\\jestAdapterInit.js:1497:10)\n    at _callCircusTest (C:\\Nestor_Pagonis\\node_modules\\.pnpm\\jest-circus@30.2.0\\node_modules\\jest-circus\\build\\jestAdapterInit.js:1007:40)\n    at _runTest (C:\\Nestor_Pagonis\\node_modules\\.pnpm\\jest-circus@30.2.0\\node_modules\\jest-circus\\build\\jestAdapterInit.js:947:3)\n    at C:\\Nestor_Pagonis\\node_modules\\.pnpm\\jest-circus@30.2.0\\node_modules\\jest-circus\\build\\jestAdapterInit.js:849:7\n    at _runTestsForDescribeBlock (C:\\Nestor_Pagonis\\node_modules\\.pnpm\\jest-circus@30.2.0\\node_modules\\jest-circus\\build\\jestAdapterInit.js:862:11)\n    at _runTestsForDescribeBlock (C:\\Nestor_Pagonis\\node_modules\\.pnpm\\jest-circus@30.2.0\\node_modules\\jest-circus\\build\\jestAdapterInit.js:857:11)\n    at run (C:\\Nestor_Pagonis\\node_modules\\.pnpm\\jest-circus@30.2.0\\node_modules\\jest-circus\\build\\jestAdapterInit.js:761:3)\n    at runAndTransformResultsToJestFormat (C:\\Nestor_Pagonis\\node_modules\\.pnpm\\jest-circus@30.2.0\\node_modules\\jest-circus\\build\\jestAdapterInit.js:1918:21)\n    at jestAdapter (C:\\Nestor_Pagonis\\node_modules\\.pnpm\\jest-circus@30.2.0\\node_modules\\jest-circus\\build\\runner.js:101:19)\n    at runTestInternal (C:\\Nestor_Pagonis\\node_modules\\.pnpm\\jest-runner@30.2.0\\node_modules\\jest-runner\\build\\index.js:275:16)\n    at runTest (C:\\Nestor_Pagonis\\node_modules\\.pnpm\\jest-runner@30.2.0\\node_modules\\jest-runner\\build\\index.js:343:7)"],"fullName":"🎲 Property-Based Coordinate Testing numerical stability under repeated transformations","invocations":1,"location":null,"numPassingAsserts":0,"retryReasons":[],"startAt":1768084861319,"status":"failed","title":"numerical stability under repeated transformations"},{"ancestorTitles":["🔍 Property-Based Shrinking Demo"],"duration":2,"failing":false,"failureDetails":[],"failureMessages":[],"fullName":"🔍 Property-Based Shrinking Demo demonstrates automatic shrinking to minimal failing case","invocations":1,"location":null,"numPassingAsserts":0,"retryReasons":[],"startAt":1768084861350,"status":"passed","title":"demonstrates automatic shrinking to minimal failing case"}],"endTime":1768084861423,"message":"  ● 🎲 Property-Based Coordinate Testing › coordinate reversibility property holds\n\n    Property failed after 43 tests\n    { seed: 42, path: \"42:13:2:2:2:5:34:14:0:3:10:25:2:1:10:12:0:1:4\", endOnFailure: true }\n    Counterexample: [{\"width\":424,\"height\":240},{\"scale\":0.0528720123073717,\"offsetX\":1e-323,\"offsetY\":-6.697996805319361e-66}]\n    Shrunk 18 time(s)\n    Got error: Property failed by returning false\n\n    Encountered failures were:\n    - [{\"width\":467,\"height\":245},{\"scale\":0.09776845905037185,\"offsetX\":3.5e-323,\"offsetY\":-4.709798632571917e-62}]\n    - [{\"width\":467,\"height\":245},{\"scale\":0.054475672143889445,\"offsetX\":3.5e-323,\"offsetY\":-4.709798632571917e-62}]\n    - [{\"width\":431,\"height\":245},{\"scale\":0.054475672143889445,\"offsetX\":3.5e-323,\"offsetY\":-4.709798632571917e-62}]\n    - [{\"width\":427,\"height\":245},{\"scale\":0.054475672143889445,\"offsetX\":3.5e-323,\"offsetY\":-4.709798632571917e-62}]\n    - [{\"width\":427,\"height\":240},{\"scale\":0.054475672143889445,\"offsetX\":3.5e-323,\"offsetY\":-4.709798632571917e-62}]\n    - [{\"width\":427,\"height\":240},{\"scale\":0.05287201230755842,\"offsetX\":3.5e-323,\"offsetY\":-4.709798632571917e-62}]\n    - [{\"width\":427,\"height\":240},{\"scale\":0.052872012307371735,\"offsetX\":3.5e-323,\"offsetY\":-4.709798632571917e-62}]\n    - [{\"width\":427,\"height\":240},{\"scale\":0.052872012307371714,\"offsetX\":3.5e-323,\"offsetY\":-4.709798632571917e-62}]\n    - [{\"width\":425,\"height\":240},{\"scale\":0.052872012307371714,\"offsetX\":3.5e-323,\"offsetY\":-4.709798632571917e-62}]\n    - [{\"width\":425,\"height\":240},{\"scale\":0.052872012307371714,\"offsetX\":2e-323,\"offsetY\":-4.709798632571917e-62}]\n    - [{\"width\":425,\"height\":240},{\"scale\":0.052872012307371714,\"offsetX\":2e-323,\"offsetY\":-6.698011351267162e-66}]\n    - [{\"width\":425,\"height\":240},{\"scale\":0.052872012307371714,\"offsetX\":2e-323,\"offsetY\":-6.697996861987199e-66}]\n    - [{\"width\":425,\"height\":240},{\"scale\":0.052872012307371714,\"offsetX\":1e-323,\"offsetY\":-6.697996861987199e-66}]\n    - [{\"width\":425,\"height\":240},{\"scale\":0.05287201230737171,\"offsetX\":1e-323,\"offsetY\":-6.697996861987199e-66}]\n    - [{\"width\":425,\"height\":240},{\"scale\":0.05287201230737171,\"offsetX\":1e-323,\"offsetY\":-6.69799680538845e-66}]\n    - [{\"width\":425,\"height\":240},{\"scale\":0.05287201230737171,\"offsetX\":1e-323,\"offsetY\":-6.697996805333178e-66}]\n    - [{\"width\":424,\"height\":240},{\"scale\":0.05287201230737171,\"offsetX\":1e-323,\"offsetY\":-6.697996805333178e-66}]\n    - [{\"width\":424,\"height\":240},{\"scale\":0.0528720123073717,\"offsetX\":1e-323,\"offsetY\":-6.697996805333178e-66}]\n    - [{\"width\":424,\"height\":240},{\"scale\":0.0528720123073717,\"offsetX\":1e-323,\"offsetY\":-6.697996805319361e-66}]\n\n    \u001b[0m \u001b[90m 57 |\u001b[39m \u001b[90m   */\u001b[39m\n     \u001b[90m 58 |\u001b[39m   test(\u001b[32m'coordinate reversibility property holds'\u001b[39m\u001b[33m,\u001b[39m () \u001b[33m=>\u001b[39m {\n    \u001b[31m\u001b[1m>\u001b[22m\u001b[39m\u001b[90m 59 |\u001b[39m     fc\u001b[33m.\u001b[39massert(\n     \u001b[90m    |\u001b[39m        \u001b[31m\u001b[1m^\u001b[22m\u001b[39m\n     \u001b[90m 60 |\u001b[39m       fc\u001b[33m.\u001b[39mproperty(vpArb\u001b[33m,\u001b[39m trArb\u001b[33m,\u001b[39m (vp\u001b[33m,\u001b[39m tf) \u001b[33m=>\u001b[39m {\n     \u001b[90m 61 |\u001b[39m         \u001b[90m// Generate sample points within viewport\u001b[39m\n     \u001b[90m 62 |\u001b[39m         \u001b[36mconst\u001b[39m points \u001b[33m=\u001b[39m fc\u001b[33m.\u001b[39msample(ptArb(vp)\u001b[33m,\u001b[39m \u001b[35m25\u001b[39m)\u001b[33m;\u001b[39m\u001b[0m\n\n      at buildError (node_modules/.pnpm/fast-check@3.23.2/node_modules/fast-check/lib/check/runner/utils/RunDetailsFormatter.js:132:15)\n      at throwIfFailed (node_modules/.pnpm/fast-check@3.23.2/node_modules/fast-check/lib/check/runner/utils/RunDetailsFormatter.js:144:11)\n      at reportRunDetails (node_modules/.pnpm/fast-check@3.23.2/node_modules/fast-check/lib/check/runner/utils/RunDetailsFormatter.js:157:16)\n      at Object.assert (node_modules/.pnpm/fast-check@3.23.2/node_modules/fast-check/lib/check/runner/Runner.js:73:52)\n      at Object.assert (src/subapps/dxf-viewer/__tests__/coord.prop.test.ts:59:8)\n\n  ● 🎲 Property-Based Coordinate Testing › inverse coordinate reversibility property holds\n\n    Property failed after 195 tests\n    { seed: 123, path: \"194:0:0:56:56:56:56\", endOnFailure: true }\n    Counterexample: [{\"width\":320,\"height\":240},{\"scale\":Number.NaN,\"offsetX\":0,\"offsetY\":0},{\"x\":0,\"y\":0}]\n    Shrunk 6 time(s)\n    Got error: Property failed by returning false\n\n    Encountered failures were:\n    - [{\"width\":3396,\"height\":1490},{\"scale\":Number.NaN,\"offsetX\":3.04412840619638e-284,\"offsetY\":-2.3771899837045986e-79},{\"x\":-3.983816127658363e-144,\"y\":3e-323}]\n    - [{\"width\":320,\"height\":1490},{\"scale\":Number.NaN,\"offsetX\":3.04412840619638e-284,\"offsetY\":-2.3771899837045986e-79},{\"x\":-3.983816127658363e-144,\"y\":3e-323}]\n    - [{\"width\":320,\"height\":240},{\"scale\":Number.NaN,\"offsetX\":3.04412840619638e-284,\"offsetY\":-2.3771899837045986e-79},{\"x\":-3.983816127658363e-144,\"y\":3e-323}]\n    - [{\"width\":320,\"height\":240},{\"scale\":Number.NaN,\"offsetX\":0,\"offsetY\":-2.3771899837045986e-79},{\"x\":-3.983816127658363e-144,\"y\":3e-323}]\n    - [{\"width\":320,\"height\":240},{\"scale\":Number.NaN,\"offsetX\":0,\"offsetY\":0},{\"x\":-3.983816127658363e-144,\"y\":3e-323}]\n    - [{\"width\":320,\"height\":240},{\"scale\":Number.NaN,\"offsetX\":0,\"offsetY\":0},{\"x\":0,\"y\":3e-323}]\n    - [{\"width\":320,\"height\":240},{\"scale\":Number.NaN,\"offsetX\":0,\"offsetY\":0},{\"x\":0,\"y\":0}]\n\n    \u001b[0m \u001b[90m 85 |\u001b[39m \u001b[90m   */\u001b[39m\n     \u001b[90m 86 |\u001b[39m   test(\u001b[32m'inverse coordinate reversibility property holds'\u001b[39m\u001b[33m,\u001b[39m () \u001b[33m=>\u001b[39m {\n    \u001b[31m\u001b[1m>\u001b[22m\u001b[39m\u001b[90m 87 |\u001b[39m     fc\u001b[33m.\u001b[39massert(\n     \u001b[90m    |\u001b[39m        \u001b[31m\u001b[1m^\u001b[22m\u001b[39m\n     \u001b[90m 88 |\u001b[39m       fc\u001b[33m.\u001b[39mproperty(vpArb\u001b[33m,\u001b[39m trArb\u001b[33m,\u001b[39m worldPtArb\u001b[33m,\u001b[39m (vp\u001b[33m,\u001b[39m tf\u001b[33m,\u001b[39m worldPt) \u001b[33m=>\u001b[39m {\n     \u001b[90m 89 |\u001b[39m         \u001b[36mconst\u001b[39m screenPt \u001b[33m=\u001b[39m \u001b[33mCoordinateTransforms\u001b[39m\u001b[33m.\u001b[39mworldToScreen(worldPt\u001b[33m,\u001b[39m tf\u001b[33m,\u001b[39m vp)\u001b[33m;\u001b[39m\n     \u001b[90m 90 |\u001b[39m         \u001b[36mconst\u001b[39m backToWorld \u001b[33m=\u001b[39m \u001b[33mCoordinateTransforms\u001b[39m\u001b[33m.\u001b[39mscreenToWorld(screenPt\u001b[33m,\u001b[39m tf\u001b[33m,\u001b[39m vp)\u001b[33m;\u001b[39m\u001b[0m\n\n      at buildError (node_modules/.pnpm/fast-check@3.23.2/node_modules/fast-check/lib/check/runner/utils/RunDetailsFormatter.js:132:15)\n      at throwIfFailed (node_modules/.pnpm/fast-check@3.23.2/node_modules/fast-check/lib/check/runner/utils/RunDetailsFormatter.js:144:11)\n      at reportRunDetails (node_modules/.pnpm/fast-check@3.23.2/node_modules/fast-check/lib/check/runner/utils/RunDetailsFormatter.js:157:16)\n      at Object.assert (node_modules/.pnpm/fast-check@3.23.2/node_modules/fast-check/lib/check/runner/Runner.js:73:52)\n      at Object.assert (src/subapps/dxf-viewer/__tests__/coord.prop.test.ts:87:8)\n\n  ● 🎲 Property-Based Coordinate Testing › origin point transformation property\n\n    Property failed after 1 tests\n    { seed: 782330291, path: \"0:0:0:0:0:0\", endOnFailure: true }\n    Counterexample: [{\"width\":320,\"height\":240},{\"scale\":0.01,\"offsetX\":0,\"offsetY\":0}]\n    Shrunk 5 time(s)\n    Got error: Property failed by returning false\n\n    Encountered failures were:\n    - [{\"width\":2527,\"height\":246},{\"scale\":34.352565963814875,\"offsetX\":-1.5e-322,\"offsetY\":6.783514868078967e-198}]\n    - [{\"width\":320,\"height\":246},{\"scale\":34.352565963814875,\"offsetX\":-1.5e-322,\"offsetY\":6.783514868078967e-198}]\n    - [{\"width\":320,\"height\":240},{\"scale\":34.352565963814875,\"offsetX\":-1.5e-322,\"offsetY\":6.783514868078967e-198}]\n    - [{\"width\":320,\"height\":240},{\"scale\":0.01,\"offsetX\":-1.5e-322,\"offsetY\":6.783514868078967e-198}]\n    - [{\"width\":320,\"height\":240},{\"scale\":0.01,\"offsetX\":0,\"offsetY\":6.783514868078967e-198}]\n    - [{\"width\":320,\"height\":240},{\"scale\":0.01,\"offsetX\":0,\"offsetY\":0}]\n\n    \u001b[0m \u001b[90m 147 |\u001b[39m \u001b[90m   */\u001b[39m\n     \u001b[90m 148 |\u001b[39m   test(\u001b[32m'origin point transformation property'\u001b[39m\u001b[33m,\u001b[39m () \u001b[33m=>\u001b[39m {\n    \u001b[31m\u001b[1m>\u001b[22m\u001b[39m\u001b[90m 149 |\u001b[39m     fc\u001b[33m.\u001b[39massert(\n     \u001b[90m     |\u001b[39m        \u001b[31m\u001b[1m^\u001b[22m\u001b[39m\n     \u001b[90m 150 |\u001b[39m       fc\u001b[33m.\u001b[39mproperty(vpArb\u001b[33m,\u001b[39m trArb\u001b[33m,\u001b[39m (vp\u001b[33m,\u001b[39m tf) \u001b[33m=>\u001b[39m {\n     \u001b[90m 151 |\u001b[39m         \u001b[36mconst\u001b[39m origin\u001b[33m:\u001b[39m \u001b[33mPoint2D\u001b[39m \u001b[33m=\u001b[39m { x\u001b[33m:\u001b[39m \u001b[35m0\u001b[39m\u001b[33m,\u001b[39m y\u001b[33m:\u001b[39m \u001b[35m0\u001b[39m }\u001b[33m;\u001b[39m\n     \u001b[90m 152 |\u001b[39m\u001b[0m\n\n      at buildError (node_modules/.pnpm/fast-check@3.23.2/node_modules/fast-check/lib/check/runner/utils/RunDetailsFormatter.js:132:15)\n      at throwIfFailed (node_modules/.pnpm/fast-check@3.23.2/node_modules/fast-check/lib/check/runner/utils/RunDetailsFormatter.js:144:11)\n      at reportRunDetails (node_modules/.pnpm/fast-check@3.23.2/node_modules/fast-check/lib/check/runner/utils/RunDetailsFormatter.js:157:16)\n      at Object.assert (node_modules/.pnpm/fast-check@3.23.2/node_modules/fast-check/lib/check/runner/Runner.js:73:52)\n      at Object.assert (src/subapps/dxf-viewer/__tests__/coord.prop.test.ts:149:8)\n\n  ● 🎲 Property-Based Coordinate Testing › boundary conditions property holds\n\n    Property failed after 23 tests\n    { seed: 370690182, path: \"22:64\", endOnFailure: true }\n    Counterexample: [[{\"width\":4096,\"height\":2160},{\"scale\":0.001,\"offsetX\":0,\"offsetY\":0},{\"x\":Number.NaN,\"y\":0}]]\n    Shrunk 1 time(s)\n    Got error: Property failed by returning false\n\n    Encountered failures were:\n    - [[{\"width\":4096,\"height\":2160},{\"scale\":0.001,\"offsetX\":0,\"offsetY\":0},{\"x\":Number.NaN,\"y\":2.215121342415675e-230}]]\n    - [[{\"width\":4096,\"height\":2160},{\"scale\":0.001,\"offsetX\":0,\"offsetY\":0},{\"x\":Number.NaN,\"y\":0}]]\n\n    \u001b[0m \u001b[90m 188 |\u001b[39m     ]\u001b[33m;\u001b[39m\n     \u001b[90m 189 |\u001b[39m\n    \u001b[31m\u001b[1m>\u001b[22m\u001b[39m\u001b[90m 190 |\u001b[39m     fc\u001b[33m.\u001b[39massert(\n     \u001b[90m     |\u001b[39m        \u001b[31m\u001b[1m^\u001b[22m\u001b[39m\n     \u001b[90m 191 |\u001b[39m       fc\u001b[33m.\u001b[39mproperty(\n     \u001b[90m 192 |\u001b[39m         fc\u001b[33m.\u001b[39mconstantFrom(\u001b[33m...\u001b[39mextremeViewports)\u001b[33m.\u001b[39mchain(vp \u001b[33m=>\u001b[39m\n     \u001b[90m 193 |\u001b[39m           fc\u001b[33m.\u001b[39mtuple(\u001b[0m\n\n      at buildError (node_modules/.pnpm/fast-check@3.23.2/node_modules/fast-check/lib/check/runner/utils/RunDetailsFormatter.js:132:15)\n      at throwIfFailed (node_modules/.pnpm/fast-check@3.23.2/node_modules/fast-check/lib/check/runner/utils/RunDetailsFormatter.js:144:11)\n      at reportRunDetails (node_modules/.pnpm/fast-check@3.23.2/node_modules/fast-check/lib/check/runner/utils/RunDetailsFormatter.js:157:16)\n      at Object.assert (node_modules/.pnpm/fast-check@3.23.2/node_modules/fast-check/lib/check/runner/Runner.js:73:52)\n      at Object.assert (src/subapps/dxf-viewer/__tests__/coord.prop.test.ts:190:8)\n\n  ● 🎲 Property-Based Coordinate Testing › numerical stability under repeated transformations\n\n    Property failed after 16 tests\n    { seed: -1288216663, path: \"15:19:0:0:63\", endOnFailure: true }\n    Counterexample: [[{\"width\":533,\"height\":2151},{\"scale\":0.01,\"offsetX\":0,\"offsetY\":0},{\"x\":Number.NaN,\"y\":0}]]\n    Shrunk 4 time(s)\n    Got error: Property failed by returning false\n\n    Encountered failures were:\n    - [[{\"width\":533,\"height\":2151},{\"scale\":0.05381239483070635,\"offsetX\":1.24e-322,\"offsetY\":-1.496080821949732e-221},{\"x\":Number.NaN,\"y\":3.168140949673016e-161}]]\n    - [[{\"width\":533,\"height\":2151},{\"scale\":0.01,\"offsetX\":1.24e-322,\"offsetY\":-1.496080821949732e-221},{\"x\":Number.NaN,\"y\":3.168140949673016e-161}]]\n    - [[{\"width\":533,\"height\":2151},{\"scale\":0.01,\"offsetX\":0,\"offsetY\":-1.496080821949732e-221},{\"x\":Number.NaN,\"y\":3.168140949673016e-161}]]\n    - [[{\"width\":533,\"height\":2151},{\"scale\":0.01,\"offsetX\":0,\"offsetY\":0},{\"x\":Number.NaN,\"y\":3.168140949673016e-161}]]\n    - [[{\"width\":533,\"height\":2151},{\"scale\":0.01,\"offsetX\":0,\"offsetY\":0},{\"x\":Number.NaN,\"y\":0}]]\n\n    \u001b[0m \u001b[90m 257 |\u001b[39m \u001b[90m   */\u001b[39m\n     \u001b[90m 258 |\u001b[39m   test(\u001b[32m'numerical stability under repeated transformations'\u001b[39m\u001b[33m,\u001b[39m () \u001b[33m=>\u001b[39m {\n    \u001b[31m\u001b[1m>\u001b[22m\u001b[39m\u001b[90m 259 |\u001b[39m     fc\u001b[33m.\u001b[39massert(\n     \u001b[90m     |\u001b[39m        \u001b[31m\u001b[1m^\u001b[22m\u001b[39m\n     \u001b[90m 260 |\u001b[39m       fc\u001b[33m.\u001b[39mproperty(\n     \u001b[90m 261 |\u001b[39m         vpArb\u001b[33m.\u001b[39mchain(vp \u001b[33m=>\u001b[39m\n     \u001b[90m 262 |\u001b[39m           fc\u001b[33m.\u001b[39mtuple(fc\u001b[33m.\u001b[39mconstant(vp)\u001b[33m,\u001b[39m trArb\u001b[33m,\u001b[39m ptArb(vp))\u001b[0m\n\n      at buildError (node_modules/.pnpm/fast-check@3.23.2/node_modules/fast-check/lib/check/runner/utils/RunDetailsFormatter.js:132:15)\n      at throwIfFailed (node_modules/.pnpm/fast-check@3.23.2/node_modules/fast-check/lib/check/runner/utils/RunDetailsFormatter.js:144:11)\n      at reportRunDetails (node_modules/.pnpm/fast-check@3.23.2/node_modules/fast-check/lib/check/runner/utils/RunDetailsFormatter.js:157:16)\n      at Object.assert (node_modules/.pnpm/fast-check@3.23.2/node_modules/fast-check/lib/check/runner/Runner.js:73:52)\n      at Object.assert (src/subapps/dxf-viewer/__tests__/coord.prop.test.ts:259:8)\n","name":"C:\\Nestor_Pagonis\\src\\subapps\\dxf-viewer\\__tests__\\coord.prop.test.ts","startTime":1768084859869,"status":"failed","summary":""},{"assertionResults":[{"ancestorTitles":["DxfSettingsStore","General Settings Management"],"duration":34,"failing":false,"failureDetails":[],"failureMessages":[],"fullName":"DxfSettingsStore General Settings Management should initialize with default settings","invocations":1,"location":null,"numPassingAsserts":3,"retryReasons":[],"startAt":1768084862565,"status":"passed","title":"should initialize with default settings"},{"ancestorTitles":["DxfSettingsStore","General Settings Management"],"duration":13,"failing":false,"failureDetails":[],"failureMessages":[],"fullName":"DxfSettingsStore General Settings Management should update general line settings","invocations":1,"location":null,"numPassingAsserts":3,"retryReasons":[],"startAt":1768084862602,"status":"passed","title":"should update general line settings"},{"ancestorTitles":["DxfSettingsStore","General Settings Management"],"duration":8,"failing":false,"failureDetails":[],"failureMessages":[],"fullName":"DxfSettingsStore General Settings Management should validate settings on update","invocations":1,"location":null,"numPassingAsserts":1,"retryReasons":[],"startAt":1768084862615,"status":"passed","title":"should validate settings on update"},{"ancestorTitles":["DxfSettingsStore","General Settings Management"],"duration":48,"failing":false,"failureDetails":[{"matcherResult":{"actual":{"line":{"enabled":true,"lineType":"solid","lineWidth":1,"color":"#FFFFFF","opacity":1,"dashScale":1,"dashOffset":0,"lineCap":"butt","lineJoin":"miter","breakAtCenter":false,"hoverColor":"#ffff00","hoverType":"solid","hoverWidth":1,"hoverOpacity":0.8,"finalColor":"#00ff00","finalType":"solid","finalWidth":1,"finalOpacity":1,"activeTemplate":null},"text":{"enabled":true,"fontFamily":"Arial","fontSize":14,"fontWeight":400,"fontStyle":"normal","color":"#FFFFFF","opacity":1,"letterSpacing":0,"lineHeight":1.2,"textAlign":"left","textBaseline":"alphabetic","isBold":false,"isItalic":false,"isUnderline":false,"isStrikethrough":false,"isSuperscript":false,"isSubscript":false,"shadowEnabled":false,"shadowOffsetX":0,"shadowOffsetY":0,"shadowBlur":0,"shadowColor":"#000000","strokeEnabled":false,"strokeWidth":1,"strokeColor":"#000000","backgroundEnabled":false,"backgroundColor":"#000000","backgroundPadding":4,"activeTemplate":null},"grip":{"enabled":true,"gripSize":7,"pickBoxSize":3,"apertureSize":10,"opacity":1,"colors":{"cold":"#0000ff","warm":"#ff00ff","hot":"#ff0000","contour":"#000000"},"showAperture":true,"multiGripEdit":true,"snapToGrips":true,"showMidpoints":true,"showCenters":true,"showQuadrants":true,"maxGripsPerEntity":50,"showGrips":true},"cursor":{"enabled":true,"crosshairSize":25,"crosshairColor":"#FFFFFF","cursorSize":5,"cursorColor":"#00ff00"},"grid":{"enabled":true,"spacing":10,"majorLineInterval":5,"color":"#888888","majorColor":"#bbbbbb","opacity":0.5,"style":"lines"},"ruler":{"enabled":true,"unit":"mm","fontSize":10,"textColor":"#FFFFFF","backgroundColor":"#333333"}},"expected":{"line":{"enabled":true,"lineType":"solid","lineWidth":1,"color":"#FFFFFF","opacity":1,"dashScale":1,"dashOffset":0,"lineCap":"butt","lineJoin":"miter","breakAtCenter":false,"hoverColor":"#ffff00","hoverType":"solid","hoverWidth":1,"hoverOpacity":0.8,"finalColor":"#00ff00","finalType":"solid","finalWidth":1,"finalOpacity":1,"activeTemplate":null},"text":{"enabled":true,"fontFamily":"Arial","fontSize":14,"fontWeight":400,"fontStyle":"normal","color":"#FFFFFF","opacity":1,"letterSpacing":0,"lineHeight":1.2,"textAlign":"left","textBaseline":"alphabetic","isBold":false,"isItalic":false,"isUnderline":false,"isStrikethrough":false,"isSuperscript":false,"isSubscript":false,"shadowEnabled":false,"shadowOffsetX":0,"shadowOffsetY":0,"shadowBlur":0,"shadowColor":"#000000","strokeEnabled":false,"strokeWidth":1,"strokeColor":"#000000","backgroundEnabled":false,"backgroundColor":"#000000","backgroundPadding":4,"activeTemplate":null},"grip":{"enabled":true,"gripSize":7,"pickBoxSize":3,"apertureSize":10,"opacity":1,"colors":{"cold":"#0000ff","warm":"#ff00ff","hot":"#ff0000","contour":"#000000"},"showAperture":true,"multiGripEdit":true,"snapToGrips":true,"showMidpoints":true,"showCenters":true,"showQuadrants":true,"maxGripsPerEntity":50,"showGrips":true}},"message":"expect(received).toEqual(expected) // deep equality\n\n- Expected  -  0\n+ Received  + 23\n\n@@ -1,6 +1,22 @@\n  Object {\n+   \"cursor\": Object {\n+     \"crosshairColor\": \"#FFFFFF\",\n+     \"crosshairSize\": 25,\n+     \"cursorColor\": \"#00ff00\",\n+     \"cursorSize\": 5,\n+     \"enabled\": true,\n+   },\n+   \"grid\": Object {\n+     \"color\": \"#888888\",\n+     \"enabled\": true,\n+     \"majorColor\": \"#bbbbbb\",\n+     \"majorLineInterval\": 5,\n+     \"opacity\": 0.5,\n+     \"spacing\": 10,\n+     \"style\": \"lines\",\n+   },\n    \"grip\": Object {\n      \"apertureSize\": 10,\n      \"colors\": Object {\n        \"cold\": \"#0000ff\",\n        \"contour\": \"#000000\",\n@@ -38,10 +54,17 @@\n      \"lineCap\": \"butt\",\n      \"lineJoin\": \"miter\",\n      \"lineType\": \"solid\",\n      \"lineWidth\": 1,\n      \"opacity\": 1,\n+   },\n+   \"ruler\": Object {\n+     \"backgroundColor\": \"#333333\",\n+     \"enabled\": true,\n+     \"fontSize\": 10,\n+     \"textColor\": \"#FFFFFF\",\n+     \"unit\": \"mm\",\n    },\n    \"text\": Object {\n      \"activeTemplate\": null,\n      \"backgroundColor\": \"#000000\",\n      \"backgroundEnabled\": false,","name":"toEqual","pass":false}}],"failureMessages":["Error: expect(received).toEqual(expected) // deep equality\n\n- Expected  -  0\n+ Received  + 23\n\n@@ -1,6 +1,22 @@\n  Object {\n+   \"cursor\": Object {\n+     \"crosshairColor\": \"#FFFFFF\",\n+     \"crosshairSize\": 25,\n+     \"cursorColor\": \"#00ff00\",\n+     \"cursorSize\": 5,\n+     \"enabled\": true,\n+   },\n+   \"grid\": Object {\n+     \"color\": \"#888888\",\n+     \"enabled\": true,\n+     \"majorColor\": \"#bbbbbb\",\n+     \"majorLineInterval\": 5,\n+     \"opacity\": 0.5,\n+     \"spacing\": 10,\n+     \"style\": \"lines\",\n+   },\n    \"grip\": Object {\n      \"apertureSize\": 10,\n      \"colors\": Object {\n        \"cold\": \"#0000ff\",\n        \"contour\": \"#000000\",\n@@ -38,10 +54,17 @@\n      \"lineCap\": \"butt\",\n      \"lineJoin\": \"miter\",\n      \"lineType\": \"solid\",\n      \"lineWidth\": 1,\n      \"opacity\": 1,\n+   },\n+   \"ruler\": Object {\n+     \"backgroundColor\": \"#333333\",\n+     \"enabled\": true,\n+     \"fontSize\": 10,\n+     \"textColor\": \"#FFFFFF\",\n+     \"unit\": \"mm\",\n    },\n    \"text\": Object {\n      \"activeTemplate\": null,\n      \"backgroundColor\": \"#000000\",\n      \"backgroundEnabled\": false,\n    at Object.toEqual (C:\\Nestor_Pagonis\\src\\subapps\\dxf-viewer\\stores\\__tests__\\DxfSettingsStore.test.ts:77:38)\n    at Promise.finally.completed (C:\\Nestor_Pagonis\\node_modules\\.pnpm\\jest-circus@30.2.0\\node_modules\\jest-circus\\build\\jestAdapterInit.js:1557:28)\n    at new Promise (<anonymous>)\n    at callAsyncCircusFn (C:\\Nestor_Pagonis\\node_modules\\.pnpm\\jest-circus@30.2.0\\node_modules\\jest-circus\\build\\jestAdapterInit.js:1497:10)\n    at _callCircusTest (C:\\Nestor_Pagonis\\node_modules\\.pnpm\\jest-circus@30.2.0\\node_modules\\jest-circus\\build\\jestAdapterInit.js:1007:40)\n    at _runTest (C:\\Nestor_Pagonis\\node_modules\\.pnpm\\jest-circus@30.2.0\\node_modules\\jest-circus\\build\\jestAdapterInit.js:947:3)\n    at C:\\Nestor_Pagonis\\node_modules\\.pnpm\\jest-circus@30.2.0\\node_modules\\jest-circus\\build\\jestAdapterInit.js:849:7\n    at _runTestsForDescribeBlock (C:\\Nestor_Pagonis\\node_modules\\.pnpm\\jest-circus@30.2.0\\node_modules\\jest-circus\\build\\jestAdapterInit.js:862:11)\n    at _runTestsForDescribeBlock (C:\\Nestor_Pagonis\\node_modules\\.pnpm\\jest-circus@30.2.0\\node_modules\\jest-circus\\build\\jestAdapterInit.js:857:11)\n    at _runTestsForDescribeBlock (C:\\Nestor_Pagonis\\node_modules\\.pnpm\\jest-circus@30.2.0\\node_modules\\jest-circus\\build\\jestAdapterInit.js:857:11)\n    at run (C:\\Nestor_Pagonis\\node_modules\\.pnpm\\jest-circus@30.2.0\\node_modules\\jest-circus\\build\\jestAdapterInit.js:761:3)\n    at runAndTransformResultsToJestFormat (C:\\Nestor_Pagonis\\node_modules\\.pnpm\\jest-circus@30.2.0\\node_modules\\jest-circus\\build\\jestAdapterInit.js:1918:21)\n    at jestAdapter (C:\\Nestor_Pagonis\\node_modules\\.pnpm\\jest-circus@30.2.0\\node_modules\\jest-circus\\build\\runner.js:101:19)\n    at runTestInternal (C:\\Nestor_Pagonis\\node_modules\\.pnpm\\jest-runner@30.2.0\\node_modules\\jest-runner\\build\\index.js:275:16)\n    at runTest (C:\\Nestor_Pagonis\\node_modules\\.pnpm\\jest-runner@30.2.0\\node_modules\\jest-runner\\build\\index.js:343:7)"],"fullName":"DxfSettingsStore General Settings Management should reset to defaults","invocations":1,"location":null,"numPassingAsserts":0,"retryReasons":[],"startAt":1768084862624,"status":"failed","title":"should reset to defaults"},{"ancestorTitles":["DxfSettingsStore","Override Management"],"duration":15,"failing":false,"failureDetails":[],"failureMessages":[],"fullName":"DxfSettingsStore Override Management should set entity override","invocations":1,"location":null,"numPassingAsserts":1,"retryReasons":[],"startAt":1768084862694,"status":"passed","title":"should set entity override"},{"ancestorTitles":["DxfSettingsStore","Override Management"],"duration":10,"failing":false,"failureDetails":[],"failureMessages":[],"fullName":"DxfSettingsStore Override Management should merge overrides correctly","invocations":1,"location":null,"numPassingAsserts":1,"retryReasons":[],"startAt":1768084862710,"status":"passed","title":"should merge overrides correctly"},{"ancestorTitles":["DxfSettingsStore","Override Management"],"duration":7,"failing":false,"failureDetails":[],"failureMessages":[],"fullName":"DxfSettingsStore Override Management should clear empty overrides","invocations":1,"location":null,"numPassingAsserts":1,"retryReasons":[],"startAt":1768084862723,"status":"passed","title":"should clear empty overrides"},{"ancestorTitles":["DxfSettingsStore","Override Management"],"duration":7,"failing":false,"failureDetails":[],"failureMessages":[],"fullName":"DxfSettingsStore Override Management should apply overrides to selection","invocations":1,"location":null,"numPassingAsserts":3,"retryReasons":[],"startAt":1768084862731,"status":"passed","title":"should apply overrides to selection"},{"ancestorTitles":["DxfSettingsStore","Effective Settings Computation"],"duration":11,"failing":false,"failureDetails":[{"matcherResult":{"actual":{"line":{"enabled":true,"lineType":"solid","lineWidth":1,"color":"#FFFFFF","opacity":1,"dashScale":1,"dashOffset":0,"lineCap":"butt","lineJoin":"miter","breakAtCenter":false,"hoverColor":"#ffff00","hoverType":"solid","hoverWidth":1,"hoverOpacity":0.8,"finalColor":"#00ff00","finalType":"solid","finalWidth":1,"finalOpacity":1,"activeTemplate":null},"text":{"enabled":true,"fontFamily":"Arial","fontSize":14,"fontWeight":400,"fontStyle":"normal","color":"#FFFFFF","opacity":1,"letterSpacing":0,"lineHeight":1.2,"textAlign":"left","textBaseline":"alphabetic","isBold":false,"isItalic":false,"isUnderline":false,"isStrikethrough":false,"isSuperscript":false,"isSubscript":false,"shadowEnabled":false,"shadowOffsetX":0,"shadowOffsetY":0,"shadowBlur":0,"shadowColor":"#000000","strokeEnabled":false,"strokeWidth":1,"strokeColor":"#000000","backgroundEnabled":false,"backgroundColor":"#000000","backgroundPadding":4,"activeTemplate":null},"grip":{"enabled":true,"gripSize":7,"pickBoxSize":3,"apertureSize":10,"opacity":1,"colors":{"cold":"#0000ff","warm":"#ff00ff","hot":"#ff0000","contour":"#000000"},"showAperture":true,"multiGripEdit":true,"snapToGrips":true,"showMidpoints":true,"showCenters":true,"showQuadrants":true,"maxGripsPerEntity":50,"showGrips":true},"cursor":{"enabled":true,"crosshairSize":25,"crosshairColor":"#FFFFFF","cursorSize":5,"cursorColor":"#00ff00"},"grid":{"enabled":true,"spacing":10,"majorLineInterval":5,"color":"#888888","majorColor":"#bbbbbb","opacity":0.5,"style":"lines"},"ruler":{"enabled":true,"unit":"mm","fontSize":10,"textColor":"#FFFFFF","backgroundColor":"#333333"}},"expected":{"line":{"enabled":true,"lineType":"solid","lineWidth":1,"color":"#FFFFFF","opacity":1,"dashScale":1,"dashOffset":0,"lineCap":"butt","lineJoin":"miter","breakAtCenter":false,"hoverColor":"#ffff00","hoverType":"solid","hoverWidth":1,"hoverOpacity":0.8,"finalColor":"#00ff00","finalType":"solid","finalWidth":1,"finalOpacity":1,"activeTemplate":null},"text":{"enabled":true,"fontFamily":"Arial","fontSize":14,"fontWeight":400,"fontStyle":"normal","color":"#FFFFFF","opacity":1,"letterSpacing":0,"lineHeight":1.2,"textAlign":"left","textBaseline":"alphabetic","isBold":false,"isItalic":false,"isUnderline":false,"isStrikethrough":false,"isSuperscript":false,"isSubscript":false,"shadowEnabled":false,"shadowOffsetX":0,"shadowOffsetY":0,"shadowBlur":0,"shadowColor":"#000000","strokeEnabled":false,"strokeWidth":1,"strokeColor":"#000000","backgroundEnabled":false,"backgroundColor":"#000000","backgroundPadding":4,"activeTemplate":null},"grip":{"enabled":true,"gripSize":7,"pickBoxSize":3,"apertureSize":10,"opacity":1,"colors":{"cold":"#0000ff","warm":"#ff00ff","hot":"#ff0000","contour":"#000000"},"showAperture":true,"multiGripEdit":true,"snapToGrips":true,"showMidpoints":true,"showCenters":true,"showQuadrants":true,"maxGripsPerEntity":50,"showGrips":true}},"message":"expect(received).toEqual(expected) // deep equality\n\n- Expected  -  0\n+ Received  + 23\n\n@@ -1,6 +1,22 @@\n  Object {\n+   \"cursor\": Object {\n+     \"crosshairColor\": \"#FFFFFF\",\n+     \"crosshairSize\": 25,\n+     \"cursorColor\": \"#00ff00\",\n+     \"cursorSize\": 5,\n+     \"enabled\": true,\n+   },\n+   \"grid\": Object {\n+     \"color\": \"#888888\",\n+     \"enabled\": true,\n+     \"majorColor\": \"#bbbbbb\",\n+     \"majorLineInterval\": 5,\n+     \"opacity\": 0.5,\n+     \"spacing\": 10,\n+     \"style\": \"lines\",\n+   },\n    \"grip\": Object {\n      \"apertureSize\": 10,\n      \"colors\": Object {\n        \"cold\": \"#0000ff\",\n        \"contour\": \"#000000\",\n@@ -38,10 +54,17 @@\n      \"lineCap\": \"butt\",\n      \"lineJoin\": \"miter\",\n      \"lineType\": \"solid\",\n      \"lineWidth\": 1,\n      \"opacity\": 1,\n+   },\n+   \"ruler\": Object {\n+     \"backgroundColor\": \"#333333\",\n+     \"enabled\": true,\n+     \"fontSize\": 10,\n+     \"textColor\": \"#FFFFFF\",\n+     \"unit\": \"mm\",\n    },\n    \"text\": Object {\n      \"activeTemplate\": null,\n      \"backgroundColor\": \"#000000\",\n      \"backgroundEnabled\": false,","name":"toEqual","pass":false}}],"failureMessages":["Error: expect(received).toEqual(expected) // deep equality\n\n- Expected  -  0\n+ Received  + 23\n\n@@ -1,6 +1,22 @@\n  Object {\n+   \"cursor\": Object {\n+     \"crosshairColor\": \"#FFFFFF\",\n+     \"crosshairSize\": 25,\n+     \"cursorColor\": \"#00ff00\",\n+     \"cursorSize\": 5,\n+     \"enabled\": true,\n+   },\n+   \"grid\": Object {\n+     \"color\": \"#888888\",\n+     \"enabled\": true,\n+     \"majorColor\": \"#bbbbbb\",\n+     \"majorLineInterval\": 5,\n+     \"opacity\": 0.5,\n+     \"spacing\": 10,\n+     \"style\": \"lines\",\n+   },\n    \"grip\": Object {\n      \"apertureSize\": 10,\n      \"colors\": Object {\n        \"cold\": \"#0000ff\",\n        \"contour\": \"#000000\",\n@@ -38,10 +54,17 @@\n      \"lineCap\": \"butt\",\n      \"lineJoin\": \"miter\",\n      \"lineType\": \"solid\",\n      \"lineWidth\": 1,\n      \"opacity\": 1,\n+   },\n+   \"ruler\": Object {\n+     \"backgroundColor\": \"#333333\",\n+     \"enabled\": true,\n+     \"fontSize\": 10,\n+     \"textColor\": \"#FFFFFF\",\n+     \"unit\": \"mm\",\n    },\n    \"text\": Object {\n      \"activeTemplate\": null,\n      \"backgroundColor\": \"#000000\",\n      \"backgroundEnabled\": false,\n    at Object.toEqual (C:\\Nestor_Pagonis\\src\\subapps\\dxf-viewer\\stores\\__tests__\\DxfSettingsStore.test.ts:167:25)\n    at Promise.finally.completed (C:\\Nestor_Pagonis\\node_modules\\.pnpm\\jest-circus@30.2.0\\node_modules\\jest-circus\\build\\jestAdapterInit.js:1557:28)\n    at new Promise (<anonymous>)\n    at callAsyncCircusFn (C:\\Nestor_Pagonis\\node_modules\\.pnpm\\jest-circus@30.2.0\\node_modules\\jest-circus\\build\\jestAdapterInit.js:1497:10)\n    at _callCircusTest (C:\\Nestor_Pagonis\\node_modules\\.pnpm\\jest-circus@30.2.0\\node_modules\\jest-circus\\build\\jestAdapterInit.js:1007:40)\n    at _runTest (C:\\Nestor_Pagonis\\node_modules\\.pnpm\\jest-circus@30.2.0\\node_modules\\jest-circus\\build\\jestAdapterInit.js:947:3)\n    at C:\\Nestor_Pagonis\\node_modules\\.pnpm\\jest-circus@30.2.0\\node_modules\\jest-circus\\build\\jestAdapterInit.js:849:7\n    at _runTestsForDescribeBlock (C:\\Nestor_Pagonis\\node_modules\\.pnpm\\jest-circus@30.2.0\\node_modules\\jest-circus\\build\\jestAdapterInit.js:862:11)\n    at _runTestsForDescribeBlock (C:\\Nestor_Pagonis\\node_modules\\.pnpm\\jest-circus@30.2.0\\node_modules\\jest-circus\\build\\jestAdapterInit.js:857:11)\n    at _runTestsForDescribeBlock (C:\\Nestor_Pagonis\\node_modules\\.pnpm\\jest-circus@30.2.0\\node_modules\\jest-circus\\build\\jestAdapterInit.js:857:11)\n    at run (C:\\Nestor_Pagonis\\node_modules\\.pnpm\\jest-circus@30.2.0\\node_modules\\jest-circus\\build\\jestAdapterInit.js:761:3)\n    at runAndTransformResultsToJestFormat (C:\\Nestor_Pagonis\\node_modules\\.pnpm\\jest-circus@30.2.0\\node_modules\\jest-circus\\build\\jestAdapterInit.js:1918:21)\n    at jestAdapter (C:\\Nestor_Pagonis\\node_modules\\.pnpm\\jest-circus@30.2.0\\node_modules\\jest-circus\\build\\runner.js:101:19)\n    at runTestInternal (C:\\Nestor_Pagonis\\node_modules\\.pnpm\\jest-runner@30.2.0\\node_modules\\jest-runner\\build\\index.js:275:16)\n    at runTest (C:\\Nestor_Pagonis\\node_modules\\.pnpm\\jest-runner@30.2.0\\node_modules\\jest-runner\\build\\index.js:343:7)"],"fullName":"DxfSettingsStore Effective Settings Computation should compute effective settings without overrides","invocations":1,"location":null,"numPassingAsserts":0,"retryReasons":[],"startAt":1768084862739,"status":"failed","title":"should compute effective settings without overrides"},{"ancestorTitles":["DxfSettingsStore","Effective Settings Computation"],"duration":13,"failing":false,"failureDetails":[],"failureMessages":[],"fullName":"DxfSettingsStore Effective Settings Computation should merge general and override settings","invocations":1,"location":null,"numPassingAsserts":3,"retryReasons":[],"startAt":1768084862751,"status":"passed","title":"should merge general and override settings"},{"ancestorTitles":["DxfSettingsStore","Effective Settings Computation"],"duration":6,"failing":false,"failureDetails":[],"failureMessages":[],"fullName":"DxfSettingsStore Effective Settings Computation should detect entity overrides","invocations":1,"location":null,"numPassingAsserts":2,"retryReasons":[],"startAt":1768084862764,"status":"passed","title":"should detect entity overrides"},{"ancestorTitles":["DxfSettingsStore","Selection Management"],"duration":6,"failing":false,"failureDetails":[],"failureMessages":[],"fullName":"DxfSettingsStore Selection Management should manage selection state","invocations":1,"location":null,"numPassingAsserts":3,"retryReasons":[],"startAt":1768084862770,"status":"passed","title":"should manage selection state"},{"ancestorTitles":["DxfSettingsStore","Selection Management"],"duration":7,"failing":false,"failureDetails":[],"failureMessages":[],"fullName":"DxfSettingsStore Selection Management should not add duplicate selections","invocations":1,"location":null,"numPassingAsserts":1,"retryReasons":[],"startAt":1768084862776,"status":"passed","title":"should not add duplicate selections"},{"ancestorTitles":["DxfSettingsStore","Persistence"],"duration":7,"failing":false,"failureDetails":[],"failureMessages":[],"fullName":"DxfSettingsStore Persistence should save to localStorage","invocations":1,"location":null,"numPassingAsserts":1,"retryReasons":[],"startAt":1768084862783,"status":"passed","title":"should save to localStorage"},{"ancestorTitles":["DxfSettingsStore","Persistence"],"duration":7,"failing":false,"failureDetails":[],"failureMessages":[],"fullName":"DxfSettingsStore Persistence should load from localStorage","invocations":1,"location":null,"numPassingAsserts":3,"retryReasons":[],"startAt":1768084862791,"status":"passed","title":"should load from localStorage"},{"ancestorTitles":["DxfSettingsStore","Persistence"],"duration":47,"failing":false,"failureDetails":[{"matcherResult":{"actual":{"line":{"enabled":true,"lineType":"solid","lineWidth":1,"color":"#FFFFFF","opacity":1,"dashScale":1,"dashOffset":0,"lineCap":"butt","lineJoin":"miter","breakAtCenter":false,"hoverColor":"#ffff00","hoverType":"solid","hoverWidth":1,"hoverOpacity":0.8,"finalColor":"#00ff00","finalType":"solid","finalWidth":1,"finalOpacity":1,"activeTemplate":null},"text":{"enabled":true,"fontFamily":"Arial","fontSize":14,"fontWeight":400,"fontStyle":"normal","color":"#FFFFFF","opacity":1,"letterSpacing":0,"lineHeight":1.2,"textAlign":"left","textBaseline":"alphabetic","isBold":false,"isItalic":false,"isUnderline":false,"isStrikethrough":false,"isSuperscript":false,"isSubscript":false,"shadowEnabled":false,"shadowOffsetX":0,"shadowOffsetY":0,"shadowBlur":0,"shadowColor":"#000000","strokeEnabled":false,"strokeWidth":1,"strokeColor":"#000000","backgroundEnabled":false,"backgroundColor":"#000000","backgroundPadding":4,"activeTemplate":null},"grip":{"enabled":true,"gripSize":7,"pickBoxSize":3,"apertureSize":10,"opacity":1,"colors":{"cold":"#0000ff","warm":"#ff00ff","hot":"#ff0000","contour":"#000000"},"showAperture":true,"multiGripEdit":true,"snapToGrips":true,"showMidpoints":true,"showCenters":true,"showQuadrants":true,"maxGripsPerEntity":50,"showGrips":true},"cursor":{"enabled":true,"crosshairSize":25,"crosshairColor":"#FFFFFF","cursorSize":5,"cursorColor":"#00ff00"},"grid":{"enabled":true,"spacing":10,"majorLineInterval":5,"color":"#888888","majorColor":"#bbbbbb","opacity":0.5,"style":"lines"},"ruler":{"enabled":true,"unit":"mm","fontSize":10,"textColor":"#FFFFFF","backgroundColor":"#333333"}},"expected":{"line":{"enabled":true,"lineType":"solid","lineWidth":1,"color":"#FFFFFF","opacity":1,"dashScale":1,"dashOffset":0,"lineCap":"butt","lineJoin":"miter","breakAtCenter":false,"hoverColor":"#ffff00","hoverType":"solid","hoverWidth":1,"hoverOpacity":0.8,"finalColor":"#00ff00","finalType":"solid","finalWidth":1,"finalOpacity":1,"activeTemplate":null},"text":{"enabled":true,"fontFamily":"Arial","fontSize":14,"fontWeight":400,"fontStyle":"normal","color":"#FFFFFF","opacity":1,"letterSpacing":0,"lineHeight":1.2,"textAlign":"left","textBaseline":"alphabetic","isBold":false,"isItalic":false,"isUnderline":false,"isStrikethrough":false,"isSuperscript":false,"isSubscript":false,"shadowEnabled":false,"shadowOffsetX":0,"shadowOffsetY":0,"shadowBlur":0,"shadowColor":"#000000","strokeEnabled":false,"strokeWidth":1,"strokeColor":"#000000","backgroundEnabled":false,"backgroundColor":"#000000","backgroundPadding":4,"activeTemplate":null},"grip":{"enabled":true,"gripSize":7,"pickBoxSize":3,"apertureSize":10,"opacity":1,"colors":{"cold":"#0000ff","warm":"#ff00ff","hot":"#ff0000","contour":"#000000"},"showAperture":true,"multiGripEdit":true,"snapToGrips":true,"showMidpoints":true,"showCenters":true,"showQuadrants":true,"maxGripsPerEntity":50,"showGrips":true}},"message":"expect(received).toEqual(expected) // deep equality\n\n- Expected  -  0\n+ Received  + 23\n\n@@ -1,6 +1,22 @@\n  Object {\n+   \"cursor\": Object {\n+     \"crosshairColor\": \"#FFFFFF\",\n+     \"crosshairSize\": 25,\n+     \"cursorColor\": \"#00ff00\",\n+     \"cursorSize\": 5,\n+     \"enabled\": true,\n+   },\n+   \"grid\": Object {\n+     \"color\": \"#888888\",\n+     \"enabled\": true,\n+     \"majorColor\": \"#bbbbbb\",\n+     \"majorLineInterval\": 5,\n+     \"opacity\": 0.5,\n+     \"spacing\": 10,\n+     \"style\": \"lines\",\n+   },\n    \"grip\": Object {\n      \"apertureSize\": 10,\n      \"colors\": Object {\n        \"cold\": \"#0000ff\",\n        \"contour\": \"#000000\",\n@@ -38,10 +54,17 @@\n      \"lineCap\": \"butt\",\n      \"lineJoin\": \"miter\",\n      \"lineType\": \"solid\",\n      \"lineWidth\": 1,\n      \"opacity\": 1,\n+   },\n+   \"ruler\": Object {\n+     \"backgroundColor\": \"#333333\",\n+     \"enabled\": true,\n+     \"fontSize\": 10,\n+     \"textColor\": \"#FFFFFF\",\n+     \"unit\": \"mm\",\n    },\n    \"text\": Object {\n      \"activeTemplate\": null,\n      \"backgroundColor\": \"#000000\",\n      \"backgroundEnabled\": false,","name":"toEqual","pass":false}}],"failureMessages":["Error: expect(received).toEqual(expected) // deep equality\n\n- Expected  -  0\n+ Received  + 23\n\n@@ -1,6 +1,22 @@\n  Object {\n+   \"cursor\": Object {\n+     \"crosshairColor\": \"#FFFFFF\",\n+     \"crosshairSize\": 25,\n+     \"cursorColor\": \"#00ff00\",\n+     \"cursorSize\": 5,\n+     \"enabled\": true,\n+   },\n+   \"grid\": Object {\n+     \"color\": \"#888888\",\n+     \"enabled\": true,\n+     \"majorColor\": \"#bbbbbb\",\n+     \"majorLineInterval\": 5,\n+     \"opacity\": 0.5,\n+     \"spacing\": 10,\n+     \"style\": \"lines\",\n+   },\n    \"grip\": Object {\n      \"apertureSize\": 10,\n      \"colors\": Object {\n        \"cold\": \"#0000ff\",\n        \"contour\": \"#000000\",\n@@ -38,10 +54,17 @@\n      \"lineCap\": \"butt\",\n      \"lineJoin\": \"miter\",\n      \"lineType\": \"solid\",\n      \"lineWidth\": 1,\n      \"opacity\": 1,\n+   },\n+   \"ruler\": Object {\n+     \"backgroundColor\": \"#333333\",\n+     \"enabled\": true,\n+     \"fontSize\": 10,\n+     \"textColor\": \"#FFFFFF\",\n+     \"unit\": \"mm\",\n    },\n    \"text\": Object {\n      \"activeTemplate\": null,\n      \"backgroundColor\": \"#000000\",\n      \"backgroundEnabled\": false,\n    at Object.toEqual (C:\\Nestor_Pagonis\\src\\subapps\\dxf-viewer\\stores\\__tests__\\DxfSettingsStore.test.ts:303:38)\n    at Promise.finally.completed (C:\\Nestor_Pagonis\\node_modules\\.pnpm\\jest-circus@30.2.0\\node_modules\\jest-circus\\build\\jestAdapterInit.js:1557:28)\n    at new Promise (<anonymous>)\n    at callAsyncCircusFn (C:\\Nestor_Pagonis\\node_modules\\.pnpm\\jest-circus@30.2.0\\node_modules\\jest-circus\\build\\jestAdapterInit.js:1497:10)\n    at _callCircusTest (C:\\Nestor_Pagonis\\node_modules\\.pnpm\\jest-circus@30.2.0\\node_modules\\jest-circus\\build\\jestAdapterInit.js:1007:40)\n    at _runTest (C:\\Nestor_Pagonis\\node_modules\\.pnpm\\jest-circus@30.2.0\\node_modules\\jest-circus\\build\\jestAdapterInit.js:947:3)\n    at C:\\Nestor_Pagonis\\node_modules\\.pnpm\\jest-circus@30.2.0\\node_modules\\jest-circus\\build\\jestAdapterInit.js:849:7\n    at _runTestsForDescribeBlock (C:\\Nestor_Pagonis\\node_modules\\.pnpm\\jest-circus@30.2.0\\node_modules\\jest-circus\\build\\jestAdapterInit.js:862:11)\n    at _runTestsForDescribeBlock (C:\\Nestor_Pagonis\\node_modules\\.pnpm\\jest-circus@30.2.0\\node_modules\\jest-circus\\build\\jestAdapterInit.js:857:11)\n    at _runTestsForDescribeBlock (C:\\Nestor_Pagonis\\node_modules\\.pnpm\\jest-circus@30.2.0\\node_modules\\jest-circus\\build\\jestAdapterInit.js:857:11)\n    at run (C:\\Nestor_Pagonis\\node_modules\\.pnpm\\jest-circus@30.2.0\\node_modules\\jest-circus\\build\\jestAdapterInit.js:761:3)\n    at runAndTransformResultsToJestFormat (C:\\Nestor_Pagonis\\node_modules\\.pnpm\\jest-circus@30.2.0\\node_modules\\jest-circus\\build\\jestAdapterInit.js:1918:21)\n    at jestAdapter (C:\\Nestor_Pagonis\\node_modules\\.pnpm\\jest-circus@30.2.0\\node_modules\\jest-circus\\build\\runner.js:101:19)\n    at runTestInternal (C:\\Nestor_Pagonis\\node_modules\\.pnpm\\jest-runner@30.2.0\\node_modules\\jest-runner\\build\\index.js:275:16)\n    at runTest (C:\\Nestor_Pagonis\\node_modules\\.pnpm\\jest-runner@30.2.0\\node_modules\\jest-runner\\build\\index.js:343:7)"],"fullName":"DxfSettingsStore Persistence should handle corrupted localStorage data","invocations":1,"location":null,"numPassingAsserts":0,"retryReasons":[],"startAt":1768084862798,"status":"failed","title":"should handle corrupted localStorage data"}],"endTime":1768084862891,"message":"  ● DxfSettingsStore › General Settings Management › should reset to defaults\n\n    expect(received).toEqual(expected) // deep equality\n\n    - Expected  -  0\n    + Received  + 23\n\n    @@ -1,6 +1,22 @@\n      Object {\n    +   \"cursor\": Object {\n    +     \"crosshairColor\": \"#FFFFFF\",\n    +     \"crosshairSize\": 25,\n    +     \"cursorColor\": \"#00ff00\",\n    +     \"cursorSize\": 5,\n    +     \"enabled\": true,\n    +   },\n    +   \"grid\": Object {\n    +     \"color\": \"#888888\",\n    +     \"enabled\": true,\n    +     \"majorColor\": \"#bbbbbb\",\n    +     \"majorLineInterval\": 5,\n    +     \"opacity\": 0.5,\n    +     \"spacing\": 10,\n    +     \"style\": \"lines\",\n    +   },\n        \"grip\": Object {\n          \"apertureSize\": 10,\n          \"colors\": Object {\n            \"cold\": \"#0000ff\",\n            \"contour\": \"#000000\",\n    @@ -38,10 +54,17 @@\n          \"lineCap\": \"butt\",\n          \"lineJoin\": \"miter\",\n          \"lineType\": \"solid\",\n          \"lineWidth\": 1,\n          \"opacity\": 1,\n    +   },\n    +   \"ruler\": Object {\n    +     \"backgroundColor\": \"#333333\",\n    +     \"enabled\": true,\n    +     \"fontSize\": 10,\n    +     \"textColor\": \"#FFFFFF\",\n    +     \"unit\": \"mm\",\n        },\n        \"text\": Object {\n          \"activeTemplate\": null,\n          \"backgroundColor\": \"#000000\",\n          \"backgroundEnabled\": false,\n\n    \u001b[0m \u001b[90m 75 |\u001b[39m       })\u001b[33m;\u001b[39m\n     \u001b[90m 76 |\u001b[39m\n    \u001b[31m\u001b[1m>\u001b[22m\u001b[39m\u001b[90m 77 |\u001b[39m       expect(result\u001b[33m.\u001b[39mcurrent\u001b[33m.\u001b[39mgeneral)\u001b[33m.\u001b[39mtoEqual({\n     \u001b[90m    |\u001b[39m                                      \u001b[31m\u001b[1m^\u001b[22m\u001b[39m\n     \u001b[90m 78 |\u001b[39m         line\u001b[33m:\u001b[39m \u001b[33mDEFAULT_LINE_SETTINGS\u001b[39m\u001b[33m,\u001b[39m\n     \u001b[90m 79 |\u001b[39m         text\u001b[33m:\u001b[39m \u001b[33mDEFAULT_TEXT_SETTINGS\u001b[39m\u001b[33m,\u001b[39m\n     \u001b[90m 80 |\u001b[39m         grip\u001b[33m:\u001b[39m \u001b[33mDEFAULT_GRIP_SETTINGS\u001b[39m\u001b[0m\n\n      at Object.toEqual (src/subapps/dxf-viewer/stores/__tests__/DxfSettingsStore.test.ts:77:38)\n\n  ● DxfSettingsStore › Effective Settings Computation › should compute effective settings without overrides\n\n    expect(received).toEqual(expected) // deep equality\n\n    - Expected  -  0\n    + Received  + 23\n\n    @@ -1,6 +1,22 @@\n      Object {\n    +   \"cursor\": Object {\n    +     \"crosshairColor\": \"#FFFFFF\",\n    +     \"crosshairSize\": 25,\n    +     \"cursorColor\": \"#00ff00\",\n    +     \"cursorSize\": 5,\n    +     \"enabled\": true,\n    +   },\n    +   \"grid\": Object {\n    +     \"color\": \"#888888\",\n    +     \"enabled\": true,\n    +     \"majorColor\": \"#bbbbbb\",\n    +     \"majorLineInterval\": 5,\n    +     \"opacity\": 0.5,\n    +     \"spacing\": 10,\n    +     \"style\": \"lines\",\n    +   },\n        \"grip\": Object {\n          \"apertureSize\": 10,\n          \"colors\": Object {\n            \"cold\": \"#0000ff\",\n            \"contour\": \"#000000\",\n    @@ -38,10 +54,17 @@\n          \"lineCap\": \"butt\",\n          \"lineJoin\": \"miter\",\n          \"lineType\": \"solid\",\n          \"lineWidth\": 1,\n          \"opacity\": 1,\n    +   },\n    +   \"ruler\": Object {\n    +     \"backgroundColor\": \"#333333\",\n    +     \"enabled\": true,\n    +     \"fontSize\": 10,\n    +     \"textColor\": \"#FFFFFF\",\n    +     \"unit\": \"mm\",\n        },\n        \"text\": Object {\n          \"activeTemplate\": null,\n          \"backgroundColor\": \"#000000\",\n          \"backgroundEnabled\": false,\n\n    \u001b[0m \u001b[90m 165 |\u001b[39m       \u001b[36mconst\u001b[39m effective \u001b[33m=\u001b[39m result\u001b[33m.\u001b[39mcurrent\u001b[33m.\u001b[39mgetEffective(entityId)\u001b[33m;\u001b[39m\n     \u001b[90m 166 |\u001b[39m\n    \u001b[31m\u001b[1m>\u001b[22m\u001b[39m\u001b[90m 167 |\u001b[39m       expect(effective)\u001b[33m.\u001b[39mtoEqual({\n     \u001b[90m     |\u001b[39m                         \u001b[31m\u001b[1m^\u001b[22m\u001b[39m\n     \u001b[90m 168 |\u001b[39m         line\u001b[33m:\u001b[39m \u001b[33mDEFAULT_LINE_SETTINGS\u001b[39m\u001b[33m,\u001b[39m\n     \u001b[90m 169 |\u001b[39m         text\u001b[33m:\u001b[39m \u001b[33mDEFAULT_TEXT_SETTINGS\u001b[39m\u001b[33m,\u001b[39m\n     \u001b[90m 170 |\u001b[39m         grip\u001b[33m:\u001b[39m \u001b[33mDEFAULT_GRIP_SETTINGS\u001b[39m\u001b[0m\n\n      at Object.toEqual (src/subapps/dxf-viewer/stores/__tests__/DxfSettingsStore.test.ts:167:25)\n\n  ● DxfSettingsStore › Persistence › should handle corrupted localStorage data\n\n    expect(received).toEqual(expected) // deep equality\n\n    - Expected  -  0\n    + Received  + 23\n\n    @@ -1,6 +1,22 @@\n      Object {\n    +   \"cursor\": Object {\n    +     \"crosshairColor\": \"#FFFFFF\",\n    +     \"crosshairSize\": 25,\n    +     \"cursorColor\": \"#00ff00\",\n    +     \"cursorSize\": 5,\n    +     \"enabled\": true,\n    +   },\n    +   \"grid\": Object {\n    +     \"color\": \"#888888\",\n    +     \"enabled\": true,\n    +     \"majorColor\": \"#bbbbbb\",\n    +     \"majorLineInterval\": 5,\n    +     \"opacity\": 0.5,\n    +     \"spacing\": 10,\n    +     \"style\": \"lines\",\n    +   },\n        \"grip\": Object {\n          \"apertureSize\": 10,\n          \"colors\": Object {\n            \"cold\": \"#0000ff\",\n            \"contour\": \"#000000\",\n    @@ -38,10 +54,17 @@\n          \"lineCap\": \"butt\",\n          \"lineJoin\": \"miter\",\n          \"lineType\": \"solid\",\n          \"lineWidth\": 1,\n          \"opacity\": 1,\n    +   },\n    +   \"ruler\": Object {\n    +     \"backgroundColor\": \"#333333\",\n    +     \"enabled\": true,\n    +     \"fontSize\": 10,\n    +     \"textColor\": \"#FFFFFF\",\n    +     \"unit\": \"mm\",\n        },\n        \"text\": Object {\n          \"activeTemplate\": null,\n          \"backgroundColor\": \"#000000\",\n          \"backgroundEnabled\": false,\n\n    \u001b[0m \u001b[90m 301 |\u001b[39m\n     \u001b[90m 302 |\u001b[39m       \u001b[90m// Should use defaults on error\u001b[39m\n    \u001b[31m\u001b[1m>\u001b[22m\u001b[39m\u001b[90m 303 |\u001b[39m       expect(result\u001b[33m.\u001b[39mcurrent\u001b[33m.\u001b[39mgeneral)\u001b[33m.\u001b[39mtoEqual({\n     \u001b[90m     |\u001b[39m                                      \u001b[31m\u001b[1m^\u001b[22m\u001b[39m\n     \u001b[90m 304 |\u001b[39m         line\u001b[33m:\u001b[39m \u001b[33mDEFAULT_LINE_SETTINGS\u001b[39m\u001b[33m,\u001b[39m\n     \u001b[90m 305 |\u001b[39m         text\u001b[33m:\u001b[39m \u001b[33mDEFAULT_TEXT_SETTINGS\u001b[39m\u001b[33m,\u001b[39m\n     \u001b[90m 306 |\u001b[39m         grip\u001b[33m:\u001b[39m \u001b[33mDEFAULT_GRIP_SETTINGS\u001b[39m\u001b[0m\n\n      at Object.toEqual (src/subapps/dxf-viewer/stores/__tests__/DxfSettingsStore.test.ts:303:38)\n","name":"C:\\Nestor_Pagonis\\src\\subapps\\dxf-viewer\\stores\\__tests__\\DxfSettingsStore.test.ts","startTime":1768084861484,"status":"failed","summary":""},{"assertionResults":[{"ancestorTitles":["🏗️ CSS Variables Foundation"],"duration":61,"failing":false,"failureDetails":[],"failureMessages":[],"fullName":"🏗️ CSS Variables Foundation ✅ CSS variables are properly defined in root","invocations":1,"location":null,"numPassingAsserts":14,"retryReasons":[],"startAt":1768084863429,"status":"passed","title":"✅ CSS variables are properly defined in root"},{"ancestorTitles":["🏗️ CSS Variables Foundation"],"duration":11,"failing":false,"failureDetails":[{"matcherResult":{"actual":"hsl(var(--bg-primary))","expected":"hsl(var(--bg-primary))","message":"expect(received).not.toBe(expected) // Object.is equality\n\nExpected: not \"hsl(var(--bg-primary))\"","name":"toBe","pass":true}}],"failureMessages":["Error: expect(received).not.toBe(expected) // Object.is equality\n\nExpected: not \"hsl(var(--bg-primary))\"\n    at Object.toBe (C:\\Nestor_Pagonis\\src\\hooks\\__tests__\\background-centralization.test.ts:75:27)\n    at Promise.finally.completed (C:\\Nestor_Pagonis\\node_modules\\.pnpm\\jest-circus@30.2.0\\node_modules\\jest-circus\\build\\jestAdapterInit.js:1557:28)\n    at new Promise (<anonymous>)\n    at callAsyncCircusFn (C:\\Nestor_Pagonis\\node_modules\\.pnpm\\jest-circus@30.2.0\\node_modules\\jest-circus\\build\\jestAdapterInit.js:1497:10)\n    at _callCircusTest (C:\\Nestor_Pagonis\\node_modules\\.pnpm\\jest-circus@30.2.0\\node_modules\\jest-circus\\build\\jestAdapterInit.js:1007:40)\n    at _runTest (C:\\Nestor_Pagonis\\node_modules\\.pnpm\\jest-circus@30.2.0\\node_modules\\jest-circus\\build\\jestAdapterInit.js:947:3)\n    at C:\\Nestor_Pagonis\\node_modules\\.pnpm\\jest-circus@30.2.0\\node_modules\\jest-circus\\build\\jestAdapterInit.js:849:7\n    at _runTestsForDescribeBlock (C:\\Nestor_Pagonis\\node_modules\\.pnpm\\jest-circus@30.2.0\\node_modules\\jest-circus\\build\\jestAdapterInit.js:862:11)\n    at _runTestsForDescribeBlock (C:\\Nestor_Pagonis\\node_modules\\.pnpm\\jest-circus@30.2.0\\node_modules\\jest-circus\\build\\jestAdapterInit.js:857:11)\n    at run (C:\\Nestor_Pagonis\\node_modules\\.pnpm\\jest-circus@30.2.0\\node_modules\\jest-circus\\build\\jestAdapterInit.js:761:3)\n    at runAndTransformResultsToJestFormat (C:\\Nestor_Pagonis\\node_modules\\.pnpm\\jest-circus@30.2.0\\node_modules\\jest-circus\\build\\jestAdapterInit.js:1918:21)\n    at jestAdapter (C:\\Nestor_Pagonis\\node_modules\\.pnpm\\jest-circus@30.2.0\\node_modules\\jest-circus\\build\\runner.js:101:19)\n    at runTestInternal (C:\\Nestor_Pagonis\\node_modules\\.pnpm\\jest-runner@30.2.0\\node_modules\\jest-runner\\build\\index.js:275:16)\n    at runTest (C:\\Nestor_Pagonis\\node_modules\\.pnpm\\jest-runner@30.2.0\\node_modules\\jest-runner\\build\\index.js:343:7)"],"fullName":"🏗️ CSS Variables Foundation 🏢 PHASE 1.3 VALIDATION: Global override capability proof","invocations":1,"location":null,"numPassingAsserts":0,"retryReasons":[],"startAt":1768084863491,"status":"failed","title":"🏢 PHASE 1.3 VALIDATION: Global override capability proof"},{"ancestorTitles":["🏗️ CSS Variables Foundation"],"duration":2,"failing":false,"failureDetails":[{"matcherResult":{"message":"expect(received).toMatch(expected)\n\nExpected pattern: /^\\d{1,3}\\s+\\d{1,3}%\\s+\\d{1,3}%$/\nReceived string:  \"\"","pass":false}}],"failureMessages":["Error: expect(received).toMatch(expected)\n\nExpected pattern: /^\\d{1,3}\\s+\\d{1,3}%\\s+\\d{1,3}%$/\nReceived string:  \"\"\n    at Object.toMatch (C:\\Nestor_Pagonis\\src\\hooks\\__tests__\\background-centralization.test.ts:90:23)\n    at Promise.finally.completed (C:\\Nestor_Pagonis\\node_modules\\.pnpm\\jest-circus@30.2.0\\node_modules\\jest-circus\\build\\jestAdapterInit.js:1557:28)\n    at new Promise (<anonymous>)\n    at callAsyncCircusFn (C:\\Nestor_Pagonis\\node_modules\\.pnpm\\jest-circus@30.2.0\\node_modules\\jest-circus\\build\\jestAdapterInit.js:1497:10)\n    at _callCircusTest (C:\\Nestor_Pagonis\\node_modules\\.pnpm\\jest-circus@30.2.0\\node_modules\\jest-circus\\build\\jestAdapterInit.js:1007:40)\n    at _runTest (C:\\Nestor_Pagonis\\node_modules\\.pnpm\\jest-circus@30.2.0\\node_modules\\jest-circus\\build\\jestAdapterInit.js:947:3)\n    at C:\\Nestor_Pagonis\\node_modules\\.pnpm\\jest-circus@30.2.0\\node_modules\\jest-circus\\build\\jestAdapterInit.js:849:7\n    at _runTestsForDescribeBlock (C:\\Nestor_Pagonis\\node_modules\\.pnpm\\jest-circus@30.2.0\\node_modules\\jest-circus\\build\\jestAdapterInit.js:862:11)\n    at _runTestsForDescribeBlock (C:\\Nestor_Pagonis\\node_modules\\.pnpm\\jest-circus@30.2.0\\node_modules\\jest-circus\\build\\jestAdapterInit.js:857:11)\n    at run (C:\\Nestor_Pagonis\\node_modules\\.pnpm\\jest-circus@30.2.0\\node_modules\\jest-circus\\build\\jestAdapterInit.js:761:3)\n    at runAndTransformResultsToJestFormat (C:\\Nestor_Pagonis\\node_modules\\.pnpm\\jest-circus@30.2.0\\node_modules\\jest-circus\\build\\jestAdapterInit.js:1918:21)\n    at jestAdapter (C:\\Nestor_Pagonis\\node_modules\\.pnpm\\jest-circus@30.2.0\\node_modules\\jest-circus\\build\\runner.js:101:19)\n    at runTestInternal (C:\\Nestor_Pagonis\\node_modules\\.pnpm\\jest-runner@30.2.0\\node_modules\\jest-runner\\build\\index.js:275:16)\n    at runTest (C:\\Nestor_Pagonis\\node_modules\\.pnpm\\jest-runner@30.2.0\\node_modules\\jest-runner\\build\\index.js:343:7)"],"fullName":"🏗️ CSS Variables Foundation 🎨 CSS variables produce valid HSL colors","invocations":1,"location":null,"numPassingAsserts":0,"retryReasons":[],"startAt":1768084863515,"status":"failed","title":"🎨 CSS variables produce valid HSL colors"},{"ancestorTitles":["🏗️ CSS Variables Foundation"],"duration":5,"failing":false,"failureDetails":[],"failureMessages":[],"fullName":"🏗️ CSS Variables Foundation 🌙 Dark mode variables are defined","invocations":1,"location":null,"numPassingAsserts":2,"retryReasons":[],"startAt":1768084863518,"status":"passed","title":"🌙 Dark mode variables are defined"},{"ancestorTitles":["🔗 useSemanticColors Integration"],"duration":23,"failing":false,"failureDetails":[{"matcherResult":{"actual":"bg-background","expected":"bg-[hsl(var(--bg-primary))]","message":"expect(received).toBe(expected) // Object.is equality\n\nExpected: \"bg-[hsl(var(--bg-primary))]\"\nReceived: \"bg-background\"","name":"toBe","pass":false}}],"failureMessages":["Error: expect(received).toBe(expected) // Object.is equality\n\nExpected: \"bg-[hsl(var(--bg-primary))]\"\nReceived: \"bg-background\"\n    at Object.toBe (C:\\Nestor_Pagonis\\src\\hooks\\__tests__\\background-centralization.test.ts:123:39)\n    at Promise.finally.completed (C:\\Nestor_
[...]
Integration should handle concurrent updates","invocations":1,"location":null,"numPassingAsserts":3,"retryReasons":[],"startAt":1768084915796,"status":"passed","title":"should handle concurrent updates"},{"ancestorTitles":["Optimistic Updates Integration"],"duration":21,"failing":false,"failureDetails":[],"failureMessages":[],"fullName":"Optimistic Updates Integration should handle async operations","invocations":1,"location":null,"numPassingAsserts":1,"retryReasons":[],"startAt":1768084915799,"status":"passed","title":"should handle async operations"}],"endTime":1768084915824,"message":"","name":"C:\\Nestor_Pagonis\\src\\services\\entity-linking\\__tests__\\optimistic.test.ts","startTime":1768084915182,"status":"passed","summary":""},{"assertionResults":[{"ancestorTitles":["📊 Visual Regression Metrics & Telemetry"],"duration":36,"failing":false,"failureDetails":[],"failureMessages":[],"fullName":"📊 Visual Regression Metrics & Telemetry logs visual quality thresholds","invocations":1,"location":null,"numPassingAsserts":5,"retryReasons":[],"startAt":1768084916182,"status":"passed","title":"logs visual quality thresholds"},{"ancestorTitles":["📊 Visual Regression Metrics & Telemetry"],"duration":28,"failing":false,"failureDetails":[],"failureMessages":[],"fullName":"📊 Visual Regression Metrics & Telemetry logs performance metrics","invocations":1,"location":null,"numPassingAsserts":3,"retryReasons":[],"startAt":1768084916219,"status":"passed","title":"logs performance metrics"},{"ancestorTitles":["📊 Visual Regression Metrics & Telemetry"],"duration":32,"failing":false,"failureDetails":[],"failureMessages":[],"fullName":"📊 Visual Regression Metrics & Telemetry logs cross-browser consistency metrics","invocations":1,"location":null,"numPassingAsserts":4,"retryReasons":[],"startAt":1768084916247,"status":"passed","title":"logs cross-browser consistency metrics"},{"ancestorTitles":["📊 Visual Regression Metrics & Telemetry"],"duration":28,"failing":false,"failureDetails":[],"failureMessages":[],"fullName":"📊 Visual Regression Metrics & Telemetry generates comprehensive metrics report","invocations":1,"location":null,"numPassingAsserts":4,"retryReasons":[],"startAt":1768084916279,"status":"passed","title":"generates comprehensive metrics report"},{"ancestorTitles":["📊 Visual Regression Metrics & Telemetry"],"duration":29,"failing":false,"failureDetails":[],"failureMessages":[],"fullName":"📊 Visual Regression Metrics & Telemetry validates metrics schema and data quality","invocations":1,"location":null,"numPassingAsserts":12,"retryReasons":[],"startAt":1768084916308,"status":"passed","title":"validates metrics schema and data quality"},{"ancestorTitles":["📈 Metrics Analysis & Trending"],"duration":91,"failing":false,"failureDetails":[],"failureMessages":[],"fullName":"📈 Metrics Analysis & Trending detects quality regressions","invocations":1,"location":null,"numPassingAsserts":1,"retryReasons":[],"startAt":1768084916338,"status":"passed","title":"detects quality regressions"},{"ancestorTitles":["📈 Metrics Analysis & Trending"],"duration":27,"failing":false,"failureDetails":[],"failureMessages":[],"fullName":"📈 Metrics Analysis & Trending tracks performance trends","invocations":1,"location":null,"numPassingAsserts":1,"retryReasons":[],"startAt":1768084916429,"status":"passed","title":"tracks performance trends"}],"endTime":1768084916459,"message":"","name":"C:\\Nestor_Pagonis\\src\\subapps\\dxf-viewer\\__tests__\\visual-metrics.test.ts","startTime":1768084915931,"status":"passed","summary":""},{"assertionResults":[{"ancestorTitles":["Cache Key Builders","buildAvailableEntitiesKey"],"duration":3,"failing":false,"failureDetails":[],"failureMessages":[],"fullName":"Cache Key Builders buildAvailableEntitiesKey should build key without parent ID","invocations":1,"location":null,"numPassingAsserts":1,"retryReasons":[],"startAt":1768084916830,"status":"passed","title":"should build key without parent ID"},{"ancestorTitles":["Cache Key Builders","buildAvailableEntitiesKey"],"duration":1,"failing":false,"failureDetails":[],"failureMessages":[],"fullName":"Cache Key Builders buildAvailableEntitiesKey should build key with parent ID","invocations":1,"location":null,"numPassingAsserts":1,"retryReasons":[],"startAt":1768084916834,"status":"passed","title":"should build key with parent ID"},{"ancestorTitles":["Cache Key Builders","buildLinkedEntitiesKey"],"duration":2,"failing":false,"failureDetails":[],"failureMessages":[],"fullName":"Cache Key Builders buildLinkedEntitiesKey should build correct key","invocations":1,"location":null,"numPassingAsserts":1,"retryReasons":[],"startAt":1768084916835,"status":"passed","title":"should build correct key"},{"ancestorTitles":["Cache Key Builders","buildEntityDetailsKey"],"duration":1,"failing":false,"failureDetails":[],"failureMessages":[],"fullName":"Cache Key Builders buildEntityDetailsKey should build correct key","invocations":1,"location":null,"numPassingAsserts":1,"retryReasons":[],"startAt":1768084916837,"status":"passed","title":"should build correct key"},{"ancestorTitles":["Cache Key Builders","buildRelationshipStatusKey"],"duration":1,"failing":false,"failureDetails":[],"failureMessages":[],"fullName":"Cache Key Builders buildRelationshipStatusKey should build correct key","invocations":1,"location":null,"numPassingAsserts":1,"retryReasons":[],"startAt":1768084916839,"status":"passed","title":"should build correct key"},{"ancestorTitles":["TTL Configuration"],"duration":2,"failing":false,"failureDetails":[],"failureMessages":[],"fullName":"TTL Configuration should have shorter TTL for available entities","invocations":1,"location":null,"numPassingAsserts":1,"retryReasons":[],"startAt":1768084916840,"status":"passed","title":"should have shorter TTL for available entities"},{"ancestorTitles":["TTL Configuration"],"duration":1,"failing":false,"failureDetails":[],"failureMessages":[],"fullName":"TTL Configuration should have shortest TTL for relationship status","invocations":1,"location":null,"numPassingAsserts":1,"retryReasons":[],"startAt":1768084916842,"status":"passed","title":"should have shortest TTL for relationship status"},{"ancestorTitles":["TTL Configuration"],"duration":1,"failing":false,"failureDetails":[],"failureMessages":[],"fullName":"TTL Configuration should have all TTL values as positive numbers","invocations":1,"location":null,"numPassingAsserts":4,"retryReasons":[],"startAt":1768084916844,"status":"passed","title":"should have all TTL values as positive numbers"},{"ancestorTitles":["EntityLinkingCache","Available Entities"],"duration":11,"failing":false,"failureDetails":[],"failureMessages":[],"fullName":"EntityLinkingCache Available Entities should return null for cache miss","invocations":1,"location":null,"numPassingAsserts":1,"retryReasons":[],"startAt":1768084916846,"status":"passed","title":"should return null for cache miss"},{"ancestorTitles":["EntityLinkingCache","Available Entities"],"duration":3,"failing":false,"failureDetails":[],"failureMessages":[],"fullName":"EntityLinkingCache Available Entities should cache and retrieve available entities","invocations":1,"location":null,"numPassingAsserts":1,"retryReasons":[],"startAt":1768084916858,"status":"passed","title":"should cache and retrieve available entities"},{"ancestorTitles":["EntityLinkingCache","Available Entities"],"duration":3,"failing":false,"failureDetails":[],"failureMessages":[],"fullName":"EntityLinkingCache Available Entities should cache entities without parent ID","invocations":1,"location":null,"numPassingAsserts":1,"retryReasons":[],"startAt":1768084916861,"status":"passed","title":"should cache entities without parent ID"},{"ancestorTitles":["EntityLinkingCache","Linked Entities"],"duration":2,"failing":false,"failureDetails":[],"failureMessages":[],"fullName":"EntityLinkingCache Linked Entities should return null for cache miss","invocations":1,"location":null,"numPassingAsserts":1,"retryReasons":[],"startAt":1768084916864,"status":"passed","title":"should return null for cache miss"},{"ancestorTitles":["EntityLinkingCache","Linked Entities"],"duration":2,"failing":false,"failureDetails":[],"failureMessages":[],"fullName":"EntityLinkingCache Linked Entities should cache and retrieve linked entities","invocations":1,"location":null,"numPassingAsserts":1,"retryReasons":[],"startAt":1768084916866,"status":"passed","title":"should cache and retrieve linked entities"},{"ancestorTitles":["EntityLinkingCache","Entity Details"],"duration":2,"failing":false,"failureDetails":[],"failureMessages":[],"fullName":"EntityLinkingCache Entity Details should return null for cache miss","invocations":1,"location":null,"numPassingAsserts":1,"retryReasons":[],"startAt":1768084916868,"status":"passed","title":"should return null for cache miss"},{"ancestorTitles":["EntityLinkingCache","Entity Details"],"duration":2,"failing":false,"failureDetails":[],"failureMessages":[],"fullName":"EntityLinkingCache Entity Details should cache and retrieve entity details","invocations":1,"location":null,"numPassingAsserts":1,"retryReasons":[],"startAt":1768084916871,"status":"passed","title":"should cache and retrieve entity details"},{"ancestorTitles":["EntityLinkingCache","Cache Invalidation"],"duration":4,"failing":false,"failureDetails":[],"failureMessages":[],"fullName":"EntityLinkingCache Cache Invalidation should invalidate entity type cache","invocations":1,"location":null,"numPassingAsserts":1,"retryReasons":[],"startAt":1768084916874,"status":"passed","title":"should invalidate entity type cache"},{"ancestorTitles":["EntityLinkingCache","Cache Invalidation"],"duration":3,"failing":false,"failureDetails":[],"failureMessages":[],"fullName":"EntityLinkingCache Cache Invalidation should invalidate on link operation","invocations":1,"location":null,"numPassingAsserts":0,"retryReasons":[],"startAt":1768084916878,"status":"passed","title":"should invalidate on link operation"},{"ancestorTitles":["EntityLinkingCache","Cache Invalidation"],"duration":37,"failing":false,"failureDetails":[],"failureMessages":[],"fullName":"EntityLinkingCache Cache Invalidation should invalidate all cache","invocations":1,"location":null,"numPassingAsserts":1,"retryReasons":[],"startAt":1768084916881,"status":"passed","title":"should invalidate all cache"},{"ancestorTitles":["EntityLinkingCache","getOrFetch"],"duration":4,"failing":false,"failureDetails":[],"failureMessages":[],"fullName":"EntityLinkingCache getOrFetch should return cached data without calling fetch","invocations":1,"location":null,"numPassingAsserts":2,"retryReasons":[],"startAt":1768084916918,"status":"passed","title":"should return cached data without calling fetch"},{"ancestorTitles":["EntityLinkingCache","getOrFetch"],"duration":6,"failing":false,"failureDetails":[],"failureMessages":[],"fullName":"EntityLinkingCache getOrFetch should call fetch on cache miss","invocations":1,"location":null,"numPassingAsserts":2,"retryReasons":[],"startAt":1768084916923,"status":"passed","title":"should call fetch on cache miss"},{"ancestorTitles":["EntityLinkingCache","getOrFetch"],"duration":2,"failing":false,"failureDetails":[],"failureMessages":[],"fullName":"EntityLinkingCache getOrFetch should work with custom TTL","invocations":1,"location":null,"numPassingAsserts":1,"retryReasons":[],"startAt":1768084916930,"status":"passed","title":"should work with custom TTL"},{"ancestorTitles":["EntityLinkingCache","getOrFetchAvailableEntities"],"duration":2,"failing":false,"failureDetails":[],"failureMessages":[],"fullName":"EntityLinkingCache getOrFetchAvailableEntities should fetch and cache available entities","invocations":1,"location":null,"numPassingAsserts":2,"retryReasons":[],"startAt":1768084916933,"status":"passed","title":"should fetch and cache available entities"},{"ancestorTitles":["EntityLinkingCache","Statistics"],"duration":2,"failing":false,"failureDetails":[],"failureMessages":[],"fullName":"EntityLinkingCache Statistics should return cache statistics","invocations":1,"location":null,"numPassingAsserts":4,"retryReasons":[],"startAt":1768084916937,"status":"passed","title":"should return cache statistics"},{"ancestorTitles":["EntityLinkingCache","Statistics"],"duration":2,"failing":false,"failureDetails":[],"failureMessages":[],"fullName":"EntityLinkingCache Statistics should run maintenance without error","invocations":1,"location":null,"numPassingAsserts":1,"retryReasons":[],"startAt":1768084916940,"status":"passed","title":"should run maintenance without error"}],"endTime":1768084916945,"message":"","name":"C:\\Nestor_Pagonis\\src\\services\\entity-linking\\__tests__\\cache.test.ts","startTime":1768084916531,"status":"passed","summary":""},{"assertionResults":[{"ancestorTitles":["Enterprise Search - normalizeSearchText"],"duration":3,"failing":false,"failureDetails":[],"failureMessages":[],"fullName":"Enterprise Search - normalizeSearchText removes Greek diacritics (τόνους)","invocations":1,"location":null,"numPassingAsserts":4,"retryReasons":[],"startAt":1768084917354,"status":"passed","title":"removes Greek diacritics (τόνους)"},{"ancestorTitles":["Enterprise Search - normalizeSearchText"],"duration":1,"failing":false,"failureDetails":[],"failureMessages":[],"fullName":"Enterprise Search - normalizeSearchText normalizes final sigma (ς → σ)","invocations":1,"location":null,"numPassingAsserts":4,"retryReasons":[],"startAt":1768084917359,"status":"passed","title":"normalizes final sigma (ς → σ)"},{"ancestorTitles":["Enterprise Search - normalizeSearchText"],"duration":2,"failing":false,"failureDetails":[],"failureMessages":[],"fullName":"Enterprise Search - normalizeSearchText handles null/undefined safely","invocations":1,"location":null,"numPassingAsserts":4,"retryReasons":[],"startAt":1768084917361,"status":"passed","title":"handles null/undefined safely"},{"ancestorTitles":["Enterprise Search - normalizeSearchText"],"duration":3,"failing":false,"failureDetails":[],"failureMessages":[],"fullName":"Enterprise Search - normalizeSearchText converts numbers to strings","invocations":1,"location":null,"numPassingAsserts":5,"retryReasons":[],"startAt":1768084917363,"status":"passed","title":"converts numbers to strings"},{"ancestorTitles":["Enterprise Search - normalizeSearchText"],"duration":2,"failing":false,"failureDetails":[],"failureMessages":[],"fullName":"Enterprise Search - normalizeSearchText converts booleans to strings","invocations":1,"location":null,"numPassingAsserts":2,"retryReasons":[],"startAt":1768084917366,"status":"passed","title":"converts booleans to strings"},{"ancestorTitles":["Enterprise Search - normalizeSearchText"],"duration":1,"failing":false,"failureDetails":[],"failureMessages":[],"fullName":"Enterprise Search - normalizeSearchText converts dates to ISO strings","invocations":1,"location":null,"numPassingAsserts":1,"retryReasons":[],"startAt":1768084917368,"status":"passed","title":"converts dates to ISO strings"},{"ancestorTitles":["Enterprise Search - normalizeSearchText"],"duration":1,"failing":false,"failureDetails":[],"failureMessages":[],"fullName":"Enterprise Search - normalizeSearchText normalizes whitespace","invocations":1,"location":null,"numPassingAsserts":3,"retryReasons":[],"startAt":1768084917370,"status":"passed","title":"normalizes whitespace"},{"ancestorTitles":["Enterprise Search - normalizeSearchText"],"duration":2,"failing":false,"failureDetails":[],"failureMessages":[],"fullName":"Enterprise Search - normalizeSearchText removes Latin diacritics","invocations":1,"location":null,"numPassingAsserts":3,"retryReasons":[],"startAt":1768084917372,"status":"passed","title":"removes Latin diacritics"},{"ancestorTitles":["Enterprise Search - matchesSearchTerm"],"duration":3,"failing":false,"failureDetails":[],"failureMessages":[],"fullName":"Enterprise Search - matchesSearchTerm matches Greek text ignoring diacritics","invocations":1,"location":null,"numPassingAsserts":5,"retryReasons":[],"startAt":1768084917408,"status":"passed","title":"matches Greek text ignoring diacritics"},{"ancestorTitles":["Enterprise Search - matchesSearchTerm"],"duration":2,"failing":false,"failureDetails":[],"failureMessages":[],"fullName":"Enterprise Search - matchesSearchTerm matches numeric fields with string search","invocations":1,"location":null,"numPassingAsserts":3,"retryReasons":[],"startAt":1768084917411,"status":"passed","title":"matches numeric fields with string search"},{"ancestorTitles":["Enterprise Search - matchesSearchTerm"],"duration":9,"failing":false,"failureDetails":[],"failureMessages":[],"fullName":"Enterprise Search - matchesSearchTerm empty search term matches everything","invocations":1,"location":null,"numPassingAsserts":3,"retryReasons":[],"startAt":1768084917413,"status":"passed","title":"empty search term matches everything"},{"ancestorTitles":["Enterprise Search - matchesSearchTerm"],"duration":2,"failing":false,"failureDetails":[],"failureMessages":[],"fullName":"Enterprise Search - matchesSearchTerm handles null/undefined fields safely","invocations":1,"location":null,"numPassingAsserts":3,"retryReasons":[],"startAt":1768084917423,"status":"passed","title":"handles null/undefined fields safely"},{"ancestorTitles":["Enterprise Search - matchesSearchTerm"],"duration":2,"failing":false,"failureDetails":[],"failureMessages":[],"fullName":"Enterprise Search - matchesSearchTerm handles mixed field types correctly","invocations":1,"location":null,"numPassingAsserts":5,"retryReasons":[],"startAt":1768084917425,"status":"passed","title":"handles mixed field types correctly"},{"ancestorTitles":["Enterprise Search - matchesSearchTerm"],"duration":2,"failing":false,"failureDetails":[],"failureMessages":[],"fullName":"Enterprise Search - matchesSearchTerm returns false when no fields match","invocations":1,"location":null,"numPassingAsserts":2,"retryReasons":[],"startAt":1768084917427,"status":"passed","title":"returns false when no fields match"},{"ancestorTitles":["Enterprise Search - matchesSearchTerm"],"duration":2,"failing":false,"failureDetails":[],"failureMessages":[],"fullName":"Enterprise Search - matchesSearchTerm supports partial matching within fields","invocations":1,"location":null,"numPassingAsserts":3,"retryReasons":[],"startAt":1768084917430,"status":"passed","title":"supports partial matching within fields"},{"ancestorTitles":["Enterprise Search - matchesSearchTerm"],"duration":15,"failing":false,"failureDetails":[],"failureMessages":[],"fullName":"Enterprise Search - matchesSearchTerm handles flattened arrays correctly","invocations":1,"location":null,"numPassingAsserts":4,"retryReasons":[],"startAt":1768084917432,"status":"passed","title":"handles flattened arrays correctly"},{"ancestorTitles":["Enterprise Search - Edge Cases"],"duration":2,"failing":false,"failureDetails":[],"failureMessages":[],"fullName":"Enterprise Search - Edge Cases very long strings are handled efficiently","invocations":1,"location":null,"numPassingAsserts":2,"retryReasons":[],"startAt":1768084917447,"status":"passed","title":"very long strings are handled efficiently"},{"ancestorTitles":["Enterprise Search - Edge Cases"],"duration":1,"failing":false,"failureDetails":[],"failureMessages":[],"fullName":"Enterprise Search - Edge Cases special characters in search term","invocations":1,"location":null,"numPassingAsserts":3,"retryReasons":[],"startAt":1768084917449,"status":"passed","title":"special characters in search term"},{"ancestorTitles":["Enterprise Search - Edge Cases"],"duration":2,"failing":false,"failureDetails":[],"failureMessages":[],"fullName":"Enterprise Search - Edge Cases unicode emoji handling","invocations":1,"location":null,"numPassingAsserts":2,"retryReasons":[],"startAt":1768084917450,"status":"passed","title":"unicode emoji handling"}],"endTime":1768084917454,"message":"","name":"C:\\Nestor_Pagonis\\src\\lib\\search\\search.test.ts","startTime":1768084917045,"status":"passed","summary":""}],"wasInterrupted":false}
